CRITICAL - 2021-12-10 06:08:55 --> A non-numeric value encountered
#0 /home/u696785263/domains/keyind.in/public_html/haryanvi/app/Helpers/nata_helper.php(85): CodeIgniter\Debug\Exceptions->errorHandler(2, 'A non-numeric v...', '/home/u69678526...', 85, Array)
#1 /home/u696785263/domains/keyind.in/public_html/haryanvi/app/Controllers/Keys.php(277): getPrice(Array, '1', '')
#2 /home/u696785263/domains/keyind.in/public_html/haryanvi/app/Controllers/Keys.php(248): App\Controllers\Keys->generate_action()
#3 /home/u696785263/domains/keyind.in/public_html/haryanvi/vendor/codeigniter4/framework/system/CodeIgniter.php(824): App\Controllers\Keys->generate()
#4 /home/u696785263/domains/keyind.in/public_html/haryanvi/vendor/codeigniter4/framework/system/CodeIgniter.php(410): CodeIgniter\CodeIgniter->runController(Object(App\Controllers\Keys))
#5 /home/u696785263/domains/keyind.in/public_html/haryanvi/vendor/codeigniter4/framework/system/CodeIgniter.php(318): CodeIgniter\CodeIgniter->handleRequest(NULL, Object(Config\Cache), false)
#6 /home/u696785263/domains/keyind.in/public_html/haryanvi/public/index.php(37): CodeIgniter\CodeIgniter->run()
#7 {main}
CRITICAL - 2021-12-10 13:44:59 --> unlink(/home/u696785263/domains/keyind.in/public_html/haryanvi/writable/debugbar/debugbar_1639118651.json): No such file or directory
#0 [internal function]: CodeIgniter\Debug\Exceptions->errorHandler(2, 'unlink(/home/u6...', '/home/u69678526...', 74, Array)
#1 /home/u696785263/domains/keyind.in/public_html/haryanvi/vendor/codeigniter4/framework/system/Debug/Toolbar/Collectors/History.php(74): unlink('/home/u69678526...')
#2 /home/u696785263/domains/keyind.in/public_html/haryanvi/vendor/codeigniter4/framework/system/Debug/Toolbar.php(483): CodeIgniter\Debug\Toolbar\Collectors\History->setFiles(1639118697, 20)
#3 /home/u696785263/domains/keyind.in/public_html/haryanvi/vendor/codeigniter4/framework/system/Debug/Toolbar.php(460): CodeIgniter\Debug\Toolbar->format(Array, 'html')
#4 /home/u696785263/domains/keyind.in/public_html/haryanvi/app/Config/Events.php(52): CodeIgniter\Debug\Toolbar->respond()
#5 /home/u696785263/domains/keyind.in/public_html/haryanvi/vendor/codeigniter4/framework/system/Events/Events.php(149): CodeIgniter\Events\Events::Config\{closure}()
#6 /home/u696785263/domains/keyind.in/public_html/haryanvi/vendor/codeigniter4/framework/system/CodeIgniter.php(300): CodeIgniter\Events\Events::trigger('pre_system')
#7 /home/u696785263/domains/keyind.in/public_html/haryanvi/public/index.php(37): CodeIgniter\CodeIgniter->run()
#8 {main}
CRITICAL - 2021-12-10 13:45:26 --> unlink(/home/u696785263/domains/keyind.in/public_html/haryanvi/writable/debugbar/debugbar_1639118697.json): No such file or directory
#0 [internal function]: CodeIgniter\Debug\Exceptions->errorHandler(2, 'unlink(/home/u6...', '/home/u69678526...', 74, Array)
#1 /home/u696785263/domains/keyind.in/public_html/haryanvi/vendor/codeigniter4/framework/system/Debug/Toolbar/Collectors/History.php(74): unlink('/home/u69678526...')
#2 /home/u696785263/domains/keyind.in/public_html/haryanvi/vendor/codeigniter4/framework/system/Debug/Toolbar.php(483): CodeIgniter\Debug\Toolbar\Collectors\History->setFiles(1639118725, 20)
#3 /home/u696785263/domains/keyind.in/public_html/haryanvi/vendor/codeigniter4/framework/system/Debug/Toolbar.php(460): CodeIgniter\Debug\Toolbar->format(Array, 'html')
#4 /home/u696785263/domains/keyind.in/public_html/haryanvi/app/Config/Events.php(52): CodeIgniter\Debug\Toolbar->respond()
#5 /home/u696785263/domains/keyind.in/public_html/haryanvi/vendor/codeigniter4/framework/system/Events/Events.php(149): CodeIgniter\Events\Events::Config\{closure}()
#6 /home/u696785263/domains/keyind.in/public_html/haryanvi/vendor/codeigniter4/framework/system/CodeIgniter.php(300): CodeIgniter\Events\Events::trigger('pre_system')
#7 /home/u696785263/domains/keyind.in/public_html/haryanvi/public/index.php(37): CodeIgniter\CodeIgniter->run()
#8 {main}
CRITICAL - 2021-12-10 13:46:40 --> A non-numeric value encountered
#0 /home/u696785263/domains/keyind.in/public_html/haryanvi/app/Helpers/nata_helper.php(85): CodeIgniter\Debug\Exceptions->errorHandler(2, 'A non-numeric v...', '/home/u69678526...', 85, Array)
#1 /home/u696785263/domains/keyind.in/public_html/haryanvi/app/Controllers/Keys.php(277): getPrice(Array, '30', '')
#2 /home/u696785263/domains/keyind.in/public_html/haryanvi/app/Controllers/Keys.php(248): App\Controllers\Keys->generate_action()
#3 /home/u696785263/domains/keyind.in/public_html/haryanvi/vendor/codeigniter4/framework/system/CodeIgniter.php(824): App\Controllers\Keys->generate()
#4 /home/u696785263/domains/keyind.in/public_html/haryanvi/vendor/codeigniter4/framework/system/CodeIgniter.php(410): CodeIgniter\CodeIgniter->runController(Object(App\Controllers\Keys))
#5 /home/u696785263/domains/keyind.in/public_html/haryanvi/vendor/codeigniter4/framework/system/CodeIgniter.php(318): CodeIgniter\CodeIgniter->handleRequest(NULL, Object(Config\Cache), false)
#6 /home/u696785263/domains/keyind.in/public_html/haryanvi/public/index.php(37): CodeIgniter\CodeIgniter->run()
#7 {main}
CRITICAL - 2021-12-10 13:46:46 --> A non-numeric value encountered
#0 /home/u696785263/domains/keyind.in/public_html/haryanvi/app/Helpers/nata_helper.php(85): CodeIgniter\Debug\Exceptions->errorHandler(2, 'A non-numeric v...', '/home/u69678526...', 85, Array)
#1 /home/u696785263/domains/keyind.in/public_html/haryanvi/app/Controllers/Keys.php(277): getPrice(Array, '30', '')
#2 /home/u696785263/domains/keyind.in/public_html/haryanvi/app/Controllers/Keys.php(248): App\Controllers\Keys->generate_action()
#3 /home/u696785263/domains/keyind.in/public_html/haryanvi/vendor/codeigniter4/framework/system/CodeIgniter.php(824): App\Controllers\Keys->generate()
#4 /home/u696785263/domains/keyind.in/public_html/haryanvi/vendor/codeigniter4/framework/system/CodeIgniter.php(410): CodeIgniter\CodeIgniter->runController(Object(App\Controllers\Keys))
#5 /home/u696785263/domains/keyind.in/public_html/haryanvi/vendor/codeigniter4/framework/system/CodeIgniter.php(318): CodeIgniter\CodeIgniter->handleRequest(NULL, Object(Config\Cache), false)
#6 /home/u696785263/domains/keyind.in/public_html/haryanvi/public/index.php(37): CodeIgniter\CodeIgniter->run()
#7 {main}
CRITICAL - 2021-12-10 13:48:23 --> unlink(/home/u696785263/domains/keyind.in/public_html/haryanvi/writable/debugbar/debugbar_1639118873.json): No such file or directory
#0 [internal function]: CodeIgniter\Debug\Exceptions->errorHandler(2, 'unlink(/home/u6...', '/home/u69678526...', 74, Array)
#1 /home/u696785263/domains/keyind.in/public_html/haryanvi/vendor/codeigniter4/framework/system/Debug/Toolbar/Collectors/History.php(74): unlink('/home/u69678526...')
#2 /home/u696785263/domains/keyind.in/public_html/haryanvi/vendor/codeigniter4/framework/system/Debug/Toolbar.php(483): CodeIgniter\Debug\Toolbar\Collectors\History->setFiles(1639118902, 20)
#3 /home/u696785263/domains/keyind.in/public_html/haryanvi/vendor/codeigniter4/framework/system/Debug/Toolbar.php(460): CodeIgniter\Debug\Toolbar->format(Array, 'html')
#4 /home/u696785263/domains/keyind.in/public_html/haryanvi/app/Config/Events.php(52): CodeIgniter\Debug\Toolbar->respond()
#5 /home/u696785263/domains/keyind.in/public_html/haryanvi/vendor/codeigniter4/framework/system/Events/Events.php(149): CodeIgniter\Events\Events::Config\{closure}()
#6 /home/u696785263/domains/keyind.in/public_html/haryanvi/vendor/codeigniter4/framework/system/CodeIgniter.php(300): CodeIgniter\Events\Events::trigger('pre_system')
#7 /home/u696785263/domains/keyind.in/public_html/haryanvi/public/index.php(37): CodeIgniter\CodeIgniter->run()
#8 {main}
CRITICAL - 2021-12-10 13:49:37 --> Trying to get property 'level' of non-object
#0 /home/u696785263/domains/keyind.in/public_html/haryanvi/app/Models/UserModel.php(62): CodeIgniter\Debug\Exceptions->errorHandler(8, 'Trying to get p...', '/home/u69678526...', 62, Array)
#1 /home/u696785263/domains/keyind.in/public_html/haryanvi/app/Filters/AuthFilter.php(19): App\Models\UserModel->checkAuthFilter()
#2 /home/u696785263/domains/keyind.in/public_html/haryanvi/vendor/codeigniter4/framework/system/Filters/Filters.php(173): App\Filters\AuthFilter->before(Object(CodeIgniter\HTTP\IncomingRequest), NULL)
#3 /home/u696785263/domains/keyind.in/public_html/haryanvi/vendor/codeigniter4/framework/system/CodeIgniter.php(384): CodeIgniter\Filters\Filters->run('keys/generate', 'before')
#4 /home/u696785263/domains/keyind.in/public_html/haryanvi/vendor/codeigniter4/framework/system/CodeIgniter.php(318): CodeIgniter\CodeIgniter->handleRequest(NULL, Object(Config\Cache), false)
#5 /home/u696785263/domains/keyind.in/public_html/haryanvi/public/index.php(37): CodeIgniter\CodeIgniter->run()
#6 {main}
CRITICAL - 2021-12-10 13:49:39 --> Trying to get property 'level' of non-object
#0 /home/u696785263/domains/keyind.in/public_html/haryanvi/app/Models/UserModel.php(62): CodeIgniter\Debug\Exceptions->errorHandler(8, 'Trying to get p...', '/home/u69678526...', 62, Array)
#1 /home/u696785263/domains/keyind.in/public_html/haryanvi/app/Filters/AuthFilter.php(19): App\Models\UserModel->checkAuthFilter()
#2 /home/u696785263/domains/keyind.in/public_html/haryanvi/vendor/codeigniter4/framework/system/Filters/Filters.php(173): App\Filters\AuthFilter->before(Object(CodeIgniter\HTTP\IncomingRequest), NULL)
#3 /home/u696785263/domains/keyind.in/public_html/haryanvi/vendor/codeigniter4/framework/system/CodeIgniter.php(384): CodeIgniter\Filters\Filters->run('keys/generate', 'before')
#4 /home/u696785263/domains/keyind.in/public_html/haryanvi/vendor/codeigniter4/framework/system/CodeIgniter.php(318): CodeIgniter\CodeIgniter->handleRequest(NULL, Object(Config\Cache), false)
#5 /home/u696785263/domains/keyind.in/public_html/haryanvi/public/index.php(37): CodeIgniter\CodeIgniter->run()
#6 {main}
CRITICAL - 2021-12-10 13:49:40 --> Trying to get property 'level' of non-object
#0 /home/u696785263/domains/keyind.in/public_html/haryanvi/app/Models/UserModel.php(62): CodeIgniter\Debug\Exceptions->errorHandler(8, 'Trying to get p...', '/home/u69678526...', 62, Array)
#1 /home/u696785263/domains/keyind.in/public_html/haryanvi/app/Filters/AuthFilter.php(19): App\Models\UserModel->checkAuthFilter()
#2 /home/u696785263/domains/keyind.in/public_html/haryanvi/vendor/codeigniter4/framework/system/Filters/Filters.php(173): App\Filters\AuthFilter->before(Object(CodeIgniter\HTTP\IncomingRequest), NULL)
#3 /home/u696785263/domains/keyind.in/public_html/haryanvi/vendor/codeigniter4/framework/system/CodeIgniter.php(384): CodeIgniter\Filters\Filters->run('keys/edit', 'before')
#4 /home/u696785263/domains/keyind.in/public_html/haryanvi/vendor/codeigniter4/framework/system/CodeIgniter.php(318): CodeIgniter\CodeIgniter->handleRequest(NULL, Object(Config\Cache), false)
#5 /home/u696785263/domains/keyind.in/public_html/haryanvi/public/index.php(37): CodeIgniter\CodeIgniter->run()
#6 {main}
CRITICAL - 2021-12-10 13:49:45 --> Trying to get property 'level' of non-object
#0 /home/u696785263/domains/keyind.in/public_html/haryanvi/app/Models/UserModel.php(62): CodeIgniter\Debug\Exceptions->errorHandler(8, 'Trying to get p...', '/home/u69678526...', 62, Array)
#1 /home/u696785263/domains/keyind.in/public_html/haryanvi/app/Filters/AuthFilter.php(19): App\Models\UserModel->checkAuthFilter()
#2 /home/u696785263/domains/keyind.in/public_html/haryanvi/vendor/codeigniter4/framework/system/Filters/Filters.php(173): App\Filters\AuthFilter->before(Object(CodeIgniter\HTTP\IncomingRequest), NULL)
#3 /home/u696785263/domains/keyind.in/public_html/haryanvi/vendor/codeigniter4/framework/system/CodeIgniter.php(384): CodeIgniter\Filters\Filters->run('keys/609', 'before')
#4 /home/u696785263/domains/keyind.in/public_html/haryanvi/vendor/codeigniter4/framework/system/CodeIgniter.php(318): CodeIgniter\CodeIgniter->handleRequest(NULL, Object(Config\Cache), false)
#5 /home/u696785263/domains/keyind.in/public_html/haryanvi/public/index.php(37): CodeIgniter\CodeIgniter->run()
#6 {main}
CRITICAL - 2021-12-10 13:49:46 --> Trying to get property 'level' of non-object
#0 /home/u696785263/domains/keyind.in/public_html/haryanvi/app/Models/UserModel.php(62): CodeIgniter\Debug\Exceptions->errorHandler(8, 'Trying to get p...', '/home/u69678526...', 62, Array)
#1 /home/u696785263/domains/keyind.in/public_html/haryanvi/app/Filters/AuthFilter.php(19): App\Models\UserModel->checkAuthFilter()
#2 /home/u696785263/domains/keyind.in/public_html/haryanvi/vendor/codeigniter4/framework/system/Filters/Filters.php(173): App\Filters\AuthFilter->before(Object(CodeIgniter\HTTP\IncomingRequest), NULL)
#3 /home/u696785263/domains/keyind.in/public_html/haryanvi/vendor/codeigniter4/framework/system/CodeIgniter.php(384): CodeIgniter\Filters\Filters->run('keys/generate', 'before')
#4 /home/u696785263/domains/keyind.in/public_html/haryanvi/vendor/codeigniter4/framework/system/CodeIgniter.php(318): CodeIgniter\CodeIgniter->handleRequest(NULL, Object(Config\Cache), false)
#5 /home/u696785263/domains/keyind.in/public_html/haryanvi/public/index.php(37): CodeIgniter\CodeIgniter->run()
#6 {main}
CRITICAL - 2021-12-10 13:49:48 --> Trying to get property 'level' of non-object
#0 /home/u696785263/domains/keyind.in/public_html/haryanvi/app/Models/UserModel.php(62): CodeIgniter\Debug\Exceptions->errorHandler(8, 'Trying to get p...', '/home/u69678526...', 62, Array)
#1 /home/u696785263/domains/keyind.in/public_html/haryanvi/app/Filters/AuthFilter.php(19): App\Models\UserModel->checkAuthFilter()
#2 /home/u696785263/domains/keyind.in/public_html/haryanvi/vendor/codeigniter4/framework/system/Filters/Filters.php(173): App\Filters\AuthFilter->before(Object(CodeIgniter\HTTP\IncomingRequest), NULL)
#3 /home/u696785263/domains/keyind.in/public_html/haryanvi/vendor/codeigniter4/framework/system/CodeIgniter.php(384): CodeIgniter\Filters\Filters->run('keys', 'before')
#4 /home/u696785263/domains/keyind.in/public_html/haryanvi/vendor/codeigniter4/framework/system/CodeIgniter.php(318): CodeIgniter\CodeIgniter->handleRequest(NULL, Object(Config\Cache), false)
#5 /home/u696785263/domains/keyind.in/public_html/haryanvi/public/index.php(37): CodeIgniter\CodeIgniter->run()
#6 {main}
CRITICAL - 2021-12-10 13:49:50 --> Trying to get property 'level' of non-object
#0 /home/u696785263/domains/keyind.in/public_html/haryanvi/app/Models/UserModel.php(62): CodeIgniter\Debug\Exceptions->errorHandler(8, 'Trying to get p...', '/home/u69678526...', 62, Array)
#1 /home/u696785263/domains/keyind.in/public_html/haryanvi/app/Filters/AuthFilter.php(19): App\Models\UserModel->checkAuthFilter()
#2 /home/u696785263/domains/keyind.in/public_html/haryanvi/vendor/codeigniter4/framework/system/Filters/Filters.php(173): App\Filters\AuthFilter->before(Object(CodeIgniter\HTTP\IncomingRequest), NULL)
#3 /home/u696785263/domains/keyind.in/public_html/haryanvi/vendor/codeigniter4/framework/system/CodeIgniter.php(384): CodeIgniter\Filters\Filters->run('keys/generate', 'before')
#4 /home/u696785263/domains/keyind.in/public_html/haryanvi/vendor/codeigniter4/framework/system/CodeIgniter.php(318): CodeIgniter\CodeIgniter->handleRequest(NULL, Object(Config\Cache), false)
#5 /home/u696785263/domains/keyind.in/public_html/haryanvi/public/index.php(37): CodeIgniter\CodeIgniter->run()
#6 {main}
CRITICAL - 2021-12-10 13:49:51 --> Trying to get property 'level' of non-object
#0 /home/u696785263/domains/keyind.in/public_html/haryanvi/app/Models/UserModel.php(62): CodeIgniter\Debug\Exceptions->errorHandler(8, 'Trying to get p...', '/home/u69678526...', 62, Array)
#1 /home/u696785263/domains/keyind.in/public_html/haryanvi/app/Filters/AuthFilter.php(19): App\Models\UserModel->checkAuthFilter()
#2 /home/u696785263/domains/keyind.in/public_html/haryanvi/vendor/codeigniter4/framework/system/Filters/Filters.php(173): App\Filters\AuthFilter->before(Object(CodeIgniter\HTTP\IncomingRequest), NULL)
#3 /home/u696785263/domains/keyind.in/public_html/haryanvi/vendor/codeigniter4/framework/system/CodeIgniter.php(384): CodeIgniter\Filters\Filters->run('dashboard', 'before')
#4 /home/u696785263/domains/keyind.in/public_html/haryanvi/vendor/codeigniter4/framework/system/CodeIgniter.php(318): CodeIgniter\CodeIgniter->handleRequest(NULL, Object(Config\Cache), false)
#5 /home/u696785263/domains/keyind.in/public_html/haryanvi/public/index.php(37): CodeIgniter\CodeIgniter->run()
#6 {main}
CRITICAL - 2021-12-10 13:49:52 --> Trying to get property 'level' of non-object
#0 /home/u696785263/domains/keyind.in/public_html/haryanvi/app/Models/UserModel.php(62): CodeIgniter\Debug\Exceptions->errorHandler(8, 'Trying to get p...', '/home/u69678526...', 62, Array)
#1 /home/u696785263/domains/keyind.in/public_html/haryanvi/app/Filters/AuthFilter.php(19): App\Models\UserModel->checkAuthFilter()
#2 /home/u696785263/domains/keyind.in/public_html/haryanvi/vendor/codeigniter4/framework/system/Filters/Filters.php(173): App\Filters\AuthFilter->before(Object(CodeIgniter\HTTP\IncomingRequest), NULL)
#3 /home/u696785263/domains/keyind.in/public_html/haryanvi/vendor/codeigniter4/framework/system/CodeIgniter.php(384): CodeIgniter\Filters\Filters->run('dashboard', 'before')
#4 /home/u696785263/domains/keyind.in/public_html/haryanvi/vendor/codeigniter4/framework/system/CodeIgniter.php(318): CodeIgniter\CodeIgniter->handleRequest(NULL, Object(Config\Cache), false)
#5 /home/u696785263/domains/keyind.in/public_html/haryanvi/public/index.php(37): CodeIgniter\CodeIgniter->run()
#6 {main}
CRITICAL - 2021-12-10 13:49:52 --> Trying to get property 'level' of non-object
#0 /home/u696785263/domains/keyind.in/public_html/haryanvi/app/Models/UserModel.php(62): CodeIgniter\Debug\Exceptions->errorHandler(8, 'Trying to get p...', '/home/u69678526...', 62, Array)
#1 /home/u696785263/domains/keyind.in/public_html/haryanvi/app/Filters/AuthFilter.php(19): App\Models\UserModel->checkAuthFilter()
#2 /home/u696785263/domains/keyind.in/public_html/haryanvi/vendor/codeigniter4/framework/system/Filters/Filters.php(173): App\Filters\AuthFilter->before(Object(CodeIgniter\HTTP\IncomingRequest), NULL)
#3 /home/u696785263/domains/keyind.in/public_html/haryanvi/vendor/codeigniter4/framework/system/CodeIgniter.php(384): CodeIgniter\Filters\Filters->run('keys/generate', 'before')
#4 /home/u696785263/domains/keyind.in/public_html/haryanvi/vendor/codeigniter4/framework/system/CodeIgniter.php(318): CodeIgniter\CodeIgniter->handleRequest(NULL, Object(Config\Cache), false)
#5 /home/u696785263/domains/keyind.in/public_html/haryanvi/public/index.php(37): CodeIgniter\CodeIgniter->run()
#6 {main}
CRITICAL - 2021-12-10 13:49:53 --> Trying to get property 'level' of non-object
#0 /home/u696785263/domains/keyind.in/public_html/haryanvi/app/Models/UserModel.php(62): CodeIgniter\Debug\Exceptions->errorHandler(8, 'Trying to get p...', '/home/u69678526...', 62, Array)
#1 /home/u696785263/domains/keyind.in/public_html/haryanvi/app/Filters/AuthFilter.php(19): App\Models\UserModel->checkAuthFilter()
#2 /home/u696785263/domains/keyind.in/public_html/haryanvi/vendor/codeigniter4/framework/system/Filters/Filters.php(173): App\Filters\AuthFilter->before(Object(CodeIgniter\HTTP\IncomingRequest), NULL)
#3 /home/u696785263/domains/keyind.in/public_html/haryanvi/vendor/codeigniter4/framework/system/CodeIgniter.php(384): CodeIgniter\Filters\Filters->run('dashboard', 'before')
#4 /home/u696785263/domains/keyind.in/public_html/haryanvi/vendor/codeigniter4/framework/system/CodeIgniter.php(318): CodeIgniter\CodeIgniter->handleRequest(NULL, Object(Config\Cache), false)
#5 /home/u696785263/domains/keyind.in/public_html/haryanvi/public/index.php(37): CodeIgniter\CodeIgniter->run()
#6 {main}
CRITICAL - 2021-12-10 13:49:53 --> Trying to get property 'level' of non-object
#0 /home/u696785263/domains/keyind.in/public_html/haryanvi/app/Models/UserModel.php(62): CodeIgniter\Debug\Exceptions->errorHandler(8, 'Trying to get p...', '/home/u69678526...', 62, Array)
#1 /home/u696785263/domains/keyind.in/public_html/haryanvi/app/Filters/AuthFilter.php(19): App\Models\UserModel->checkAuthFilter()
#2 /home/u696785263/domains/keyind.in/public_html/haryanvi/vendor/codeigniter4/framework/system/Filters/Filters.php(173): App\Filters\AuthFilter->before(Object(CodeIgniter\HTTP\IncomingRequest), NULL)
#3 /home/u696785263/domains/keyind.in/public_html/haryanvi/vendor/codeigniter4/framework/system/CodeIgniter.php(384): CodeIgniter\Filters\Filters->run('keys/generate', 'before')
#4 /home/u696785263/domains/keyind.in/public_html/haryanvi/vendor/codeigniter4/framework/system/CodeIgniter.php(318): CodeIgniter\CodeIgniter->handleRequest(NULL, Object(Config\Cache), false)
#5 /home/u696785263/domains/keyind.in/public_html/haryanvi/public/index.php(37): CodeIgniter\CodeIgniter->run()
#6 {main}
CRITICAL - 2021-12-10 13:49:56 --> Trying to get property 'level' of non-object
#0 /home/u696785263/domains/keyind.in/public_html/haryanvi/app/Models/UserModel.php(62): CodeIgniter\Debug\Exceptions->errorHandler(8, 'Trying to get p...', '/home/u69678526...', 62, Array)
#1 /home/u696785263/domains/keyind.in/public_html/haryanvi/app/Filters/AuthFilter.php(19): App\Models\UserModel->checkAuthFilter()
#2 /home/u696785263/domains/keyind.in/public_html/haryanvi/vendor/codeigniter4/framework/system/Filters/Filters.php(173): App\Filters\AuthFilter->before(Object(CodeIgniter\HTTP\IncomingRequest), NULL)
#3 /home/u696785263/domains/keyind.in/public_html/haryanvi/vendor/codeigniter4/framework/system/CodeIgniter.php(384): CodeIgniter\Filters\Filters->run('admin/api/users', 'before')
#4 /home/u696785263/domains/keyind.in/public_html/haryanvi/vendor/codeigniter4/framework/system/CodeIgniter.php(318): CodeIgniter\CodeIgniter->handleRequest(NULL, Object(Config\Cache), false)
#5 /home/u696785263/domains/keyind.in/public_html/haryanvi/public/index.php(37): CodeIgniter\CodeIgniter->run()
#6 {main}
CRITICAL - 2021-12-10 13:49:56 --> Trying to get property 'level' of non-object
#0 /home/u696785263/domains/keyind.in/public_html/haryanvi/app/Models/UserModel.php(62): CodeIgniter\Debug\Exceptions->errorHandler(8, 'Trying to get p...', '/home/u69678526...', 62, Array)
#1 /home/u696785263/domains/keyind.in/public_html/haryanvi/app/Filters/AuthFilter.php(19): App\Models\UserModel->checkAuthFilter()
#2 /home/u696785263/domains/keyind.in/public_html/haryanvi/vendor/codeigniter4/framework/system/Filters/Filters.php(173): App\Filters\AuthFilter->before(Object(CodeIgniter\HTTP\IncomingRequest), NULL)
#3 /home/u696785263/domains/keyind.in/public_html/haryanvi/vendor/codeigniter4/framework/system/CodeIgniter.php(384): CodeIgniter\Filters\Filters->run('keys/generate', 'before')
#4 /home/u696785263/domains/keyind.in/public_html/haryanvi/vendor/codeigniter4/framework/system/CodeIgniter.php(318): CodeIgniter\CodeIgniter->handleRequest(NULL, Object(Config\Cache), false)
#5 /home/u696785263/domains/keyind.in/public_html/haryanvi/public/index.php(37): CodeIgniter\CodeIgniter->run()
#6 {main}
CRITICAL - 2021-12-10 13:50:06 --> Trying to get property 'level' of non-object
#0 /home/u696785263/domains/keyind.in/public_html/haryanvi/app/Models/UserModel.php(62): CodeIgniter\Debug\Exceptions->errorHandler(8, 'Trying to get p...', '/home/u69678526...', 62, Array)
#1 /home/u696785263/domains/keyind.in/public_html/haryanvi/app/Filters/AuthFilter.php(19): App\Models\UserModel->checkAuthFilter()
#2 /home/u696785263/domains/keyind.in/public_html/haryanvi/vendor/codeigniter4/framework/system/Filters/Filters.php(173): App\Filters\AuthFilter->before(Object(CodeIgniter\HTTP\IncomingRequest), NULL)
#3 /home/u696785263/domains/keyind.in/public_html/haryanvi/vendor/codeigniter4/framework/system/CodeIgniter.php(384): CodeIgniter\Filters\Filters->run('keys', 'before')
#4 /home/u696785263/domains/keyind.in/public_html/haryanvi/vendor/codeigniter4/framework/system/CodeIgniter.php(318): CodeIgniter\CodeIgniter->handleRequest(NULL, Object(Config\Cache), false)
#5 /home/u696785263/domains/keyind.in/public_html/haryanvi/public/index.php(37): CodeIgniter\CodeIgniter->run()
#6 {main}
CRITICAL - 2021-12-10 13:50:17 --> Trying to get property 'level' of non-object
#0 /home/u696785263/domains/keyind.in/public_html/haryanvi/app/Models/UserModel.php(62): CodeIgniter\Debug\Exceptions->errorHandler(8, 'Trying to get p...', '/home/u69678526...', 62, Array)
#1 /home/u696785263/domains/keyind.in/public_html/haryanvi/app/Filters/AuthFilter.php(19): App\Models\UserModel->checkAuthFilter()
#2 /home/u696785263/domains/keyind.in/public_html/haryanvi/vendor/codeigniter4/framework/system/Filters/Filters.php(173): App\Filters\AuthFilter->before(Object(CodeIgniter\HTTP\IncomingRequest), NULL)
#3 /home/u696785263/domains/keyind.in/public_html/haryanvi/vendor/codeigniter4/framework/system/CodeIgniter.php(384): CodeIgniter\Filters\Filters->run('admin/api/users', 'before')
#4 /home/u696785263/domains/keyind.in/public_html/haryanvi/vendor/codeigniter4/framework/system/CodeIgniter.php(318): CodeIgniter\CodeIgniter->handleRequest(NULL, Object(Config\Cache), false)
#5 /home/u696785263/domains/keyind.in/public_html/haryanvi/public/index.php(37): CodeIgniter\CodeIgniter->run()
#6 {main}
CRITICAL - 2021-12-10 13:50:31 --> Trying to get property 'level' of non-object
#0 /home/u696785263/domains/keyind.in/public_html/haryanvi/app/Models/UserModel.php(62): CodeIgniter\Debug\Exceptions->errorHandler(8, 'Trying to get p...', '/home/u69678526...', 62, Array)
#1 /home/u696785263/domains/keyind.in/public_html/haryanvi/app/Filters/AuthFilter.php(19): App\Models\UserModel->checkAuthFilter()
#2 /home/u696785263/domains/keyind.in/public_html/haryanvi/vendor/codeigniter4/framework/system/Filters/Filters.php(173): App\Filters\AuthFilter->before(Object(CodeIgniter\HTTP\IncomingRequest), NULL)
#3 /home/u696785263/domains/keyind.in/public_html/haryanvi/vendor/codeigniter4/framework/system/CodeIgniter.php(384): CodeIgniter\Filters\Filters->run('admin/manage-us...', 'before')
#4 /home/u696785263/domains/keyind.in/public_html/haryanvi/vendor/codeigniter4/framework/system/CodeIgniter.php(318): CodeIgniter\CodeIgniter->handleRequest(NULL, Object(Config\Cache), false)
#5 /home/u696785263/domains/keyind.in/public_html/haryanvi/public/index.php(37): CodeIgniter\CodeIgniter->run()
#6 {main}
CRITICAL - 2021-12-10 13:50:33 --> Trying to get property 'level' of non-object
#0 /home/u696785263/domains/keyind.in/public_html/haryanvi/app/Models/UserModel.php(62): CodeIgniter\Debug\Exceptions->errorHandler(8, 'Trying to get p...', '/home/u69678526...', 62, Array)
#1 /home/u696785263/domains/keyind.in/public_html/haryanvi/app/Filters/AuthFilter.php(19): App\Models\UserModel->checkAuthFilter()
#2 /home/u696785263/domains/keyind.in/public_html/haryanvi/vendor/codeigniter4/framework/system/Filters/Filters.php(173): App\Filters\AuthFilter->before(Object(CodeIgniter\HTTP\IncomingRequest), NULL)
#3 /home/u696785263/domains/keyind.in/public_html/haryanvi/vendor/codeigniter4/framework/system/CodeIgniter.php(384): CodeIgniter\Filters\Filters->run('keys/generate', 'before')
#4 /home/u696785263/domains/keyind.in/public_html/haryanvi/vendor/codeigniter4/framework/system/CodeIgniter.php(318): CodeIgniter\CodeIgniter->handleRequest(NULL, Object(Config\Cache), false)
#5 /home/u696785263/domains/keyind.in/public_html/haryanvi/public/index.php(37): CodeIgniter\CodeIgniter->run()
#6 {main}
CRITICAL - 2021-12-10 13:50:34 --> Trying to get property 'level' of non-object
#0 /home/u696785263/domains/keyind.in/public_html/haryanvi/app/Models/UserModel.php(62): CodeIgniter\Debug\Exceptions->errorHandler(8, 'Trying to get p...', '/home/u69678526...', 62, Array)
#1 /home/u696785263/domains/keyind.in/public_html/haryanvi/app/Filters/AuthFilter.php(19): App\Models\UserModel->checkAuthFilter()
#2 /home/u696785263/domains/keyind.in/public_html/haryanvi/vendor/codeigniter4/framework/system/Filters/Filters.php(173): App\Filters\AuthFilter->before(Object(CodeIgniter\HTTP\IncomingRequest), NULL)
#3 /home/u696785263/domains/keyind.in/public_html/haryanvi/vendor/codeigniter4/framework/system/CodeIgniter.php(384): CodeIgniter\Filters\Filters->run('admin/create-re...', 'before')
#4 /home/u696785263/domains/keyind.in/public_html/haryanvi/vendor/codeigniter4/framework/system/CodeIgniter.php(318): CodeIgniter\CodeIgniter->handleRequest(NULL, Object(Config\Cache), false)
#5 /home/u696785263/domains/keyind.in/public_html/haryanvi/public/index.php(37): CodeIgniter\CodeIgniter->run()
#6 {main}
CRITICAL - 2021-12-10 13:50:36 --> Trying to get property 'level' of non-object
#0 /home/u696785263/domains/keyind.in/public_html/haryanvi/app/Models/UserModel.php(62): CodeIgniter\Debug\Exceptions->errorHandler(8, 'Trying to get p...', '/home/u69678526...', 62, Array)
#1 /home/u696785263/domains/keyind.in/public_html/haryanvi/app/Filters/AuthFilter.php(19): App\Models\UserModel->checkAuthFilter()
#2 /home/u696785263/domains/keyind.in/public_html/haryanvi/vendor/codeigniter4/framework/system/Filters/Filters.php(173): App\Filters\AuthFilter->before(Object(CodeIgniter\HTTP\IncomingRequest), NULL)
#3 /home/u696785263/domains/keyind.in/public_html/haryanvi/vendor/codeigniter4/framework/system/CodeIgniter.php(384): CodeIgniter\Filters\Filters->run('keys/api', 'before')
#4 /home/u696785263/domains/keyind.in/public_html/haryanvi/vendor/codeigniter4/framework/system/CodeIgniter.php(318): CodeIgniter\CodeIgniter->handleRequest(NULL, Object(Config\Cache), false)
#5 /home/u696785263/domains/keyind.in/public_html/haryanvi/public/index.php(37): CodeIgniter\CodeIgniter->run()
#6 {main}
CRITICAL - 2021-12-10 13:50:39 --> Trying to get property 'level' of non-object
#0 /home/u696785263/domains/keyind.in/public_html/haryanvi/app/Models/UserModel.php(62): CodeIgniter\Debug\Exceptions->errorHandler(8, 'Trying to get p...', '/home/u69678526...', 62, Array)
#1 /home/u696785263/domains/keyind.in/public_html/haryanvi/app/Filters/AuthFilter.php(19): App\Models\UserModel->checkAuthFilter()
#2 /home/u696785263/domains/keyind.in/public_html/haryanvi/vendor/codeigniter4/framework/system/Filters/Filters.php(173): App\Filters\AuthFilter->before(Object(CodeIgniter\HTTP\IncomingRequest), NULL)
#3 /home/u696785263/domains/keyind.in/public_html/haryanvi/vendor/codeigniter4/framework/system/CodeIgniter.php(384): CodeIgniter\Filters\Filters->run('logout', 'before')
#4 /home/u696785263/domains/keyind.in/public_html/haryanvi/vendor/codeigniter4/framework/system/CodeIgniter.php(318): CodeIgniter\CodeIgniter->handleRequest(NULL, Object(Config\Cache), false)
#5 /home/u696785263/domains/keyind.in/public_html/haryanvi/public/index.php(37): CodeIgniter\CodeIgniter->run()
#6 {main}
CRITICAL - 2021-12-10 13:50:41 --> Trying to get property 'level' of non-object
#0 /home/u696785263/domains/keyind.in/public_html/haryanvi/app/Models/UserModel.php(62): CodeIgniter\Debug\Exceptions->errorHandler(8, 'Trying to get p...', '/home/u69678526...', 62, Array)
#1 /home/u696785263/domains/keyind.in/public_html/haryanvi/app/Filters/AuthFilter.php(19): App\Models\UserModel->checkAuthFilter()
#2 /home/u696785263/domains/keyind.in/public_html/haryanvi/vendor/codeigniter4/framework/system/Filters/Filters.php(173): App\Filters\AuthFilter->before(Object(CodeIgniter\HTTP\IncomingRequest), NULL)
#3 /home/u696785263/domains/keyind.in/public_html/haryanvi/vendor/codeigniter4/framework/system/CodeIgniter.php(384): CodeIgniter\Filters\Filters->run('dashboard', 'before')
#4 /home/u696785263/domains/keyind.in/public_html/haryanvi/vendor/codeigniter4/framework/system/CodeIgniter.php(318): CodeIgniter\CodeIgniter->handleRequest(NULL, Object(Config\Cache), false)
#5 /home/u696785263/domains/keyind.in/public_html/haryanvi/public/index.php(37): CodeIgniter\CodeIgniter->run()
#6 {main}
CRITICAL - 2021-12-10 13:50:44 --> Trying to get property 'level' of non-object
#0 /home/u696785263/domains/keyind.in/public_html/haryanvi/app/Models/UserModel.php(62): CodeIgniter\Debug\Exceptions->errorHandler(8, 'Trying to get p...', '/home/u69678526...', 62, Array)
#1 /home/u696785263/domains/keyind.in/public_html/haryanvi/app/Filters/AuthFilter.php(19): App\Models\UserModel->checkAuthFilter()
#2 /home/u696785263/domains/keyind.in/public_html/haryanvi/vendor/codeigniter4/framework/system/Filters/Filters.php(173): App\Filters\AuthFilter->before(Object(CodeIgniter\HTTP\IncomingRequest), NULL)
#3 /home/u696785263/domains/keyind.in/public_html/haryanvi/vendor/codeigniter4/framework/system/CodeIgniter.php(384): CodeIgniter\Filters\Filters->run('dashboard', 'before')
#4 /home/u696785263/domains/keyind.in/public_html/haryanvi/vendor/codeigniter4/framework/system/CodeIgniter.php(318): CodeIgniter\CodeIgniter->handleRequest(NULL, Object(Config\Cache), false)
#5 /home/u696785263/domains/keyind.in/public_html/haryanvi/public/index.php(37): CodeIgniter\CodeIgniter->run()
#6 {main}
CRITICAL - 2021-12-10 13:51:18 --> Trying to get property 'level' of non-object
#0 /home/u696785263/domains/keyind.in/public_html/haryanvi/app/Models/UserModel.php(62): CodeIgniter\Debug\Exceptions->errorHandler(8, 'Trying to get p...', '/home/u69678526...', 62, Array)
#1 /home/u696785263/domains/keyind.in/public_html/haryanvi/app/Filters/AuthFilter.php(19): App\Models\UserModel->checkAuthFilter()
#2 /home/u696785263/domains/keyind.in/public_html/haryanvi/vendor/codeigniter4/framework/system/Filters/Filters.php(173): App\Filters\AuthFilter->before(Object(CodeIgniter\HTTP\IncomingRequest), NULL)
#3 /home/u696785263/domains/keyind.in/public_html/haryanvi/vendor/codeigniter4/framework/system/CodeIgniter.php(384): CodeIgniter\Filters\Filters->run('settings', 'before')
#4 /home/u696785263/domains/keyind.in/public_html/haryanvi/vendor/codeigniter4/framework/system/CodeIgniter.php(318): CodeIgniter\CodeIgniter->handleRequest(NULL, Object(Config\Cache), false)
#5 /home/u696785263/domains/keyind.in/public_html/haryanvi/public/index.php(37): CodeIgniter\CodeIgniter->run()
#6 {main}
CRITICAL - 2021-12-10 13:51:28 --> Trying to get property 'level' of non-object
#0 /home/u696785263/domains/keyind.in/public_html/haryanvi/app/Models/UserModel.php(62): CodeIgniter\Debug\Exceptions->errorHandler(8, 'Trying to get p...', '/home/u69678526...', 62, Array)
#1 /home/u696785263/domains/keyind.in/public_html/haryanvi/app/Filters/AuthFilter.php(19): App\Models\UserModel->checkAuthFilter()
#2 /home/u696785263/domains/keyind.in/public_html/haryanvi/vendor/codeigniter4/framework/system/Filters/Filters.php(173): App\Filters\AuthFilter->before(Object(CodeIgniter\HTTP\IncomingRequest), NULL)
#3 /home/u696785263/domains/keyind.in/public_html/haryanvi/vendor/codeigniter4/framework/system/CodeIgniter.php(384): CodeIgniter\Filters\Filters->run('keys/generate', 'before')
#4 /home/u696785263/domains/keyind.in/public_html/haryanvi/vendor/codeigniter4/framework/system/CodeIgniter.php(318): CodeIgniter\CodeIgniter->handleRequest(NULL, Object(Config\Cache), false)
#5 /home/u696785263/domains/keyind.in/public_html/haryanvi/public/index.php(37): CodeIgniter\CodeIgniter->run()
#6 {main}
CRITICAL - 2021-12-10 13:51:34 --> Trying to get property 'level' of non-object
#0 /home/u696785263/domains/keyind.in/public_html/haryanvi/app/Models/UserModel.php(62): CodeIgniter\Debug\Exceptions->errorHandler(8, 'Trying to get p...', '/home/u69678526...', 62, Array)
#1 /home/u696785263/domains/keyind.in/public_html/haryanvi/app/Filters/AuthFilter.php(19): App\Models\UserModel->checkAuthFilter()
#2 /home/u696785263/domains/keyind.in/public_html/haryanvi/vendor/codeigniter4/framework/system/Filters/Filters.php(173): App\Filters\AuthFilter->before(Object(CodeIgniter\HTTP\IncomingRequest), NULL)
#3 /home/u696785263/domains/keyind.in/public_html/haryanvi/vendor/codeigniter4/framework/system/CodeIgniter.php(384): CodeIgniter\Filters\Filters->run('dashboard', 'before')
#4 /home/u696785263/domains/keyind.in/public_html/haryanvi/vendor/codeigniter4/framework/system/CodeIgniter.php(318): CodeIgniter\CodeIgniter->handleRequest(NULL, Object(Config\Cache), false)
#5 /home/u696785263/domains/keyind.in/public_html/haryanvi/public/index.php(37): CodeIgniter\CodeIgniter->run()
#6 {main}
CRITICAL - 2021-12-10 13:51:36 --> Trying to get property 'level' of non-object
#0 /home/u696785263/domains/keyind.in/public_html/haryanvi/app/Models/UserModel.php(62): CodeIgniter\Debug\Exceptions->errorHandler(8, 'Trying to get p...', '/home/u69678526...', 62, Array)
#1 /home/u696785263/domains/keyind.in/public_html/haryanvi/app/Filters/AuthFilter.php(19): App\Models\UserModel->checkAuthFilter()
#2 /home/u696785263/domains/keyind.in/public_html/haryanvi/vendor/codeigniter4/framework/system/Filters/Filters.php(173): App\Filters\AuthFilter->before(Object(CodeIgniter\HTTP\IncomingRequest), NULL)
#3 /home/u696785263/domains/keyind.in/public_html/haryanvi/vendor/codeigniter4/framework/system/CodeIgniter.php(384): CodeIgniter\Filters\Filters->run('dashboard', 'before')
#4 /home/u696785263/domains/keyind.in/public_html/haryanvi/vendor/codeigniter4/framework/system/CodeIgniter.php(318): CodeIgniter\CodeIgniter->handleRequest(NULL, Object(Config\Cache), false)
#5 /home/u696785263/domains/keyind.in/public_html/haryanvi/public/index.php(37): CodeIgniter\CodeIgniter->run()
#6 {main}
CRITICAL - 2021-12-10 13:51:47 --> Trying to get property 'level' of non-object
#0 /home/u696785263/domains/keyind.in/public_html/haryanvi/app/Models/UserModel.php(62): CodeIgniter\Debug\Exceptions->errorHandler(8, 'Trying to get p...', '/home/u69678526...', 62, Array)
#1 /home/u696785263/domains/keyind.in/public_html/haryanvi/app/Filters/AuthFilter.php(19): App\Models\UserModel->checkAuthFilter()
#2 /home/u696785263/domains/keyind.in/public_html/haryanvi/vendor/codeigniter4/framework/system/Filters/Filters.php(173): App\Filters\AuthFilter->before(Object(CodeIgniter\HTTP\IncomingRequest), NULL)
#3 /home/u696785263/domains/keyind.in/public_html/haryanvi/vendor/codeigniter4/framework/system/CodeIgniter.php(384): CodeIgniter\Filters\Filters->run('dashboard', 'before')
#4 /home/u696785263/domains/keyind.in/public_html/haryanvi/vendor/codeigniter4/framework/system/CodeIgniter.php(318): CodeIgniter\CodeIgniter->handleRequest(NULL, Object(Config\Cache), false)
#5 /home/u696785263/domains/keyind.in/public_html/haryanvi/public/index.php(37): CodeIgniter\CodeIgniter->run()
#6 {main}
CRITICAL - 2021-12-10 13:51:48 --> Trying to get property 'level' of non-object
#0 /home/u696785263/domains/keyind.in/public_html/haryanvi/app/Models/UserModel.php(62): CodeIgniter\Debug\Exceptions->errorHandler(8, 'Trying to get p...', '/home/u69678526...', 62, Array)
#1 /home/u696785263/domains/keyind.in/public_html/haryanvi/app/Filters/AuthFilter.php(19): App\Models\UserModel->checkAuthFilter()
#2 /home/u696785263/domains/keyind.in/public_html/haryanvi/vendor/codeigniter4/framework/system/Filters/Filters.php(173): App\Filters\AuthFilter->before(Object(CodeIgniter\HTTP\IncomingRequest), NULL)
#3 /home/u696785263/domains/keyind.in/public_html/haryanvi/vendor/codeigniter4/framework/system/CodeIgniter.php(384): CodeIgniter\Filters\Filters->run('dashboard', 'before')
#4 /home/u696785263/domains/keyind.in/public_html/haryanvi/vendor/codeigniter4/framework/system/CodeIgniter.php(318): CodeIgniter\CodeIgniter->handleRequest(NULL, Object(Config\Cache), false)
#5 /home/u696785263/domains/keyind.in/public_html/haryanvi/public/index.php(37): CodeIgniter\CodeIgniter->run()
#6 {main}
CRITICAL - 2021-12-10 13:51:54 --> Trying to get property 'level' of non-object
#0 /home/u696785263/domains/keyind.in/public_html/haryanvi/app/Models/UserModel.php(62): CodeIgniter\Debug\Exceptions->errorHandler(8, 'Trying to get p...', '/home/u69678526...', 62, Array)
#1 /home/u696785263/domains/keyind.in/public_html/haryanvi/app/Filters/AuthFilter.php(19): App\Models\UserModel->checkAuthFilter()
#2 /home/u696785263/domains/keyind.in/public_html/haryanvi/vendor/codeigniter4/framework/system/Filters/Filters.php(173): App\Filters\AuthFilter->before(Object(CodeIgniter\HTTP\IncomingRequest), NULL)
#3 /home/u696785263/domains/keyind.in/public_html/haryanvi/vendor/codeigniter4/framework/system/CodeIgniter.php(384): CodeIgniter\Filters\Filters->run('dashboard', 'before')
#4 /home/u696785263/domains/keyind.in/public_html/haryanvi/vendor/codeigniter4/framework/system/CodeIgniter.php(318): CodeIgniter\CodeIgniter->handleRequest(NULL, Object(Config\Cache), false)
#5 /home/u696785263/domains/keyind.in/public_html/haryanvi/public/index.php(37): CodeIgniter\CodeIgniter->run()
#6 {main}
CRITICAL - 2021-12-10 13:51:55 --> Trying to get property 'level' of non-object
#0 /home/u696785263/domains/keyind.in/public_html/haryanvi/app/Models/UserModel.php(62): CodeIgniter\Debug\Exceptions->errorHandler(8, 'Trying to get p...', '/home/u69678526...', 62, Array)
#1 /home/u696785263/domains/keyind.in/public_html/haryanvi/app/Filters/AuthFilter.php(19): App\Models\UserModel->checkAuthFilter()
#2 /home/u696785263/domains/keyind.in/public_html/haryanvi/vendor/codeigniter4/framework/system/Filters/Filters.php(173): App\Filters\AuthFilter->before(Object(CodeIgniter\HTTP\IncomingRequest), NULL)
#3 /home/u696785263/domains/keyind.in/public_html/haryanvi/vendor/codeigniter4/framework/system/CodeIgniter.php(384): CodeIgniter\Filters\Filters->run('keys/generate', 'before')
#4 /home/u696785263/domains/keyind.in/public_html/haryanvi/vendor/codeigniter4/framework/system/CodeIgniter.php(318): CodeIgniter\CodeIgniter->handleRequest(NULL, Object(Config\Cache), false)
#5 /home/u696785263/domains/keyind.in/public_html/haryanvi/public/index.php(37): CodeIgniter\CodeIgniter->run()
#6 {main}
CRITICAL - 2021-12-10 13:52:00 --> Trying to get property 'level' of non-object
#0 /home/u696785263/domains/keyind.in/public_html/haryanvi/app/Models/UserModel.php(62): CodeIgniter\Debug\Exceptions->errorHandler(8, 'Trying to get p...', '/home/u69678526...', 62, Array)
#1 /home/u696785263/domains/keyind.in/public_html/haryanvi/app/Filters/AuthFilter.php(19): App\Models\UserModel->checkAuthFilter()
#2 /home/u696785263/domains/keyind.in/public_html/haryanvi/vendor/codeigniter4/framework/system/Filters/Filters.php(173): App\Filters\AuthFilter->before(Object(CodeIgniter\HTTP\IncomingRequest), NULL)
#3 /home/u696785263/domains/keyind.in/public_html/haryanvi/vendor/codeigniter4/framework/system/CodeIgniter.php(384): CodeIgniter\Filters\Filters->run('keys', 'before')
#4 /home/u696785263/domains/keyind.in/public_html/haryanvi/vendor/codeigniter4/framework/system/CodeIgniter.php(318): CodeIgniter\CodeIgniter->handleRequest(NULL, Object(Config\Cache), false)
#5 /home/u696785263/domains/keyind.in/public_html/haryanvi/public/index.php(37): CodeIgniter\CodeIgniter->run()
#6 {main}
CRITICAL - 2021-12-10 13:52:06 --> Trying to get property 'level' of non-object
#0 /home/u696785263/domains/keyind.in/public_html/haryanvi/app/Models/UserModel.php(62): CodeIgniter\Debug\Exceptions->errorHandler(8, 'Trying to get p...', '/home/u69678526...', 62, Array)
#1 /home/u696785263/domains/keyind.in/public_html/haryanvi/app/Filters/AuthFilter.php(19): App\Models\UserModel->checkAuthFilter()
#2 /home/u696785263/domains/keyind.in/public_html/haryanvi/vendor/codeigniter4/framework/system/Filters/Filters.php(173): App\Filters\AuthFilter->before(Object(CodeIgniter\HTTP\IncomingRequest), NULL)
#3 /home/u696785263/domains/keyind.in/public_html/haryanvi/vendor/codeigniter4/framework/system/CodeIgniter.php(384): CodeIgniter\Filters\Filters->run('dashboard', 'before')
#4 /home/u696785263/domains/keyind.in/public_html/haryanvi/vendor/codeigniter4/framework/system/CodeIgniter.php(318): CodeIgniter\CodeIgniter->handleRequest(NULL, Object(Config\Cache), false)
#5 /home/u696785263/domains/keyind.in/public_html/haryanvi/public/index.php(37): CodeIgniter\CodeIgniter->run()
#6 {main}
CRITICAL - 2021-12-10 13:52:08 --> Trying to get property 'level' of non-object
#0 /home/u696785263/domains/keyind.in/public_html/haryanvi/app/Models/UserModel.php(62): CodeIgniter\Debug\Exceptions->errorHandler(8, 'Trying to get p...', '/home/u69678526...', 62, Array)
#1 /home/u696785263/domains/keyind.in/public_html/haryanvi/app/Filters/AuthFilter.php(19): App\Models\UserModel->checkAuthFilter()
#2 /home/u696785263/domains/keyind.in/public_html/haryanvi/vendor/codeigniter4/framework/system/Filters/Filters.php(173): App\Filters\AuthFilter->before(Object(CodeIgniter\HTTP\IncomingRequest), NULL)
#3 /home/u696785263/domains/keyind.in/public_html/haryanvi/vendor/codeigniter4/framework/system/CodeIgniter.php(384): CodeIgniter\Filters\Filters->run('dashboard', 'before')
#4 /home/u696785263/domains/keyind.in/public_html/haryanvi/vendor/codeigniter4/framework/system/CodeIgniter.php(318): CodeIgniter\CodeIgniter->handleRequest(NULL, Object(Config\Cache), false)
#5 /home/u696785263/domains/keyind.in/public_html/haryanvi/public/index.php(37): CodeIgniter\CodeIgniter->run()
#6 {main}
CRITICAL - 2021-12-10 13:52:41 --> Trying to get property 'level' of non-object
#0 /home/u696785263/domains/keyind.in/public_html/haryanvi/app/Models/UserModel.php(62): CodeIgniter\Debug\Exceptions->errorHandler(8, 'Trying to get p...', '/home/u69678526...', 62, Array)
#1 /home/u696785263/domains/keyind.in/public_html/haryanvi/app/Filters/AuthFilter.php(19): App\Models\UserModel->checkAuthFilter()
#2 /home/u696785263/domains/keyind.in/public_html/haryanvi/vendor/codeigniter4/framework/system/Filters/Filters.php(173): App\Filters\AuthFilter->before(Object(CodeIgniter\HTTP\IncomingRequest), NULL)
#3 /home/u696785263/domains/keyind.in/public_html/haryanvi/vendor/codeigniter4/framework/system/CodeIgniter.php(384): CodeIgniter\Filters\Filters->run('dashboard', 'before')
#4 /home/u696785263/domains/keyind.in/public_html/haryanvi/vendor/codeigniter4/framework/system/CodeIgniter.php(318): CodeIgniter\CodeIgniter->handleRequest(NULL, Object(Config\Cache), false)
#5 /home/u696785263/domains/keyind.in/public_html/haryanvi/public/index.php(37): CodeIgniter\CodeIgniter->run()
#6 {main}
CRITICAL - 2021-12-10 13:52:55 --> Trying to get property 'level' of non-object
#0 /home/u696785263/domains/keyind.in/public_html/haryanvi/app/Models/UserModel.php(62): CodeIgniter\Debug\Exceptions->errorHandler(8, 'Trying to get p...', '/home/u69678526...', 62, Array)
#1 /home/u696785263/domains/keyind.in/public_html/haryanvi/app/Filters/AuthFilter.php(19): App\Models\UserModel->checkAuthFilter()
#2 /home/u696785263/domains/keyind.in/public_html/haryanvi/vendor/codeigniter4/framework/system/Filters/Filters.php(173): App\Filters\AuthFilter->before(Object(CodeIgniter\HTTP\IncomingRequest), NULL)
#3 /home/u696785263/domains/keyind.in/public_html/haryanvi/vendor/codeigniter4/framework/system/CodeIgniter.php(384): CodeIgniter\Filters\Filters->run('dashboard', 'before')
#4 /home/u696785263/domains/keyind.in/public_html/haryanvi/vendor/codeigniter4/framework/system/CodeIgniter.php(318): CodeIgniter\CodeIgniter->handleRequest(NULL, Object(Config\Cache), false)
#5 /home/u696785263/domains/keyind.in/public_html/haryanvi/public/index.php(37): CodeIgniter\CodeIgniter->run()
#6 {main}
CRITICAL - 2021-12-10 13:58:41 --> Trying to get property 'level' of non-object
#0 /home/u696785263/domains/keyind.in/public_html/haryanvi/app/Models/UserModel.php(62): CodeIgniter\Debug\Exceptions->errorHandler(8, 'Trying to get p...', '/home/u69678526...', 62, Array)
#1 /home/u696785263/domains/keyind.in/public_html/haryanvi/app/Filters/AuthFilter.php(19): App\Models\UserModel->checkAuthFilter()
#2 /home/u696785263/domains/keyind.in/public_html/haryanvi/vendor/codeigniter4/framework/system/Filters/Filters.php(173): App\Filters\AuthFilter->before(Object(CodeIgniter\HTTP\IncomingRequest), NULL)
#3 /home/u696785263/domains/keyind.in/public_html/haryanvi/vendor/codeigniter4/framework/system/CodeIgniter.php(384): CodeIgniter\Filters\Filters->run('keys', 'before')
#4 /home/u696785263/domains/keyind.in/public_html/haryanvi/vendor/codeigniter4/framework/system/CodeIgniter.php(318): CodeIgniter\CodeIgniter->handleRequest(NULL, Object(Config\Cache), false)
#5 /home/u696785263/domains/keyind.in/public_html/haryanvi/public/index.php(37): CodeIgniter\CodeIgniter->run()
#6 {main}
CRITICAL - 2021-12-10 13:58:47 --> Trying to get property 'level' of non-object
#0 /home/u696785263/domains/keyind.in/public_html/haryanvi/app/Models/UserModel.php(62): CodeIgniter\Debug\Exceptions->errorHandler(8, 'Trying to get p...', '/home/u69678526...', 62, Array)
#1 /home/u696785263/domains/keyind.in/public_html/haryanvi/app/Filters/AuthFilter.php(19): App\Models\UserModel->checkAuthFilter()
#2 /home/u696785263/domains/keyind.in/public_html/haryanvi/vendor/codeigniter4/framework/system/Filters/Filters.php(173): App\Filters\AuthFilter->before(Object(CodeIgniter\HTTP\IncomingRequest), NULL)
#3 /home/u696785263/domains/keyind.in/public_html/haryanvi/vendor/codeigniter4/framework/system/CodeIgniter.php(384): CodeIgniter\Filters\Filters->run('settings', 'before')
#4 /home/u696785263/domains/keyind.in/public_html/haryanvi/vendor/codeigniter4/framework/system/CodeIgniter.php(318): CodeIgniter\CodeIgniter->handleRequest(NULL, Object(Config\Cache), false)
#5 /home/u696785263/domains/keyind.in/public_html/haryanvi/public/index.php(37): CodeIgniter\CodeIgniter->run()
#6 {main}
CRITICAL - 2021-12-10 13:59:07 --> Trying to get property 'level' of non-object
#0 /home/u696785263/domains/keyind.in/public_html/haryanvi/app/Models/UserModel.php(62): CodeIgniter\Debug\Exceptions->errorHandler(8, 'Trying to get p...', '/home/u69678526...', 62, Array)
#1 /home/u696785263/domains/keyind.in/public_html/haryanvi/app/Filters/AuthFilter.php(19): App\Models\UserModel->checkAuthFilter()
#2 /home/u696785263/domains/keyind.in/public_html/haryanvi/vendor/codeigniter4/framework/system/Filters/Filters.php(173): App\Filters\AuthFilter->before(Object(CodeIgniter\HTTP\IncomingRequest), NULL)
#3 /home/u696785263/domains/keyind.in/public_html/haryanvi/vendor/codeigniter4/framework/system/CodeIgniter.php(384): CodeIgniter\Filters\Filters->run('keys', 'before')
#4 /home/u696785263/domains/keyind.in/public_html/haryanvi/vendor/codeigniter4/framework/system/CodeIgniter.php(318): CodeIgniter\CodeIgniter->handleRequest(NULL, Object(Config\Cache), false)
#5 /home/u696785263/domains/keyind.in/public_html/haryanvi/public/index.php(37): CodeIgniter\CodeIgniter->run()
#6 {main}
CRITICAL - 2021-12-10 13:59:14 --> Trying to get property 'level' of non-object
#0 /home/u696785263/domains/keyind.in/public_html/haryanvi/app/Models/UserModel.php(62): CodeIgniter\Debug\Exceptions->errorHandler(8, 'Trying to get p...', '/home/u69678526...', 62, Array)
#1 /home/u696785263/domains/keyind.in/public_html/haryanvi/app/Filters/AuthFilter.php(19): App\Models\UserModel->checkAuthFilter()
#2 /home/u696785263/domains/keyind.in/public_html/haryanvi/vendor/codeigniter4/framework/system/Filters/Filters.php(173): App\Filters\AuthFilter->before(Object(CodeIgniter\HTTP\IncomingRequest), NULL)
#3 /home/u696785263/domains/keyind.in/public_html/haryanvi/vendor/codeigniter4/framework/system/CodeIgniter.php(384): CodeIgniter\Filters\Filters->run('dashboard', 'before')
#4 /home/u696785263/domains/keyind.in/public_html/haryanvi/vendor/codeigniter4/framework/system/CodeIgniter.php(318): CodeIgniter\CodeIgniter->handleRequest(NULL, Object(Config\Cache), false)
#5 /home/u696785263/domains/keyind.in/public_html/haryanvi/public/index.php(37): CodeIgniter\CodeIgniter->run()
#6 {main}
CRITICAL - 2021-12-10 13:59:48 --> Trying to get property 'level' of non-object
#0 /home/u696785263/domains/keyind.in/public_html/haryanvi/app/Models/UserModel.php(62): CodeIgniter\Debug\Exceptions->errorHandler(8, 'Trying to get p...', '/home/u69678526...', 62, Array)
#1 /home/u696785263/domains/keyind.in/public_html/haryanvi/app/Filters/AuthFilter.php(19): App\Models\UserModel->checkAuthFilter()
#2 /home/u696785263/domains/keyind.in/public_html/haryanvi/vendor/codeigniter4/framework/system/Filters/Filters.php(173): App\Filters\AuthFilter->before(Object(CodeIgniter\HTTP\IncomingRequest), NULL)
#3 /home/u696785263/domains/keyind.in/public_html/haryanvi/vendor/codeigniter4/framework/system/CodeIgniter.php(384): CodeIgniter\Filters\Filters->run('keys', 'before')
#4 /home/u696785263/domains/keyind.in/public_html/haryanvi/vendor/codeigniter4/framework/system/CodeIgniter.php(318): CodeIgniter\CodeIgniter->handleRequest(NULL, Object(Config\Cache), false)
#5 /home/u696785263/domains/keyind.in/public_html/haryanvi/public/index.php(37): CodeIgniter\CodeIgniter->run()
#6 {main}
CRITICAL - 2021-12-10 14:08:19 --> Trying to get property 'level' of non-object
#0 /home/u696785263/domains/keyind.in/public_html/haryanvi/app/Models/UserModel.php(62): CodeIgniter\Debug\Exceptions->errorHandler(8, 'Trying to get p...', '/home/u69678526...', 62, Array)
#1 /home/u696785263/domains/keyind.in/public_html/haryanvi/app/Filters/AuthFilter.php(19): App\Models\UserModel->checkAuthFilter()
#2 /home/u696785263/domains/keyind.in/public_html/haryanvi/vendor/codeigniter4/framework/system/Filters/Filters.php(173): App\Filters\AuthFilter->before(Object(CodeIgniter\HTTP\IncomingRequest), NULL)
#3 /home/u696785263/domains/keyind.in/public_html/haryanvi/vendor/codeigniter4/framework/system/CodeIgniter.php(384): CodeIgniter\Filters\Filters->run('dashboard', 'before')
#4 /home/u696785263/domains/keyind.in/public_html/haryanvi/vendor/codeigniter4/framework/system/CodeIgniter.php(318): CodeIgniter\CodeIgniter->handleRequest(NULL, Object(Config\Cache), false)
#5 /home/u696785263/domains/keyind.in/public_html/haryanvi/public/index.php(37): CodeIgniter\CodeIgniter->run()
#6 {main}
CRITICAL - 2021-12-10 14:08:21 --> Trying to get property 'level' of non-object
#0 /home/u696785263/domains/keyind.in/public_html/haryanvi/app/Models/UserModel.php(62): CodeIgniter\Debug\Exceptions->errorHandler(8, 'Trying to get p...', '/home/u69678526...', 62, Array)
#1 /home/u696785263/domains/keyind.in/public_html/haryanvi/app/Filters/AuthFilter.php(19): App\Models\UserModel->checkAuthFilter()
#2 /home/u696785263/domains/keyind.in/public_html/haryanvi/vendor/codeigniter4/framework/system/Filters/Filters.php(173): App\Filters\AuthFilter->before(Object(CodeIgniter\HTTP\IncomingRequest), NULL)
#3 /home/u696785263/domains/keyind.in/public_html/haryanvi/vendor/codeigniter4/framework/system/CodeIgniter.php(384): CodeIgniter\Filters\Filters->run('dashboard', 'before')
#4 /home/u696785263/domains/keyind.in/public_html/haryanvi/vendor/codeigniter4/framework/system/CodeIgniter.php(318): CodeIgniter\CodeIgniter->handleRequest(NULL, Object(Config\Cache), false)
#5 /home/u696785263/domains/keyind.in/public_html/haryanvi/public/index.php(37): CodeIgniter\CodeIgniter->run()
#6 {main}
CRITICAL - 2021-12-10 16:42:33 --> Trying to get property 'level' of non-object
#0 /home/u696785263/domains/keyind.in/public_html/haryanvi/app/Models/UserModel.php(62): CodeIgniter\Debug\Exceptions->errorHandler(8, 'Trying to get p...', '/home/u69678526...', 62, Array)
#1 /home/u696785263/domains/keyind.in/public_html/haryanvi/app/Filters/AuthFilter.php(19): App\Models\UserModel->checkAuthFilter()
#2 /home/u696785263/domains/keyind.in/public_html/haryanvi/vendor/codeigniter4/framework/system/Filters/Filters.php(173): App\Filters\AuthFilter->before(Object(CodeIgniter\HTTP\IncomingRequest), NULL)
#3 /home/u696785263/domains/keyind.in/public_html/haryanvi/vendor/codeigniter4/framework/system/CodeIgniter.php(384): CodeIgniter\Filters\Filters->run('dashboard', 'before')
#4 /home/u696785263/domains/keyind.in/public_html/haryanvi/vendor/codeigniter4/framework/system/CodeIgniter.php(318): CodeIgniter\CodeIgniter->handleRequest(NULL, Object(Config\Cache), false)
#5 /home/u696785263/domains/keyind.in/public_html/haryanvi/public/index.php(37): CodeIgniter\CodeIgniter->run()
#6 {main}
CRITICAL - 2021-12-10 18:39:30 --> Trying to get property 'level' of non-object
#0 /home/u696785263/domains/keyind.in/public_html/haryanvi/app/Models/UserModel.php(62): CodeIgniter\Debug\Exceptions->errorHandler(8, 'Trying to get p...', '/home/u69678526...', 62, Array)
#1 /home/u696785263/domains/keyind.in/public_html/haryanvi/app/Filters/AuthFilter.php(19): App\Models\UserModel->checkAuthFilter()
#2 /home/u696785263/domains/keyind.in/public_html/haryanvi/vendor/codeigniter4/framework/system/Filters/Filters.php(173): App\Filters\AuthFilter->before(Object(CodeIgniter\HTTP\IncomingRequest), NULL)
#3 /home/u696785263/domains/keyind.in/public_html/haryanvi/vendor/codeigniter4/framework/system/CodeIgniter.php(384): CodeIgniter\Filters\Filters->run('keys', 'before')
#4 /home/u696785263/domains/keyind.in/public_html/haryanvi/vendor/codeigniter4/framework/system/CodeIgniter.php(318): CodeIgniter\CodeIgniter->handleRequest(NULL, Object(Config\Cache), false)
#5 /home/u696785263/domains/keyind.in/public_html/haryanvi/public/index.php(37): CodeIgniter\CodeIgniter->run()
#6 {main}
CRITICAL - 2021-12-10 18:39:49 --> Trying to get property 'level' of non-object
#0 /home/u696785263/domains/keyind.in/public_html/haryanvi/app/Models/UserModel.php(62): CodeIgniter\Debug\Exceptions->errorHandler(8, 'Trying to get p...', '/home/u69678526...', 62, Array)
#1 /home/u696785263/domains/keyind.in/public_html/haryanvi/app/Filters/AuthFilter.php(19): App\Models\UserModel->checkAuthFilter()
#2 /home/u696785263/domains/keyind.in/public_html/haryanvi/vendor/codeigniter4/framework/system/Filters/Filters.php(173): App\Filters\AuthFilter->before(Object(CodeIgniter\HTTP\IncomingRequest), NULL)
#3 /home/u696785263/domains/keyind.in/public_html/haryanvi/vendor/codeigniter4/framework/system/CodeIgniter.php(384): CodeIgniter\Filters\Filters->run('dashboard', 'before')
#4 /home/u696785263/domains/keyind.in/public_html/haryanvi/vendor/codeigniter4/framework/system/CodeIgniter.php(318): CodeIgniter\CodeIgniter->handleRequest(NULL, Object(Config\Cache), false)
#5 /home/u696785263/domains/keyind.in/public_html/haryanvi/public/index.php(37): CodeIgniter\CodeIgniter->run()
#6 {main}
CRITICAL - 2021-12-10 22:30:46 --> Trying to get property 'level' of non-object
#0 /home/u696785263/domains/keyind.in/public_html/haryanvi/app/Models/UserModel.php(62): CodeIgniter\Debug\Exceptions->errorHandler(8, 'Trying to get p...', '/home/u69678526...', 62, Array)
#1 /home/u696785263/domains/keyind.in/public_html/haryanvi/app/Filters/AuthFilter.php(19): App\Models\UserModel->checkAuthFilter()
#2 /home/u696785263/domains/keyind.in/public_html/haryanvi/vendor/codeigniter4/framework/system/Filters/Filters.php(173): App\Filters\AuthFilter->before(Object(CodeIgniter\HTTP\IncomingRequest), NULL)
#3 /home/u696785263/domains/keyind.in/public_html/haryanvi/vendor/codeigniter4/framework/system/CodeIgniter.php(384): CodeIgniter\Filters\Filters->run('dashboard', 'before')
#4 /home/u696785263/domains/keyind.in/public_html/haryanvi/vendor/codeigniter4/framework/system/CodeIgniter.php(318): CodeIgniter\CodeIgniter->handleRequest(NULL, Object(Config\Cache), false)
#5 /home/u696785263/domains/keyind.in/public_html/haryanvi/public/index.php(37): CodeIgniter\CodeIgniter->run()
#6 {main}
CRITICAL - 2021-12-10 23:34:51 --> Trying to get property 'level' of non-object
#0 /home/u696785263/domains/keyind.in/public_html/haryanvi/app/Models/UserModel.php(62): CodeIgniter\Debug\Exceptions->errorHandler(8, 'Trying to get p...', '/home/u69678526...', 62, Array)
#1 /home/u696785263/domains/keyind.in/public_html/haryanvi/app/Filters/AuthFilter.php(19): App\Models\UserModel->checkAuthFilter()
#2 /home/u696785263/domains/keyind.in/public_html/haryanvi/vendor/codeigniter4/framework/system/Filters/Filters.php(173): App\Filters\AuthFilter->before(Object(CodeIgniter\HTTP\IncomingRequest), NULL)
#3 /home/u696785263/domains/keyind.in/public_html/haryanvi/vendor/codeigniter4/framework/system/CodeIgniter.php(384): CodeIgniter\Filters\Filters->run('dashboard', 'before')
#4 /home/u696785263/domains/keyind.in/public_html/haryanvi/vendor/codeigniter4/framework/system/CodeIgniter.php(318): CodeIgniter\CodeIgniter->handleRequest(NULL, Object(Config\Cache), false)
#5 /home/u696785263/domains/keyind.in/public_html/haryanvi/public/index.php(37): CodeIgniter\CodeIgniter->run()
#6 {main}
CRITICAL - 2021-12-10 23:35:05 --> Trying to get property 'level' of non-object
#0 /home/u696785263/domains/keyind.in/public_html/haryanvi/app/Models/UserModel.php(62): CodeIgniter\Debug\Exceptions->errorHandler(8, 'Trying to get p...', '/home/u69678526...', 62, Array)
#1 /home/u696785263/domains/keyind.in/public_html/haryanvi/app/Filters/AuthFilter.php(19): App\Models\UserModel->checkAuthFilter()
#2 /home/u696785263/domains/keyind.in/public_html/haryanvi/vendor/codeigniter4/framework/system/Filters/Filters.php(173): App\Filters\AuthFilter->before(Object(CodeIgniter\HTTP\IncomingRequest), NULL)
#3 /home/u696785263/domains/keyind.in/public_html/haryanvi/vendor/codeigniter4/framework/system/CodeIgniter.php(384): CodeIgniter\Filters\Filters->run('dashboard', 'before')
#4 /home/u696785263/domains/keyind.in/public_html/haryanvi/vendor/codeigniter4/framework/system/CodeIgniter.php(318): CodeIgniter\CodeIgniter->handleRequest(NULL, Object(Config\Cache), false)
#5 /home/u696785263/domains/keyind.in/public_html/haryanvi/public/index.php(37): CodeIgniter\CodeIgniter->run()
#6 {main}
