CRITICAL - 2021-07-31 08:28:46 --> A non well formed numeric value encountered
#0 C:\laragon\www\kuro\vendor\codeigniter4\framework\system\I18n\Time.php(229): CodeIgniter\Debug\Exceptions->errorHandler(8, 'A non well form...', 'C:\\laragon\\www\\...', 229, Array)
#1 C:\laragon\www\kuro\app\Models\KeysModel.php(56): CodeIgniter\I18n\Time::createFromTime('08:10:51')
#2 C:\laragon\www\kuro\vendor\hermawan\codeigniter4-datatables\src\DataTableQuery.php(97): App\Models\KeysModel->App\Models\{closure}('2021-08-31 08:1...')
#3 C:\laragon\www\kuro\vendor\hermawan\codeigniter4-datatables\src\DataTable.php(175): Hermawan\DataTables\DataTableQuery->getDataResult()
#4 C:\laragon\www\kuro\app\Models\KeysModel.php(59): Hermawan\DataTables\DataTable->toJson(true)
#5 C:\laragon\www\kuro\app\Controllers\Keys.php(42): App\Models\KeysModel->API_getKeys()
#6 C:\laragon\www\kuro\vendor\codeigniter4\framework\system\CodeIgniter.php(928): App\Controllers\Keys->api_get_keys()
#7 C:\laragon\www\kuro\vendor\codeigniter4\framework\system\CodeIgniter.php(436): CodeIgniter\CodeIgniter->runController(Object(App\Controllers\Keys))
#8 C:\laragon\www\kuro\vendor\codeigniter4\framework\system\CodeIgniter.php(336): CodeIgniter\CodeIgniter->handleRequest(NULL, Object(Config\Cache), false)
#9 C:\laragon\www\kuro\public\index.php(37): CodeIgniter\CodeIgniter->run()
#10 {main}
CRITICAL - 2021-07-31 08:28:54 --> A non well formed numeric value encountered
#0 C:\laragon\www\kuro\vendor\codeigniter4\framework\system\I18n\Time.php(229): CodeIgniter\Debug\Exceptions->errorHandler(8, 'A non well form...', 'C:\\laragon\\www\\...', 229, Array)
#1 C:\laragon\www\kuro\app\Models\KeysModel.php(56): CodeIgniter\I18n\Time::createFromTime('08:10:51')
#2 C:\laragon\www\kuro\vendor\hermawan\codeigniter4-datatables\src\DataTableQuery.php(97): App\Models\KeysModel->App\Models\{closure}('2021-08-31 08:1...')
#3 C:\laragon\www\kuro\vendor\hermawan\codeigniter4-datatables\src\DataTable.php(175): Hermawan\DataTables\DataTableQuery->getDataResult()
#4 C:\laragon\www\kuro\app\Models\KeysModel.php(59): Hermawan\DataTables\DataTable->toJson(true)
#5 C:\laragon\www\kuro\app\Controllers\Keys.php(42): App\Models\KeysModel->API_getKeys()
#6 C:\laragon\www\kuro\vendor\codeigniter4\framework\system\CodeIgniter.php(928): App\Controllers\Keys->api_get_keys()
#7 C:\laragon\www\kuro\vendor\codeigniter4\framework\system\CodeIgniter.php(436): CodeIgniter\CodeIgniter->runController(Object(App\Controllers\Keys))
#8 C:\laragon\www\kuro\vendor\codeigniter4\framework\system\CodeIgniter.php(336): CodeIgniter\CodeIgniter->handleRequest(NULL, Object(Config\Cache), false)
#9 C:\laragon\www\kuro\public\index.php(37): CodeIgniter\CodeIgniter->run()
#10 {main}
CRITICAL - 2021-07-31 09:24:06 --> count(): Parameter must be an array or an object that implements Countable
#0 [internal function]: CodeIgniter\Debug\Exceptions->errorHandler(2, 'count(): Parame...', 'C:\\laragon\\www\\...', 49, Array)
#1 C:\laragon\www\kuro\app\Models\KeysModel.php(49): count('['asdsaw8123']')
#2 C:\laragon\www\kuro\vendor\hermawan\codeigniter4-datatables\src\DataTableQuery.php(97): App\Models\KeysModel->App\Models\{closure}('['asdsaw8123']')
#3 C:\laragon\www\kuro\vendor\hermawan\codeigniter4-datatables\src\DataTable.php(175): Hermawan\DataTables\DataTableQuery->getDataResult()
#4 C:\laragon\www\kuro\app\Models\KeysModel.php(56): Hermawan\DataTables\DataTable->toJson(true)
#5 C:\laragon\www\kuro\app\Controllers\Keys.php(42): App\Models\KeysModel->API_getKeys()
#6 C:\laragon\www\kuro\vendor\codeigniter4\framework\system\CodeIgniter.php(928): App\Controllers\Keys->api_get_keys()
#7 C:\laragon\www\kuro\vendor\codeigniter4\framework\system\CodeIgniter.php(436): CodeIgniter\CodeIgniter->runController(Object(App\Controllers\Keys))
#8 C:\laragon\www\kuro\vendor\codeigniter4\framework\system\CodeIgniter.php(336): CodeIgniter\CodeIgniter->handleRequest(NULL, Object(Config\Cache), false)
#9 C:\laragon\www\kuro\public\index.php(37): CodeIgniter\CodeIgniter->run()
#10 {main}
CRITICAL - 2021-07-31 09:26:05 --> count(): Parameter must be an array or an object that implements Countable
#0 [internal function]: CodeIgniter\Debug\Exceptions->errorHandler(2, 'count(): Parame...', 'C:\\laragon\\www\\...', 49, Array)
#1 C:\laragon\www\kuro\app\Models\KeysModel.php(49): count('["abc"]')
#2 C:\laragon\www\kuro\vendor\hermawan\codeigniter4-datatables\src\DataTableQuery.php(97): App\Models\KeysModel->App\Models\{closure}('["abc"]')
#3 C:\laragon\www\kuro\vendor\hermawan\codeigniter4-datatables\src\DataTable.php(175): Hermawan\DataTables\DataTableQuery->getDataResult()
#4 C:\laragon\www\kuro\app\Models\KeysModel.php(56): Hermawan\DataTables\DataTable->toJson(true)
#5 C:\laragon\www\kuro\app\Controllers\Keys.php(42): App\Models\KeysModel->API_getKeys()
#6 C:\laragon\www\kuro\vendor\codeigniter4\framework\system\CodeIgniter.php(928): App\Controllers\Keys->api_get_keys()
#7 C:\laragon\www\kuro\vendor\codeigniter4\framework\system\CodeIgniter.php(436): CodeIgniter\CodeIgniter->runController(Object(App\Controllers\Keys))
#8 C:\laragon\www\kuro\vendor\codeigniter4\framework\system\CodeIgniter.php(336): CodeIgniter\CodeIgniter->handleRequest(NULL, Object(Config\Cache), false)
#9 C:\laragon\www\kuro\public\index.php(37): CodeIgniter\CodeIgniter->run()
#10 {main}
CRITICAL - 2021-07-31 10:24:22 --> Failed to parse json string, error: "Malformed UTF-8 characters, possibly incorrectly encoded".
#0 C:\laragon\www\kuro\vendor\codeigniter4\framework\system\Format\JSONFormatter.php(42): CodeIgniter\Format\Exceptions\FormatException::forInvalidJSON('Malformed UTF-8...')
#1 C:\laragon\www\kuro\vendor\codeigniter4\framework\system\HTTP\ResponseTrait.php(331): CodeIgniter\Format\JSONFormatter->format(Array)
#2 C:\laragon\www\kuro\vendor\codeigniter4\framework\system\HTTP\ResponseTrait.php(256): CodeIgniter\HTTP\Response->formatBody(Array, 'json')
#3 C:\laragon\www\kuro\app\Controllers\Keys.php(51): CodeIgniter\HTTP\Response->setJSON(Array)
#4 C:\laragon\www\kuro\vendor\codeigniter4\framework\system\CodeIgniter.php(928): App\Controllers\Keys->api_key_reset('undefined')
#5 C:\laragon\www\kuro\vendor\codeigniter4\framework\system\CodeIgniter.php(436): CodeIgniter\CodeIgniter->runController(Object(App\Controllers\Keys))
#6 C:\laragon\www\kuro\vendor\codeigniter4\framework\system\CodeIgniter.php(336): CodeIgniter\CodeIgniter->handleRequest(NULL, Object(Config\Cache), false)
#7 C:\laragon\www\kuro\public\index.php(37): CodeIgniter\CodeIgniter->run()
#8 {main}
CRITICAL - 2021-07-31 10:24:22 --> Uncaught CodeIgniter\Format\Exceptions\FormatException: Failed to parse json string, error: "Malformed UTF-8 characters, possibly incorrectly encoded". in C:\laragon\www\kuro\vendor\codeigniter4\framework\system\Format\JSONFormatter.php:42
Stack trace:
#0 C:\laragon\www\kuro\vendor\codeigniter4\framework\system\Format\JSONFormatter.php(42): CodeIgniter\Format\Exceptions\FormatException::forInvalidJSON('Malformed UTF-8...')
#1 C:\laragon\www\kuro\vendor\codeigniter4\framework\system\API\ResponseTrait.php(423): CodeIgniter\Format\JSONFormatter->format(Array)
#2 C:\laragon\www\kuro\vendor\codeigniter4\framework\system\API\ResponseTrait.php(114): CodeIgniter\Debug\Exceptions->format(Array)
#3 C:\laragon\www\kuro\vendor\codeigniter4\framework\system\Debug\Exceptions.php(141): CodeIgniter\Debug\Exceptions->respond(Array, 500)
#4 [internal function]: CodeIgniter\Debug\Exceptions->exceptionHandler(Object(CodeIgniter\Format\Exceptions\FormatException))
#5 {main}
  thrown
#0 [internal function]: CodeIgniter\Debug\Exceptions->shutdownHandler()
#1 {main}
CRITICAL - 2021-07-31 11:22:07 --> Call to undefined method CodeIgniter\Database\MySQLi\Result::where()
#0 C:\laragon\www\kuro\app\Controllers\Keys.php(50): App\Models\KeysModel->getKeys('dFdqMDMYRTlpZk5...')
#1 C:\laragon\www\kuro\vendor\codeigniter4\framework\system\CodeIgniter.php(928): App\Controllers\Keys->api_key_reset()
#2 C:\laragon\www\kuro\vendor\codeigniter4\framework\system\CodeIgniter.php(436): CodeIgniter\CodeIgniter->runController(Object(App\Controllers\Keys))
#3 C:\laragon\www\kuro\vendor\codeigniter4\framework\system\CodeIgniter.php(336): CodeIgniter\CodeIgniter->handleRequest(NULL, Object(Config\Cache), false)
#4 C:\laragon\www\kuro\public\index.php(37): CodeIgniter\CodeIgniter->run()
#5 {main}
CRITICAL - 2021-07-31 11:23:14 --> Call to undefined method CodeIgniter\Database\MySQLi\Result::where()
#0 C:\laragon\www\kuro\app\Controllers\Keys.php(51): App\Models\KeysModel->getKeys('tWj03\x18E9ifNdcqx...')
#1 C:\laragon\www\kuro\vendor\codeigniter4\framework\system\CodeIgniter.php(928): App\Controllers\Keys->api_key_reset()
#2 C:\laragon\www\kuro\vendor\codeigniter4\framework\system\CodeIgniter.php(436): CodeIgniter\CodeIgniter->runController(Object(App\Controllers\Keys))
#3 C:\laragon\www\kuro\vendor\codeigniter4\framework\system\CodeIgniter.php(336): CodeIgniter\CodeIgniter->handleRequest(NULL, Object(Config\Cache), false)
#4 C:\laragon\www\kuro\public\index.php(37): CodeIgniter\CodeIgniter->run()
#5 {main}
ERROR - 2021-07-31 11:24:17 --> Illegal mix of collations (latin1_swedish_ci,IMPLICIT) and (utf8_general_ci,COERCIBLE) for operation '='
CRITICAL - 2021-07-31 11:24:17 --> Illegal mix of collations (latin1_swedish_ci,IMPLICIT) and (utf8_general_ci,COERCIBLE) for operation '='
#0 C:\laragon\www\kuro\vendor\codeigniter4\framework\system\Database\MySQLi\Connection.php(329): mysqli->query('SELECT *\nFROM `...')
#1 C:\laragon\www\kuro\vendor\codeigniter4\framework\system\Database\BaseConnection.php(732): CodeIgniter\Database\MySQLi\Connection->execute('SELECT *\nFROM `...')
#2 C:\laragon\www\kuro\vendor\codeigniter4\framework\system\Database\BaseConnection.php(647): CodeIgniter\Database\BaseConnection->simpleQuery('SELECT *\nFROM `...')
#3 C:\laragon\www\kuro\vendor\codeigniter4\framework\system\Database\BaseBuilder.php(1881): CodeIgniter\Database\BaseConnection->query('SELECT *\nFROM `...', Array, false)
#4 C:\laragon\www\kuro\vendor\codeigniter4\framework\system\Model.php(800): CodeIgniter\Database\BaseBuilder->get()
#5 C:\laragon\www\kuro\app\Models\KeysModel.php(19): CodeIgniter\Model->__call('get', Array)
#6 C:\laragon\www\kuro\app\Controllers\Keys.php(51): App\Models\KeysModel->getKeys('\xB5h\xF4\xDDq=\x89\xF3]r\xACI')
#7 C:\laragon\www\kuro\vendor\codeigniter4\framework\system\CodeIgniter.php(928): App\Controllers\Keys->api_key_reset()
#8 C:\laragon\www\kuro\vendor\codeigniter4\framework\system\CodeIgniter.php(436): CodeIgniter\CodeIgniter->runController(Object(App\Controllers\Keys))
#9 C:\laragon\www\kuro\vendor\codeigniter4\framework\system\CodeIgniter.php(336): CodeIgniter\CodeIgniter->handleRequest(NULL, Object(Config\Cache), false)
#10 C:\laragon\www\kuro\public\index.php(37): CodeIgniter\CodeIgniter->run()
#11 {main}
CRITICAL - 2021-07-31 11:27:31 --> syntax error, unexpected ')'
#0 C:\laragon\www\kuro\vendor\codeigniter4\framework\system\Autoloader\Autoloader.php(273): CodeIgniter\Autoloader\Autoloader->includeFile('C:\\laragon\\www\\...')
#1 C:\laragon\www\kuro\vendor\codeigniter4\framework\system\Autoloader\Autoloader.php(247): CodeIgniter\Autoloader\Autoloader->loadInNamespace('App\\Controllers...')
#2 [internal function]: CodeIgniter\Autoloader\Autoloader->loadClass('App\\Controllers...')
#3 [internal function]: spl_autoload_call('App\\Controllers...')
#4 C:\laragon\www\kuro\vendor\codeigniter4\framework\system\CodeIgniter.php(885): class_exists('\\App\\Controller...', true)
#5 C:\laragon\www\kuro\vendor\codeigniter4\framework\system\CodeIgniter.php(421): CodeIgniter\CodeIgniter->startController()
#6 C:\laragon\www\kuro\vendor\codeigniter4\framework\system\CodeIgniter.php(336): CodeIgniter\CodeIgniter->handleRequest(NULL, Object(Config\Cache), false)
#7 C:\laragon\www\kuro\public\index.php(37): CodeIgniter\CodeIgniter->run()
#8 {main}
CRITICAL - 2021-07-31 11:37:56 --> Undefined variable: rules
#0 C:\laragon\www\kuro\app\Controllers\Keys.php(71): CodeIgniter\Debug\Exceptions->errorHandler(8, 'Undefined varia...', 'C:\\laragon\\www\\...', 71, Array)
#1 C:\laragon\www\kuro\vendor\codeigniter4\framework\system\CodeIgniter.php(928): App\Controllers\Keys->api_key_reset()
#2 C:\laragon\www\kuro\vendor\codeigniter4\framework\system\CodeIgniter.php(436): CodeIgniter\CodeIgniter->runController(Object(App\Controllers\Keys))
#3 C:\laragon\www\kuro\vendor\codeigniter4\framework\system\CodeIgniter.php(336): CodeIgniter\CodeIgniter->handleRequest(NULL, Object(Config\Cache), false)
#4 C:\laragon\www\kuro\public\index.php(37): CodeIgniter\CodeIgniter->run()
#5 {main}
CRITICAL - 2021-07-31 12:13:29 --> Undefined variable: rules
#0 C:\laragon\www\kuro\app\Controllers\Keys.php(73): CodeIgniter\Debug\Exceptions->errorHandler(8, 'Undefined varia...', 'C:\\laragon\\www\\...', 73, Array)
#1 C:\laragon\www\kuro\vendor\codeigniter4\framework\system\CodeIgniter.php(928): App\Controllers\Keys->api_key_reset()
#2 C:\laragon\www\kuro\vendor\codeigniter4\framework\system\CodeIgniter.php(436): CodeIgniter\CodeIgniter->runController(Object(App\Controllers\Keys))
#3 C:\laragon\www\kuro\vendor\codeigniter4\framework\system\CodeIgniter.php(336): CodeIgniter\CodeIgniter->handleRequest(NULL, Object(Config\Cache), false)
#4 C:\laragon\www\kuro\public\index.php(37): CodeIgniter\CodeIgniter->run()
#5 {main}
CRITICAL - 2021-07-31 12:23:35 --> count(): Parameter must be an array or an object that implements Countable
#0 [internal function]: CodeIgniter\Debug\Exceptions->errorHandler(2, 'count(): Parame...', 'C:\\laragon\\www\\...', 61, Array)
#1 C:\laragon\www\kuro\app\Controllers\Keys.php(61): count(0)
#2 C:\laragon\www\kuro\vendor\codeigniter4\framework\system\CodeIgniter.php(928): App\Controllers\Keys->api_key_reset()
#3 C:\laragon\www\kuro\vendor\codeigniter4\framework\system\CodeIgniter.php(436): CodeIgniter\CodeIgniter->runController(Object(App\Controllers\Keys))
#4 C:\laragon\www\kuro\vendor\codeigniter4\framework\system\CodeIgniter.php(336): CodeIgniter\CodeIgniter->handleRequest(NULL, Object(Config\Cache), false)
#5 C:\laragon\www\kuro\public\index.php(37): CodeIgniter\CodeIgniter->run()
#6 {main}
CRITICAL - 2021-07-31 18:37:29 --> syntax error, unexpected '}', expecting ';'
#0 C:\laragon\www\kuro\vendor\codeigniter4\framework\system\Autoloader\Autoloader.php(273): CodeIgniter\Autoloader\Autoloader->includeFile('C:\\laragon\\www\\...')
#1 C:\laragon\www\kuro\vendor\codeigniter4\framework\system\Autoloader\Autoloader.php(247): CodeIgniter\Autoloader\Autoloader->loadInNamespace('App\\Controllers...')
#2 [internal function]: CodeIgniter\Autoloader\Autoloader->loadClass('App\\Controllers...')
#3 [internal function]: spl_autoload_call('App\\Controllers...')
#4 C:\laragon\www\kuro\vendor\codeigniter4\framework\system\CodeIgniter.php(885): class_exists('\\App\\Controller...', true)
#5 C:\laragon\www\kuro\vendor\codeigniter4\framework\system\CodeIgniter.php(421): CodeIgniter\CodeIgniter->startController()
#6 C:\laragon\www\kuro\vendor\codeigniter4\framework\system\CodeIgniter.php(336): CodeIgniter\CodeIgniter->handleRequest(NULL, Object(Config\Cache), false)
#7 C:\laragon\www\kuro\public\index.php(37): CodeIgniter\CodeIgniter->run()
#8 {main}
CRITICAL - 2021-07-31 18:42:48 --> Undefined variable: msgDanger
#0 C:\laragon\www\kuro\app\Controllers\Keys.php(101): CodeIgniter\Debug\Exceptions->errorHandler(8, 'Undefined varia...', 'C:\\laragon\\www\\...', 101, Array)
#1 C:\laragon\www\kuro\vendor\codeigniter4\framework\system\CodeIgniter.php(928): App\Controllers\Keys->edit_key('1')
#2 C:\laragon\www\kuro\vendor\codeigniter4\framework\system\CodeIgniter.php(436): CodeIgniter\CodeIgniter->runController(Object(App\Controllers\Keys))
#3 C:\laragon\www\kuro\vendor\codeigniter4\framework\system\CodeIgniter.php(336): CodeIgniter\CodeIgniter->handleRequest(NULL, Object(Config\Cache), false)
#4 C:\laragon\www\kuro\public\index.php(37): CodeIgniter\CodeIgniter->run()
#5 {main}
CRITICAL - 2021-07-31 18:48:34 --> Undefined variable: key
#0 C:\laragon\www\kuro\app\Views\Keys\edit.php(9): CodeIgniter\Debug\Exceptions->errorHandler(8, 'Undefined varia...', 'C:\\laragon\\www\\...', 9, Array)
#1 C:\laragon\www\kuro\vendor\codeigniter4\framework\system\View\View.php(230): include('C:\\laragon\\www\\...')
#2 C:\laragon\www\kuro\vendor\codeigniter4\framework\system\View\View.php(232): CodeIgniter\View\View->CodeIgniter\View\{closure}()
#3 C:\laragon\www\kuro\vendor\codeigniter4\framework\system\Common.php(1271): CodeIgniter\View\View->render('Keys/edit', Array, true)
#4 C:\laragon\www\kuro\app\Controllers\Keys.php(97): view('Keys/edit', Array)
#5 C:\laragon\www\kuro\vendor\codeigniter4\framework\system\CodeIgniter.php(928): App\Controllers\Keys->edit_key('1')
#6 C:\laragon\www\kuro\vendor\codeigniter4\framework\system\CodeIgniter.php(436): CodeIgniter\CodeIgniter->runController(Object(App\Controllers\Keys))
#7 C:\laragon\www\kuro\vendor\codeigniter4\framework\system\CodeIgniter.php(336): CodeIgniter\CodeIgniter->handleRequest(NULL, Object(Config\Cache), false)
#8 C:\laragon\www\kuro\public\index.php(37): CodeIgniter\CodeIgniter->run()
#9 {main}
CRITICAL - 2021-07-31 19:43:16 --> Undefined property: stdClass::$expired
#0 C:\laragon\www\kuro\app\Views\Keys\edit.php(45): CodeIgniter\Debug\Exceptions->errorHandler(8, 'Undefined prope...', 'C:\\laragon\\www\\...', 45, Array)
#1 C:\laragon\www\kuro\vendor\codeigniter4\framework\system\View\View.php(230): include('C:\\laragon\\www\\...')
#2 C:\laragon\www\kuro\vendor\codeigniter4\framework\system\View\View.php(232): CodeIgniter\View\View->CodeIgniter\View\{closure}()
#3 C:\laragon\www\kuro\vendor\codeigniter4\framework\system\Common.php(1271): CodeIgniter\View\View->render('Keys/edit', Array, true)
#4 C:\laragon\www\kuro\app\Controllers\Keys.php(97): view('Keys/edit', Array)
#5 C:\laragon\www\kuro\vendor\codeigniter4\framework\system\CodeIgniter.php(928): App\Controllers\Keys->edit_key('1')
#6 C:\laragon\www\kuro\vendor\codeigniter4\framework\system\CodeIgniter.php(436): CodeIgniter\CodeIgniter->runController(Object(App\Controllers\Keys))
#7 C:\laragon\www\kuro\vendor\codeigniter4\framework\system\CodeIgniter.php(336): CodeIgniter\CodeIgniter->handleRequest(NULL, Object(Config\Cache), false)
#8 C:\laragon\www\kuro\public\index.php(37): CodeIgniter\CodeIgniter->run()
#9 {main}
