CRITICAL - 2021-08-02 00:28:14 --> Return value of CodeIgniter\BaseModel::transformDataToArray() must be of the type array, int returned
#0 C:\laragon\www\kuro\vendor\codeigniter4\framework\system\BaseModel.php(880): CodeIgniter\BaseModel->transformDataToArray(99997, 'update')
#1 C:\laragon\www\kuro\vendor\codeigniter4\framework\system\Model.php(718): CodeIgniter\BaseModel->update(Array, 99997)
#2 C:\laragon\www\kuro\app\Controllers\Keys.php(321): CodeIgniter\Model->update('1', 99997)
#3 C:\laragon\www\kuro\app\Controllers\Keys.php(247): App\Controllers\Keys->generate_action()
#4 C:\laragon\www\kuro\vendor\codeigniter4\framework\system\CodeIgniter.php(928): App\Controllers\Keys->generate()
#5 C:\laragon\www\kuro\vendor\codeigniter4\framework\system\CodeIgniter.php(436): CodeIgniter\CodeIgniter->runController(Object(App\Controllers\Keys))
#6 C:\laragon\www\kuro\vendor\codeigniter4\framework\system\CodeIgniter.php(336): CodeIgniter\CodeIgniter->handleRequest(NULL, Object(Config\Cache), false)
#7 C:\laragon\www\kuro\public\index.php(37): CodeIgniter\CodeIgniter->run()
#8 {main}
ERROR - 2021-08-02 00:58:31 --> Unknown column 'updated_at' in 'field list'
CRITICAL - 2021-08-02 00:58:31 --> Unknown column 'updated_at' in 'field list'
#0 C:\laragon\www\kuro\vendor\codeigniter4\framework\system\Database\MySQLi\Connection.php(329): mysqli->query('INSERT INTO `hi...')
#1 C:\laragon\www\kuro\vendor\codeigniter4\framework\system\Database\BaseConnection.php(732): CodeIgniter\Database\MySQLi\Connection->execute('INSERT INTO `hi...')
#2 C:\laragon\www\kuro\vendor\codeigniter4\framework\system\Database\BaseConnection.php(647): CodeIgniter\Database\BaseConnection->simpleQuery('INSERT INTO `hi...')
#3 C:\laragon\www\kuro\vendor\codeigniter4\framework\system\Database\BaseBuilder.php(2277): CodeIgniter\Database\BaseConnection->query('INSERT INTO `hi...', Array, false)
#4 C:\laragon\www\kuro\vendor\codeigniter4\framework\system\Model.php(259): CodeIgniter\Database\BaseBuilder->insert()
#5 C:\laragon\www\kuro\vendor\codeigniter4\framework\system\BaseModel.php(774): CodeIgniter\Model->doInsert(Array)
#6 C:\laragon\www\kuro\vendor\codeigniter4\framework\system\Model.php(686): CodeIgniter\BaseModel->insert(Array, true)
#7 C:\laragon\www\kuro\app\Controllers\Keys.php(329): CodeIgniter\Model->insert(Array)
#8 C:\laragon\www\kuro\app\Controllers\Keys.php(248): App\Controllers\Keys->generate_action()
#9 C:\laragon\www\kuro\vendor\codeigniter4\framework\system\CodeIgniter.php(928): App\Controllers\Keys->generate()
#10 C:\laragon\www\kuro\vendor\codeigniter4\framework\system\CodeIgniter.php(436): CodeIgniter\CodeIgniter->runController(Object(App\Controllers\Keys))
#11 C:\laragon\www\kuro\vendor\codeigniter4\framework\system\CodeIgniter.php(336): CodeIgniter\CodeIgniter->handleRequest(NULL, Object(Config\Cache), false)
#12 C:\laragon\www\kuro\public\index.php(37): CodeIgniter\CodeIgniter->run()
#13 {main}
CRITICAL - 2021-08-02 02:27:11 --> Call to a member function getPost() on null
#0 C:\laragon\www\kuro\vendor\codeigniter4\framework\system\CodeIgniter.php(900): App\Controllers\Connect->__construct()
#1 C:\laragon\www\kuro\vendor\codeigniter4\framework\system\CodeIgniter.php(426): CodeIgniter\CodeIgniter->createController()
#2 C:\laragon\www\kuro\vendor\codeigniter4\framework\system\CodeIgniter.php(336): CodeIgniter\CodeIgniter->handleRequest(NULL, Object(Config\Cache), false)
#3 C:\laragon\www\kuro\public\index.php(37): CodeIgniter\CodeIgniter->run()
#4 {main}
CRITICAL - 2021-08-02 02:44:07 --> Undefined property: CodeIgniter\HTTP\IncomingRequest::$getUserAgent
#0 C:\laragon\www\kuro\app\Controllers\Connect.php(21): CodeIgniter\Debug\Exceptions->errorHandler(8, 'Undefined prope...', 'C:\\laragon\\www\\...', 21, Array)
#1 C:\laragon\www\kuro\vendor\codeigniter4\framework\system\CodeIgniter.php(928): App\Controllers\Connect->index()
#2 C:\laragon\www\kuro\vendor\codeigniter4\framework\system\CodeIgniter.php(436): CodeIgniter\CodeIgniter->runController(Object(App\Controllers\Connect))
#3 C:\laragon\www\kuro\vendor\codeigniter4\framework\system\CodeIgniter.php(336): CodeIgniter\CodeIgniter->handleRequest(NULL, Object(Config\Cache), false)
#4 C:\laragon\www\kuro\public\index.php(37): CodeIgniter\CodeIgniter->run()
#5 {main}
CRITICAL - 2021-08-02 12:04:45 --> There is no data to update.
#0 C:\laragon\www\kuro\vendor\codeigniter4\framework\system\BaseModel.php(896): CodeIgniter\Database\Exceptions\DataException::forEmptyDataset('update')
#1 C:\laragon\www\kuro\vendor\codeigniter4\framework\system\Model.php(718): CodeIgniter\BaseModel->update(Array, Array)
#2 C:\laragon\www\kuro\app\Controllers\Connect.php(63): CodeIgniter\Model->update('1', Array)
#3 C:\laragon\www\kuro\app\Controllers\Connect.php(19): App\Controllers\Connect->index_post()
#4 C:\laragon\www\kuro\vendor\codeigniter4\framework\system\CodeIgniter.php(928): App\Controllers\Connect->index()
#5 C:\laragon\www\kuro\vendor\codeigniter4\framework\system\CodeIgniter.php(436): CodeIgniter\CodeIgniter->runController(Object(App\Controllers\Connect))
#6 C:\laragon\www\kuro\vendor\codeigniter4\framework\system\CodeIgniter.php(336): CodeIgniter\CodeIgniter->handleRequest(NULL, Object(Config\Cache), false)
#7 C:\laragon\www\kuro\public\index.php(37): CodeIgniter\CodeIgniter->run()
#8 {main}
CRITICAL - 2021-08-02 12:06:30 --> Call to undefined function App\Controllers\checkDevicesAdd()
#0 C:\laragon\www\kuro\app\Controllers\Connect.php(19): App\Controllers\Connect->index_post()
#1 C:\laragon\www\kuro\vendor\codeigniter4\framework\system\CodeIgniter.php(928): App\Controllers\Connect->index()
#2 C:\laragon\www\kuro\vendor\codeigniter4\framework\system\CodeIgniter.php(436): CodeIgniter\CodeIgniter->runController(Object(App\Controllers\Connect))
#3 C:\laragon\www\kuro\vendor\codeigniter4\framework\system\CodeIgniter.php(336): CodeIgniter\CodeIgniter->handleRequest(NULL, Object(Config\Cache), false)
#4 C:\laragon\www\kuro\public\index.php(37): CodeIgniter\CodeIgniter->run()
#5 {main}
CRITICAL - 2021-08-02 12:09:43 --> Undefined variable: data
#0 C:\laragon\www\kuro\app\Controllers\Connect.php(118): CodeIgniter\Debug\Exceptions->errorHandler(8, 'Undefined varia...', 'C:\\laragon\\www\\...', 118, Array)
#1 C:\laragon\www\kuro\app\Controllers\Connect.php(19): App\Controllers\Connect->index_post()
#2 C:\laragon\www\kuro\vendor\codeigniter4\framework\system\CodeIgniter.php(928): App\Controllers\Connect->index()
#3 C:\laragon\www\kuro\vendor\codeigniter4\framework\system\CodeIgniter.php(436): CodeIgniter\CodeIgniter->runController(Object(App\Controllers\Connect))
#4 C:\laragon\www\kuro\vendor\codeigniter4\framework\system\CodeIgniter.php(336): CodeIgniter\CodeIgniter->handleRequest(NULL, Object(Config\Cache), false)
#5 C:\laragon\www\kuro\public\index.php(37): CodeIgniter\CodeIgniter->run()
#6 {main}
CRITICAL - 2021-08-02 12:15:22 --> There is no data to update.
#0 C:\laragon\www\kuro\vendor\codeigniter4\framework\system\BaseModel.php(896): CodeIgniter\Database\Exceptions\DataException::forEmptyDataset('update')
#1 C:\laragon\www\kuro\vendor\codeigniter4\framework\system\Model.php(718): CodeIgniter\BaseModel->update(Array, Array)
#2 C:\laragon\www\kuro\app\Controllers\Connect.php(107): CodeIgniter\Model->update('2', Array)
#3 C:\laragon\www\kuro\app\Controllers\Connect.php(19): App\Controllers\Connect->index_post()
#4 C:\laragon\www\kuro\vendor\codeigniter4\framework\system\CodeIgniter.php(928): App\Controllers\Connect->index()
#5 C:\laragon\www\kuro\vendor\codeigniter4\framework\system\CodeIgniter.php(436): CodeIgniter\CodeIgniter->runController(Object(App\Controllers\Connect))
#6 C:\laragon\www\kuro\vendor\codeigniter4\framework\system\CodeIgniter.php(336): CodeIgniter\CodeIgniter->handleRequest(NULL, Object(Config\Cache), false)
#7 C:\laragon\www\kuro\public\index.php(37): CodeIgniter\CodeIgniter->run()
#8 {main}
