CRITICAL - 2021-08-01 09:06:18 --> Undefined property: stdClass::$e
#0 C:\laragon\www\kuro\app\Views\Keys\key_edit.php(95): CodeIgniter\Debug\Exceptions->errorHandler(8, 'Undefined prope...', 'C:\\laragon\\www\\...', 95, Array)
#1 C:\laragon\www\kuro\vendor\codeigniter4\framework\system\View\View.php(230): include('C:\\laragon\\www\\...')
#2 C:\laragon\www\kuro\vendor\codeigniter4\framework\system\View\View.php(232): CodeIgniter\View\View->CodeIgniter\View\{closure}()
#3 C:\laragon\www\kuro\vendor\codeigniter4\framework\system\Common.php(1271): CodeIgniter\View\View->render('Keys/key_edit', Array, true)
#4 C:\laragon\www\kuro\app\Controllers\Keys.php(101): view('Keys/key_edit', Array)
#5 C:\laragon\www\kuro\vendor\codeigniter4\framework\system\CodeIgniter.php(928): App\Controllers\Keys->edit_key('1')
#6 C:\laragon\www\kuro\vendor\codeigniter4\framework\system\CodeIgniter.php(436): CodeIgniter\CodeIgniter->runController(Object(App\Controllers\Keys))
#7 C:\laragon\www\kuro\vendor\codeigniter4\framework\system\CodeIgniter.php(336): CodeIgniter\CodeIgniter->handleRequest(NULL, Object(Config\Cache), false)
#8 C:\laragon\www\kuro\public\index.php(37): CodeIgniter\CodeIgniter->run()
#9 {main}
CRITICAL - 2021-08-01 09:50:57 --> Object of class stdClass could not be converted to string
#0 C:\laragon\www\kuro\app\Views\Keys\key_edit.php(67): form_dropdown(Array, Array, Array)
#1 C:\laragon\www\kuro\vendor\codeigniter4\framework\system\View\View.php(230): include('C:\\laragon\\www\\...')
#2 C:\laragon\www\kuro\vendor\codeigniter4\framework\system\View\View.php(232): CodeIgniter\View\View->CodeIgniter\View\{closure}()
#3 C:\laragon\www\kuro\vendor\codeigniter4\framework\system\Common.php(1271): CodeIgniter\View\View->render('Keys/key_edit', Array, true)
#4 C:\laragon\www\kuro\app\Controllers\Keys.php(101): view('Keys/key_edit', Array)
#5 C:\laragon\www\kuro\vendor\codeigniter4\framework\system\CodeIgniter.php(928): App\Controllers\Keys->edit_key('1')
#6 C:\laragon\www\kuro\vendor\codeigniter4\framework\system\CodeIgniter.php(436): CodeIgniter\CodeIgniter->runController(Object(App\Controllers\Keys))
#7 C:\laragon\www\kuro\vendor\codeigniter4\framework\system\CodeIgniter.php(336): CodeIgniter\CodeIgniter->handleRequest(NULL, Object(Config\Cache), false)
#8 C:\laragon\www\kuro\public\index.php(37): CodeIgniter\CodeIgniter->run()
#9 {main}
CRITICAL - 2021-08-01 09:52:08 --> Object of class stdClass could not be converted to string
#0 C:\laragon\www\kuro\app\Views\Keys\key_edit.php(67): form_dropdown(Array, Array, Array)
#1 C:\laragon\www\kuro\vendor\codeigniter4\framework\system\View\View.php(230): include('C:\\laragon\\www\\...')
#2 C:\laragon\www\kuro\vendor\codeigniter4\framework\system\View\View.php(232): CodeIgniter\View\View->CodeIgniter\View\{closure}()
#3 C:\laragon\www\kuro\vendor\codeigniter4\framework\system\Common.php(1271): CodeIgniter\View\View->render('Keys/key_edit', Array, true)
#4 C:\laragon\www\kuro\app\Controllers\Keys.php(101): view('Keys/key_edit', Array)
#5 C:\laragon\www\kuro\vendor\codeigniter4\framework\system\CodeIgniter.php(928): App\Controllers\Keys->edit_key('1')
#6 C:\laragon\www\kuro\vendor\codeigniter4\framework\system\CodeIgniter.php(436): CodeIgniter\CodeIgniter->runController(Object(App\Controllers\Keys))
#7 C:\laragon\www\kuro\vendor\codeigniter4\framework\system\CodeIgniter.php(336): CodeIgniter\CodeIgniter->handleRequest(NULL, Object(Config\Cache), false)
#8 C:\laragon\www\kuro\public\index.php(37): CodeIgniter\CodeIgniter->run()
#9 {main}
CRITICAL - 2021-08-01 09:52:40 --> Object of class stdClass could not be converted to string
#0 C:\laragon\www\kuro\app\Views\Keys\key_edit.php(68): form_dropdown(Array, Array, Array)
#1 C:\laragon\www\kuro\vendor\codeigniter4\framework\system\View\View.php(230): include('C:\\laragon\\www\\...')
#2 C:\laragon\www\kuro\vendor\codeigniter4\framework\system\View\View.php(232): CodeIgniter\View\View->CodeIgniter\View\{closure}()
#3 C:\laragon\www\kuro\vendor\codeigniter4\framework\system\Common.php(1271): CodeIgniter\View\View->render('Keys/key_edit', Array, true)
#4 C:\laragon\www\kuro\app\Controllers\Keys.php(101): view('Keys/key_edit', Array)
#5 C:\laragon\www\kuro\vendor\codeigniter4\framework\system\CodeIgniter.php(928): App\Controllers\Keys->edit_key('1')
#6 C:\laragon\www\kuro\vendor\codeigniter4\framework\system\CodeIgniter.php(436): CodeIgniter\CodeIgniter->runController(Object(App\Controllers\Keys))
#7 C:\laragon\www\kuro\vendor\codeigniter4\framework\system\CodeIgniter.php(336): CodeIgniter\CodeIgniter->handleRequest(NULL, Object(Config\Cache), false)
#8 C:\laragon\www\kuro\public\index.php(37): CodeIgniter\CodeIgniter->run()
#9 {main}
CRITICAL - 2021-08-01 09:54:23 --> Undefined variable: uplink_key
#0 C:\laragon\www\kuro\app\Views\Keys\key_edit.php(66): CodeIgniter\Debug\Exceptions->errorHandler(8, 'Undefined varia...', 'C:\\laragon\\www\\...', 66, Array)
#1 C:\laragon\www\kuro\vendor\codeigniter4\framework\system\View\View.php(230): include('C:\\laragon\\www\\...')
#2 C:\laragon\www\kuro\vendor\codeigniter4\framework\system\View\View.php(232): CodeIgniter\View\View->CodeIgniter\View\{closure}()
#3 C:\laragon\www\kuro\vendor\codeigniter4\framework\system\Common.php(1271): CodeIgniter\View\View->render('Keys/key_edit', Array, true)
#4 C:\laragon\www\kuro\app\Controllers\Keys.php(100): view('Keys/key_edit', Array)
#5 C:\laragon\www\kuro\vendor\codeigniter4\framework\system\CodeIgniter.php(928): App\Controllers\Keys->edit_key('1')
#6 C:\laragon\www\kuro\vendor\codeigniter4\framework\system\CodeIgniter.php(436): CodeIgniter\CodeIgniter->runController(Object(App\Controllers\Keys))
#7 C:\laragon\www\kuro\vendor\codeigniter4\framework\system\CodeIgniter.php(336): CodeIgniter\CodeIgniter->handleRequest(NULL, Object(Config\Cache), false)
#8 C:\laragon\www\kuro\public\index.php(37): CodeIgniter\CodeIgniter->run()
#9 {main}
CRITICAL - 2021-08-01 14:38:42 --> Trying to get property 'user_key' of non-object
#0 C:\laragon\www\kuro\app\Controllers\Keys.php(140): CodeIgniter\Debug\Exceptions->errorHandler(8, 'Trying to get p...', 'C:\\laragon\\www\\...', 140, Array)
#1 C:\laragon\www\kuro\app\Controllers\Keys.php(92): App\Controllers\Keys->edit_key_action()
#2 C:\laragon\www\kuro\vendor\codeigniter4\framework\system\CodeIgniter.php(928): App\Controllers\Keys->edit_key('1')
#3 C:\laragon\www\kuro\vendor\codeigniter4\framework\system\CodeIgniter.php(436): CodeIgniter\CodeIgniter->runController(Object(App\Controllers\Keys))
#4 C:\laragon\www\kuro\vendor\codeigniter4\framework\system\CodeIgniter.php(336): CodeIgniter\CodeIgniter->handleRequest(NULL, Object(Config\Cache), false)
#5 C:\laragon\www\kuro\public\index.php(37): CodeIgniter\CodeIgniter->run()
#6 {main}
CRITICAL - 2021-08-01 15:09:45 --> Undefined variable: form_reseller
#0 C:\laragon\www\kuro\app\Controllers\Keys.php(195): CodeIgniter\Debug\Exceptions->errorHandler(8, 'Undefined varia...', 'C:\\laragon\\www\\...', 195, Array)
#1 C:\laragon\www\kuro\app\Controllers\Keys.php(86): App\Controllers\Keys->edit_key_action()
#2 C:\laragon\www\kuro\vendor\codeigniter4\framework\system\CodeIgniter.php(928): App\Controllers\Keys->edit_key()
#3 C:\laragon\www\kuro\vendor\codeigniter4\framework\system\CodeIgniter.php(436): CodeIgniter\CodeIgniter->runController(Object(App\Controllers\Keys))
#4 C:\laragon\www\kuro\vendor\codeigniter4\framework\system\CodeIgniter.php(336): CodeIgniter\CodeIgniter->handleRequest(NULL, Object(Config\Cache), false)
#5 C:\laragon\www\kuro\public\index.php(37): CodeIgniter\CodeIgniter->run()
#6 {main}
CRITICAL - 2021-08-01 15:55:47 --> Argument 1 passed to CodeIgniter\I18n\Time::parse() must be of the type string, null given, called in C:\laragon\www\kuro\app\Models\KeysModel.php on line 52
#0 C:\laragon\www\kuro\app\Models\KeysModel.php(52): CodeIgniter\I18n\Time::parse(NULL)
#1 C:\laragon\www\kuro\vendor\hermawan\codeigniter4-datatables\src\DataTableQuery.php(97): App\Models\KeysModel->App\Models\{closure}(NULL)
#2 C:\laragon\www\kuro\vendor\hermawan\codeigniter4-datatables\src\DataTable.php(175): Hermawan\DataTables\DataTableQuery->getDataResult()
#3 C:\laragon\www\kuro\app\Models\KeysModel.php(55): Hermawan\DataTables\DataTable->toJson(true)
#4 C:\laragon\www\kuro\app\Controllers\Keys.php(48): App\Models\KeysModel->API_getKeys()
#5 C:\laragon\www\kuro\vendor\codeigniter4\framework\system\CodeIgniter.php(928): App\Controllers\Keys->api_get_keys()
#6 C:\laragon\www\kuro\vendor\codeigniter4\framework\system\CodeIgniter.php(436): CodeIgniter\CodeIgniter->runController(Object(App\Controllers\Keys))
#7 C:\laragon\www\kuro\vendor\codeigniter4\framework\system\CodeIgniter.php(336): CodeIgniter\CodeIgniter->handleRequest(NULL, Object(Config\Cache), false)
#8 C:\laragon\www\kuro\public\index.php(37): CodeIgniter\CodeIgniter->run()
#9 {main}
CRITICAL - 2021-08-01 15:56:01 --> Argument 1 passed to CodeIgniter\I18n\Time::parse() must be of the type string, null given, called in C:\laragon\www\kuro\app\Models\KeysModel.php on line 52
#0 C:\laragon\www\kuro\app\Models\KeysModel.php(52): CodeIgniter\I18n\Time::parse(NULL)
#1 C:\laragon\www\kuro\vendor\hermawan\codeigniter4-datatables\src\DataTableQuery.php(97): App\Models\KeysModel->App\Models\{closure}(NULL)
#2 C:\laragon\www\kuro\vendor\hermawan\codeigniter4-datatables\src\DataTable.php(175): Hermawan\DataTables\DataTableQuery->getDataResult()
#3 C:\laragon\www\kuro\app\Models\KeysModel.php(55): Hermawan\DataTables\DataTable->toJson(true)
#4 C:\laragon\www\kuro\app\Controllers\Keys.php(48): App\Models\KeysModel->API_getKeys()
#5 C:\laragon\www\kuro\vendor\codeigniter4\framework\system\CodeIgniter.php(928): App\Controllers\Keys->api_get_keys()
#6 C:\laragon\www\kuro\vendor\codeigniter4\framework\system\CodeIgniter.php(436): CodeIgniter\CodeIgniter->runController(Object(App\Controllers\Keys))
#7 C:\laragon\www\kuro\vendor\codeigniter4\framework\system\CodeIgniter.php(336): CodeIgniter\CodeIgniter->handleRequest(NULL, Object(Config\Cache), false)
#8 C:\laragon\www\kuro\public\index.php(37): CodeIgniter\CodeIgniter->run()
#9 {main}
CRITICAL - 2021-08-01 15:57:11 --> Argument 1 passed to CodeIgniter\I18n\Time::parse() must be of the type string, null given, called in C:\laragon\www\kuro\app\Models\KeysModel.php on line 52
#0 C:\laragon\www\kuro\app\Models\KeysModel.php(52): CodeIgniter\I18n\Time::parse(NULL)
#1 C:\laragon\www\kuro\vendor\hermawan\codeigniter4-datatables\src\DataTableQuery.php(97): App\Models\KeysModel->App\Models\{closure}(NULL)
#2 C:\laragon\www\kuro\vendor\hermawan\codeigniter4-datatables\src\DataTable.php(175): Hermawan\DataTables\DataTableQuery->getDataResult()
#3 C:\laragon\www\kuro\app\Models\KeysModel.php(55): Hermawan\DataTables\DataTable->toJson(true)
#4 C:\laragon\www\kuro\app\Controllers\Keys.php(48): App\Models\KeysModel->API_getKeys()
#5 C:\laragon\www\kuro\vendor\codeigniter4\framework\system\CodeIgniter.php(928): App\Controllers\Keys->api_get_keys()
#6 C:\laragon\www\kuro\vendor\codeigniter4\framework\system\CodeIgniter.php(436): CodeIgniter\CodeIgniter->runController(Object(App\Controllers\Keys))
#7 C:\laragon\www\kuro\vendor\codeigniter4\framework\system\CodeIgniter.php(336): CodeIgniter\CodeIgniter->handleRequest(NULL, Object(Config\Cache), false)
#8 C:\laragon\www\kuro\public\index.php(37): CodeIgniter\CodeIgniter->run()
#9 {main}
CRITICAL - 2021-08-01 16:56:35 --> file_get_contents(): SSL operation failed with code 1. OpenSSL Error messages:
error:1416F086:SSL routines:tls_process_server_certificate:certificate verify failed
#0 [internal function]: CodeIgniter\Debug\Exceptions->errorHandler(2, 'file_get_conten...', 'C:\\laragon\\www\\...', 215, Array)
#1 C:\laragon\www\kuro\app\Controllers\Keys.php(215): file_get_contents('https://kuro.de...')
#2 C:\laragon\www\kuro\vendor\codeigniter4\framework\system\CodeIgniter.php(928): App\Controllers\Keys->getConfig()
#3 C:\laragon\www\kuro\vendor\codeigniter4\framework\system\CodeIgniter.php(436): CodeIgniter\CodeIgniter->runController(Object(App\Controllers\Keys))
#4 C:\laragon\www\kuro\vendor\codeigniter4\framework\system\CodeIgniter.php(336): CodeIgniter\CodeIgniter->handleRequest(NULL, Object(Config\Cache), false)
#5 C:\laragon\www\kuro\public\index.php(37): CodeIgniter\CodeIgniter->run()
#6 {main}
CRITICAL - 2021-08-01 17:00:53 --> file_get_contents(config/nata_basedd.json): failed to open stream: No such file or directory
#0 [internal function]: CodeIgniter\Debug\Exceptions->errorHandler(2, 'file_get_conten...', 'C:\\laragon\\www\\...', 214, Array)
#1 C:\laragon\www\kuro\app\Controllers\Keys.php(214): file_get_contents('config/nata_bas...')
#2 C:\laragon\www\kuro\vendor\codeigniter4\framework\system\CodeIgniter.php(928): App\Controllers\Keys->getConfig()
#3 C:\laragon\www\kuro\vendor\codeigniter4\framework\system\CodeIgniter.php(436): CodeIgniter\CodeIgniter->runController(Object(App\Controllers\Keys))
#4 C:\laragon\www\kuro\vendor\codeigniter4\framework\system\CodeIgniter.php(336): CodeIgniter\CodeIgniter->handleRequest(NULL, Object(Config\Cache), false)
#5 C:\laragon\www\kuro\public\index.php(37): CodeIgniter\CodeIgniter->run()
#6 {main}
CRITICAL - 2021-08-01 17:04:53 --> array_merge(): Expected parameter 2 to be an array, object given
#0 [internal function]: CodeIgniter\Debug\Exceptions->errorHandler(2, 'array_merge(): ...', 'C:\\laragon\\www\\...', 222, Array)
#1 C:\laragon\www\kuro\app\Controllers\Keys.php(222): array_merge(Array, Object(stdClass))
#2 C:\laragon\www\kuro\vendor\codeigniter4\framework\system\CodeIgniter.php(928): App\Controllers\Keys->getConfig()
#3 C:\laragon\www\kuro\vendor\codeigniter4\framework\system\CodeIgniter.php(436): CodeIgniter\CodeIgniter->runController(Object(App\Controllers\Keys))
#4 C:\laragon\www\kuro\vendor\codeigniter4\framework\system\CodeIgniter.php(336): CodeIgniter\CodeIgniter->handleRequest(NULL, Object(Config\Cache), false)
#5 C:\laragon\www\kuro\public\index.php(37): CodeIgniter\CodeIgniter->run()
#6 {main}
CRITICAL - 2021-08-01 17:20:08 --> Illegal string offset 'game_list'
#0 C:\laragon\www\kuro\app\Controllers\Keys.php(216): CodeIgniter\Debug\Exceptions->errorHandler(2, 'Illegal string ...', 'C:\\laragon\\www\\...', 216, Array)
#1 C:\laragon\www\kuro\vendor\codeigniter4\framework\system\CodeIgniter.php(928): App\Controllers\Keys->getConfig()
#2 C:\laragon\www\kuro\vendor\codeigniter4\framework\system\CodeIgniter.php(436): CodeIgniter\CodeIgniter->runController(Object(App\Controllers\Keys))
#3 C:\laragon\www\kuro\vendor\codeigniter4\framework\system\CodeIgniter.php(336): CodeIgniter\CodeIgniter->handleRequest(NULL, Object(Config\Cache), false)
#4 C:\laragon\www\kuro\public\index.php(37): CodeIgniter\CodeIgniter->run()
#5 {main}
CRITICAL - 2021-08-01 17:20:20 --> Illegal string offset 'game_list'
#0 C:\laragon\www\kuro\app\Controllers\Keys.php(217): CodeIgniter\Debug\Exceptions->errorHandler(2, 'Illegal string ...', 'C:\\laragon\\www\\...', 217, Array)
#1 C:\laragon\www\kuro\vendor\codeigniter4\framework\system\CodeIgniter.php(928): App\Controllers\Keys->getConfig()
#2 C:\laragon\www\kuro\vendor\codeigniter4\framework\system\CodeIgniter.php(436): CodeIgniter\CodeIgniter->runController(Object(App\Controllers\Keys))
#3 C:\laragon\www\kuro\vendor\codeigniter4\framework\system\CodeIgniter.php(336): CodeIgniter\CodeIgniter->handleRequest(NULL, Object(Config\Cache), false)
#4 C:\laragon\www\kuro\public\index.php(37): CodeIgniter\CodeIgniter->run()
#5 {main}
CRITICAL - 2021-08-01 17:22:27 --> Undefined index: game_list
#0 C:\laragon\www\kuro\app\Controllers\Keys.php(217): CodeIgniter\Debug\Exceptions->errorHandler(8, 'Undefined index...', 'C:\\laragon\\www\\...', 217, Array)
#1 C:\laragon\www\kuro\vendor\codeigniter4\framework\system\CodeIgniter.php(928): App\Controllers\Keys->getConfig()
#2 C:\laragon\www\kuro\vendor\codeigniter4\framework\system\CodeIgniter.php(436): CodeIgniter\CodeIgniter->runController(Object(App\Controllers\Keys))
#3 C:\laragon\www\kuro\vendor\codeigniter4\framework\system\CodeIgniter.php(336): CodeIgniter\CodeIgniter->handleRequest(NULL, Object(Config\Cache), false)
#4 C:\laragon\www\kuro\public\index.php(37): CodeIgniter\CodeIgniter->run()
#5 {main}
CRITICAL - 2021-08-01 17:27:37 --> Array to string conversion
#0 C:\laragon\www\kuro\app\Controllers\Keys.php(218): CodeIgniter\Debug\Exceptions->errorHandler(8, 'Array to string...', 'C:\\laragon\\www\\...', 218, Array)
#1 C:\laragon\www\kuro\vendor\codeigniter4\framework\system\CodeIgniter.php(928): App\Controllers\Keys->getConfig()
#2 C:\laragon\www\kuro\vendor\codeigniter4\framework\system\CodeIgniter.php(436): CodeIgniter\CodeIgniter->runController(Object(App\Controllers\Keys))
#3 C:\laragon\www\kuro\vendor\codeigniter4\framework\system\CodeIgniter.php(336): CodeIgniter\CodeIgniter->handleRequest(NULL, Object(Config\Cache), false)
#4 C:\laragon\www\kuro\public\index.php(37): CodeIgniter\CodeIgniter->run()
#5 {main}
CRITICAL - 2021-08-01 17:28:13 --> Object of class CodeIgniter\HTTP\Response could not be converted to string
#0 C:\laragon\www\kuro\vendor\codeigniter4\framework\system\CodeIgniter.php(928): App\Controllers\Keys->getConfig()
#1 C:\laragon\www\kuro\vendor\codeigniter4\framework\system\CodeIgniter.php(436): CodeIgniter\CodeIgniter->runController(Object(App\Controllers\Keys))
#2 C:\laragon\www\kuro\vendor\codeigniter4\framework\system\CodeIgniter.php(336): CodeIgniter\CodeIgniter->handleRequest(NULL, Object(Config\Cache), false)
#3 C:\laragon\www\kuro\public\index.php(37): CodeIgniter\CodeIgniter->run()
#4 {main}
CRITICAL - 2021-08-01 17:28:48 --> Object of class CodeIgniter\HTTP\Response could not be converted to string
#0 C:\laragon\www\kuro\vendor\codeigniter4\framework\system\CodeIgniter.php(928): App\Controllers\Keys->getConfig()
#1 C:\laragon\www\kuro\vendor\codeigniter4\framework\system\CodeIgniter.php(436): CodeIgniter\CodeIgniter->runController(Object(App\Controllers\Keys))
#2 C:\laragon\www\kuro\vendor\codeigniter4\framework\system\CodeIgniter.php(336): CodeIgniter\CodeIgniter->handleRequest(NULL, Object(Config\Cache), false)
#3 C:\laragon\www\kuro\public\index.php(37): CodeIgniter\CodeIgniter->run()
#4 {main}
CRITICAL - 2021-08-01 17:42:35 --> Undefined variable: list_game
#0 C:\laragon\www\kuro\app\Views\Keys\key_edit.php(41): CodeIgniter\Debug\Exceptions->errorHandler(8, 'Undefined varia...', 'C:\\laragon\\www\\...', 41, Array)
#1 C:\laragon\www\kuro\vendor\codeigniter4\framework\system\View\View.php(230): include('C:\\laragon\\www\\...')
#2 C:\laragon\www\kuro\vendor\codeigniter4\framework\system\View\View.php(232): CodeIgniter\View\View->CodeIgniter\View\{closure}()
#3 C:\laragon\www\kuro\vendor\codeigniter4\framework\system\Common.php(1271): CodeIgniter\View\View->render('Keys/key_edit', Array, true)
#4 C:\laragon\www\kuro\app\Controllers\Keys.php(106): view('Keys/key_edit', Array)
#5 C:\laragon\www\kuro\vendor\codeigniter4\framework\system\CodeIgniter.php(928): App\Controllers\Keys->edit_key('1')
#6 C:\laragon\www\kuro\vendor\codeigniter4\framework\system\CodeIgniter.php(436): CodeIgniter\CodeIgniter->runController(Object(App\Controllers\Keys))
#7 C:\laragon\www\kuro\vendor\codeigniter4\framework\system\CodeIgniter.php(336): CodeIgniter\CodeIgniter->handleRequest(NULL, Object(Config\Cache), false)
#8 C:\laragon\www\kuro\public\index.php(37): CodeIgniter\CodeIgniter->run()
#9 {main}
CRITICAL - 2021-08-01 17:44:53 --> Illegal string offset 'game_list'
#0 C:\laragon\www\kuro\app\Controllers\Keys.php(97): CodeIgniter\Debug\Exceptions->errorHandler(2, 'Illegal string ...', 'C:\\laragon\\www\\...', 97, Array)
#1 C:\laragon\www\kuro\vendor\codeigniter4\framework\system\CodeIgniter.php(928): App\Controllers\Keys->edit_key('creator')
#2 C:\laragon\www\kuro\vendor\codeigniter4\framework\system\CodeIgniter.php(436): CodeIgniter\CodeIgniter->runController(Object(App\Controllers\Keys))
#3 C:\laragon\www\kuro\vendor\codeigniter4\framework\system\CodeIgniter.php(336): CodeIgniter\CodeIgniter->handleRequest(NULL, Object(Config\Cache), false)
#4 C:\laragon\www\kuro\public\index.php(37): CodeIgniter\CodeIgniter->run()
#5 {main}
CRITICAL - 2021-08-01 17:45:20 --> Illegal string offset 'game_list'
#0 C:\laragon\www\kuro\app\Controllers\Keys.php(97): CodeIgniter\Debug\Exceptions->errorHandler(2, 'Illegal string ...', 'C:\\laragon\\www\\...', 97, Array)
#1 C:\laragon\www\kuro\vendor\codeigniter4\framework\system\CodeIgniter.php(928): App\Controllers\Keys->edit_key('creator')
#2 C:\laragon\www\kuro\vendor\codeigniter4\framework\system\CodeIgniter.php(436): CodeIgniter\CodeIgniter->runController(Object(App\Controllers\Keys))
#3 C:\laragon\www\kuro\vendor\codeigniter4\framework\system\CodeIgniter.php(336): CodeIgniter\CodeIgniter->handleRequest(NULL, Object(Config\Cache), false)
#4 C:\laragon\www\kuro\public\index.php(37): CodeIgniter\CodeIgniter->run()
#5 {main}
CRITICAL - 2021-08-01 17:46:23 --> Illegal string offset 'game_list'
#0 C:\laragon\www\kuro\app\Controllers\Keys.php(97): CodeIgniter\Debug\Exceptions->errorHandler(2, 'Illegal string ...', 'C:\\laragon\\www\\...', 97, Array)
#1 C:\laragon\www\kuro\vendor\codeigniter4\framework\system\CodeIgniter.php(928): App\Controllers\Keys->edit_key('natacode')
#2 C:\laragon\www\kuro\vendor\codeigniter4\framework\system\CodeIgniter.php(436): CodeIgniter\CodeIgniter->runController(Object(App\Controllers\Keys))
#3 C:\laragon\www\kuro\vendor\codeigniter4\framework\system\CodeIgniter.php(336): CodeIgniter\CodeIgniter->handleRequest(NULL, Object(Config\Cache), false)
#4 C:\laragon\www\kuro\public\index.php(37): CodeIgniter\CodeIgniter->run()
#5 {main}
CRITICAL - 2021-08-01 17:47:00 --> Cannot use object of type stdClass as array
#0 C:\laragon\www\kuro\vendor\codeigniter4\framework\system\CodeIgniter.php(928): App\Controllers\Keys->edit_key(Object(stdClass))
#1 C:\laragon\www\kuro\vendor\codeigniter4\framework\system\CodeIgniter.php(436): CodeIgniter\CodeIgniter->runController(Object(App\Controllers\Keys))
#2 C:\laragon\www\kuro\vendor\codeigniter4\framework\system\CodeIgniter.php(336): CodeIgniter\CodeIgniter->handleRequest(NULL, Object(Config\Cache), false)
#3 C:\laragon\www\kuro\public\index.php(37): CodeIgniter\CodeIgniter->run()
#4 {main}
CRITICAL - 2021-08-01 17:49:47 --> Undefined variable: list_game
#0 C:\laragon\www\kuro\app\Views\Keys\key_edit.php(41): CodeIgniter\Debug\Exceptions->errorHandler(8, 'Undefined varia...', 'C:\\laragon\\www\\...', 41, Array)
#1 C:\laragon\www\kuro\vendor\codeigniter4\framework\system\View\View.php(230): include('C:\\laragon\\www\\...')
#2 C:\laragon\www\kuro\vendor\codeigniter4\framework\system\View\View.php(232): CodeIgniter\View\View->CodeIgniter\View\{closure}()
#3 C:\laragon\www\kuro\vendor\codeigniter4\framework\system\Common.php(1271): CodeIgniter\View\View->render('Keys/key_edit', Array, true)
#4 C:\laragon\www\kuro\app\Controllers\Keys.php(111): view('Keys/key_edit', Array)
#5 C:\laragon\www\kuro\vendor\codeigniter4\framework\system\CodeIgniter.php(928): App\Controllers\Keys->edit_key('PUBG')
#6 C:\laragon\www\kuro\vendor\codeigniter4\framework\system\CodeIgniter.php(436): CodeIgniter\CodeIgniter->runController(Object(App\Controllers\Keys))
#7 C:\laragon\www\kuro\vendor\codeigniter4\framework\system\CodeIgniter.php(336): CodeIgniter\CodeIgniter->handleRequest(NULL, Object(Config\Cache), false)
#8 C:\laragon\www\kuro\public\index.php(37): CodeIgniter\CodeIgniter->run()
#9 {main}
CRITICAL - 2021-08-01 17:52:20 --> Undefined index: game_list
#0 C:\laragon\www\kuro\app\Controllers\Keys.php(225): CodeIgniter\Debug\Exceptions->errorHandler(8, 'Undefined index...', 'C:\\laragon\\www\\...', 225, Array)
#1 C:\laragon\www\kuro\vendor\codeigniter4\framework\system\CodeIgniter.php(928): App\Controllers\Keys->getConfig()
#2 C:\laragon\www\kuro\vendor\codeigniter4\framework\system\CodeIgniter.php(436): CodeIgniter\CodeIgniter->runController(Object(App\Controllers\Keys))
#3 C:\laragon\www\kuro\vendor\codeigniter4\framework\system\CodeIgniter.php(336): CodeIgniter\CodeIgniter->handleRequest(NULL, Object(Config\Cache), false)
#4 C:\laragon\www\kuro\public\index.php(37): CodeIgniter\CodeIgniter->run()
#5 {main}
CRITICAL - 2021-08-01 17:56:45 --> Cannot use object of type stdClass as array
#0 C:\laragon\www\kuro\app\Controllers\Keys.php(94): App\Models\CodeModel->gameList(true)
#1 C:\laragon\www\kuro\vendor\codeigniter4\framework\system\CodeIgniter.php(928): App\Controllers\Keys->edit_key('1')
#2 C:\laragon\www\kuro\vendor\codeigniter4\framework\system\CodeIgniter.php(436): CodeIgniter\CodeIgniter->runController(Object(App\Controllers\Keys))
#3 C:\laragon\www\kuro\vendor\codeigniter4\framework\system\CodeIgniter.php(336): CodeIgniter\CodeIgniter->handleRequest(NULL, Object(Config\Cache), false)
#4 C:\laragon\www\kuro\public\index.php(37): CodeIgniter\CodeIgniter->run()
#5 {main}
CRITICAL - 2021-08-01 18:23:34 --> Array to string conversion
#0 C:\laragon\www\kuro\app\Controllers\Keys.php(145): CodeIgniter\Debug\Exceptions->errorHandler(8, 'Array to string...', 'C:\\laragon\\www\\...', 145, Array)
#1 C:\laragon\www\kuro\app\Controllers\Keys.php(88): App\Controllers\Keys->edit_key_action()
#2 C:\laragon\www\kuro\vendor\codeigniter4\framework\system\CodeIgniter.php(928): App\Controllers\Keys->edit_key()
#3 C:\laragon\www\kuro\vendor\codeigniter4\framework\system\CodeIgniter.php(436): CodeIgniter\CodeIgniter->runController(Object(App\Controllers\Keys))
#4 C:\laragon\www\kuro\vendor\codeigniter4\framework\system\CodeIgniter.php(336): CodeIgniter\CodeIgniter->handleRequest(NULL, Object(Config\Cache), false)
#5 C:\laragon\www\kuro\public\index.php(37): CodeIgniter\CodeIgniter->run()
#6 {main}
CRITICAL - 2021-08-01 18:31:21 --> Undefined variable: ex
#0 C:\laragon\www\kuro\app\Views\Keys\key_edit.php(92): CodeIgniter\Debug\Exceptions->errorHandler(8, 'Undefined varia...', 'C:\\laragon\\www\\...', 92, Array)
#1 C:\laragon\www\kuro\vendor\codeigniter4\framework\system\View\View.php(230): include('C:\\laragon\\www\\...')
#2 C:\laragon\www\kuro\vendor\codeigniter4\framework\system\View\View.php(232): CodeIgniter\View\View->CodeIgniter\View\{closure}()
#3 C:\laragon\www\kuro\vendor\codeigniter4\framework\system\Common.php(1271): CodeIgniter\View\View->render('Keys/key_edit', Array, true)
#4 C:\laragon\www\kuro\app\Controllers\Keys.php(105): view('Keys/key_edit', Array)
#5 C:\laragon\www\kuro\vendor\codeigniter4\framework\system\CodeIgniter.php(928): App\Controllers\Keys->edit_key('1')
#6 C:\laragon\www\kuro\vendor\codeigniter4\framework\system\CodeIgniter.php(436): CodeIgniter\CodeIgniter->runController(Object(App\Controllers\Keys))
#7 C:\laragon\www\kuro\vendor\codeigniter4\framework\system\CodeIgniter.php(336): CodeIgniter\CodeIgniter->handleRequest(NULL, Object(Config\Cache), false)
#8 C:\laragon\www\kuro\public\index.php(37): CodeIgniter\CodeIgniter->run()
#9 {main}
CRITICAL - 2021-08-01 18:31:52 --> Undefined variable: ex
#0 C:\laragon\www\kuro\app\Views\Keys\key_edit.php(92): CodeIgniter\Debug\Exceptions->errorHandler(8, 'Undefined varia...', 'C:\\laragon\\www\\...', 92, Array)
#1 C:\laragon\www\kuro\vendor\codeigniter4\framework\system\View\View.php(230): include('C:\\laragon\\www\\...')
#2 C:\laragon\www\kuro\vendor\codeigniter4\framework\system\View\View.php(232): CodeIgniter\View\View->CodeIgniter\View\{closure}()
#3 C:\laragon\www\kuro\vendor\codeigniter4\framework\system\Common.php(1271): CodeIgniter\View\View->render('Keys/key_edit', Array, true)
#4 C:\laragon\www\kuro\app\Controllers\Keys.php(105): view('Keys/key_edit', Array)
#5 C:\laragon\www\kuro\vendor\codeigniter4\framework\system\CodeIgniter.php(928): App\Controllers\Keys->edit_key('1')
#6 C:\laragon\www\kuro\vendor\codeigniter4\framework\system\CodeIgniter.php(436): CodeIgniter\CodeIgniter->runController(Object(App\Controllers\Keys))
#7 C:\laragon\www\kuro\vendor\codeigniter4\framework\system\CodeIgniter.php(336): CodeIgniter\CodeIgniter->handleRequest(NULL, Object(Config\Cache), false)
#8 C:\laragon\www\kuro\public\index.php(37): CodeIgniter\CodeIgniter->run()
#9 {main}
CRITICAL - 2021-08-01 18:33:09 --> Undefined variable: exCount
#0 C:\laragon\www\kuro\app\Views\Keys\key_edit.php(93): CodeIgniter\Debug\Exceptions->errorHandler(8, 'Undefined varia...', 'C:\\laragon\\www\\...', 93, Array)
#1 C:\laragon\www\kuro\vendor\codeigniter4\framework\system\View\View.php(230): include('C:\\laragon\\www\\...')
#2 C:\laragon\www\kuro\vendor\codeigniter4\framework\system\View\View.php(232): CodeIgniter\View\View->CodeIgniter\View\{closure}()
#3 C:\laragon\www\kuro\vendor\codeigniter4\framework\system\Common.php(1271): CodeIgniter\View\View->render('Keys/key_edit', Array, true)
#4 C:\laragon\www\kuro\app\Controllers\Keys.php(105): view('Keys/key_edit', Array)
#5 C:\laragon\www\kuro\vendor\codeigniter4\framework\system\CodeIgniter.php(928): App\Controllers\Keys->edit_key('1')
#6 C:\laragon\www\kuro\vendor\codeigniter4\framework\system\CodeIgniter.php(436): CodeIgniter\CodeIgniter->runController(Object(App\Controllers\Keys))
#7 C:\laragon\www\kuro\vendor\codeigniter4\framework\system\CodeIgniter.php(336): CodeIgniter\CodeIgniter->handleRequest(NULL, Object(Config\Cache), false)
#8 C:\laragon\www\kuro\public\index.php(37): CodeIgniter\CodeIgniter->run()
#9 {main}
CRITICAL - 2021-08-01 18:34:27 --> Undefined variable: listDevice
#0 C:\laragon\www\kuro\app\Views\Keys\key_edit.php(94): CodeIgniter\Debug\Exceptions->errorHandler(8, 'Undefined varia...', 'C:\\laragon\\www\\...', 94, Array)
#1 C:\laragon\www\kuro\vendor\codeigniter4\framework\system\View\View.php(230): include('C:\\laragon\\www\\...')
#2 C:\laragon\www\kuro\vendor\codeigniter4\framework\system\View\View.php(232): CodeIgniter\View\View->CodeIgniter\View\{closure}()
#3 C:\laragon\www\kuro\vendor\codeigniter4\framework\system\Common.php(1271): CodeIgniter\View\View->render('Keys/key_edit', Array, true)
#4 C:\laragon\www\kuro\app\Controllers\Keys.php(105): view('Keys/key_edit', Array)
#5 C:\laragon\www\kuro\vendor\codeigniter4\framework\system\CodeIgniter.php(928): App\Controllers\Keys->edit_key('1')
#6 C:\laragon\www\kuro\vendor\codeigniter4\framework\system\CodeIgniter.php(436): CodeIgniter\CodeIgniter->runController(Object(App\Controllers\Keys))
#7 C:\laragon\www\kuro\vendor\codeigniter4\framework\system\CodeIgniter.php(336): CodeIgniter\CodeIgniter->handleRequest(NULL, Object(Config\Cache), false)
#8 C:\laragon\www\kuro\public\index.php(37): CodeIgniter\CodeIgniter->run()
#9 {main}
CRITICAL - 2021-08-01 19:03:49 --> Undefined variable: exCount
#0 C:\laragon\www\kuro\app\Views\Keys\key_edit.php(93): CodeIgniter\Debug\Exceptions->errorHandler(8, 'Undefined varia...', 'C:\\laragon\\www\\...', 93, Array)
#1 C:\laragon\www\kuro\vendor\codeigniter4\framework\system\View\View.php(230): include('C:\\laragon\\www\\...')
#2 C:\laragon\www\kuro\vendor\codeigniter4\framework\system\View\View.php(232): CodeIgniter\View\View->CodeIgniter\View\{closure}()
#3 C:\laragon\www\kuro\vendor\codeigniter4\framework\system\Common.php(1271): CodeIgniter\View\View->render('Keys/key_edit', Array, true)
#4 C:\laragon\www\kuro\app\Controllers\Keys.php(105): view('Keys/key_edit', Array)
#5 C:\laragon\www\kuro\vendor\codeigniter4\framework\system\CodeIgniter.php(928): App\Controllers\Keys->edit_key('1')
#6 C:\laragon\www\kuro\vendor\codeigniter4\framework\system\CodeIgniter.php(436): CodeIgniter\CodeIgniter->runController(Object(App\Controllers\Keys))
#7 C:\laragon\www\kuro\vendor\codeigniter4\framework\system\CodeIgniter.php(336): CodeIgniter\CodeIgniter->handleRequest(NULL, Object(Config\Cache), false)
#8 C:\laragon\www\kuro\public\index.php(37): CodeIgniter\CodeIgniter->run()
#9 {main}
CRITICAL - 2021-08-01 19:09:36 --> Undefined variable: exCount
#0 C:\laragon\www\kuro\app\Views\Keys\key_edit.php(94): CodeIgniter\Debug\Exceptions->errorHandler(8, 'Undefined varia...', 'C:\\laragon\\www\\...', 94, Array)
#1 C:\laragon\www\kuro\vendor\codeigniter4\framework\system\View\View.php(230): include('C:\\laragon\\www\\...')
#2 C:\laragon\www\kuro\vendor\codeigniter4\framework\system\View\View.php(232): CodeIgniter\View\View->CodeIgniter\View\{closure}()
#3 C:\laragon\www\kuro\vendor\codeigniter4\framework\system\Common.php(1271): CodeIgniter\View\View->render('Keys/key_edit', Array, true)
#4 C:\laragon\www\kuro\app\Controllers\Keys.php(106): view('Keys/key_edit', Array)
#5 C:\laragon\www\kuro\vendor\codeigniter4\framework\system\CodeIgniter.php(928): App\Controllers\Keys->edit_key('1')
#6 C:\laragon\www\kuro\vendor\codeigniter4\framework\system\CodeIgniter.php(436): CodeIgniter\CodeIgniter->runController(Object(App\Controllers\Keys))
#7 C:\laragon\www\kuro\vendor\codeigniter4\framework\system\CodeIgniter.php(336): CodeIgniter\CodeIgniter->handleRequest(NULL, Object(Config\Cache), false)
#8 C:\laragon\www\kuro\public\index.php(37): CodeIgniter\CodeIgniter->run()
#9 {main}
CRITICAL - 2021-08-01 19:10:16 --> Undefined variable: exCount
#0 C:\laragon\www\kuro\app\Views\Keys\key_edit.php(121): CodeIgniter\Debug\Exceptions->errorHandler(8, 'Undefined varia...', 'C:\\laragon\\www\\...', 121, Array)
#1 C:\laragon\www\kuro\vendor\codeigniter4\framework\system\View\View.php(230): include('C:\\laragon\\www\\...')
#2 C:\laragon\www\kuro\vendor\codeigniter4\framework\system\View\View.php(232): CodeIgniter\View\View->CodeIgniter\View\{closure}()
#3 C:\laragon\www\kuro\vendor\codeigniter4\framework\system\Common.php(1271): CodeIgniter\View\View->render('Keys/key_edit', Array, true)
#4 C:\laragon\www\kuro\app\Controllers\Keys.php(106): view('Keys/key_edit', Array)
#5 C:\laragon\www\kuro\vendor\codeigniter4\framework\system\CodeIgniter.php(928): App\Controllers\Keys->edit_key('1')
#6 C:\laragon\www\kuro\vendor\codeigniter4\framework\system\CodeIgniter.php(436): CodeIgniter\CodeIgniter->runController(Object(App\Controllers\Keys))
#7 C:\laragon\www\kuro\vendor\codeigniter4\framework\system\CodeIgniter.php(336): CodeIgniter\CodeIgniter->handleRequest(NULL, Object(Config\Cache), false)
#8 C:\laragon\www\kuro\public\index.php(37): CodeIgniter\CodeIgniter->run()
#9 {main}
CRITICAL - 2021-08-01 19:50:37 --> trim() expects parameter 1 to be string, array given
#0 [internal function]: CodeIgniter\Debug\Exceptions->errorHandler(2, 'trim() expects ...', 'C:\\laragon\\www\\...', 71, Array)
#1 C:\laragon\www\kuro\app\Helpers\nata_helper.php(71): trim(Array)
#2 C:\laragon\www\kuro\app\Controllers\Keys.php(204): setDevice('a\r\nc\r\nb\r\na', '4')
#3 C:\laragon\www\kuro\app\Controllers\Keys.php(88): App\Controllers\Keys->edit_key_action()
#4 C:\laragon\www\kuro\vendor\codeigniter4\framework\system\CodeIgniter.php(928): App\Controllers\Keys->edit_key()
#5 C:\laragon\www\kuro\vendor\codeigniter4\framework\system\CodeIgniter.php(436): CodeIgniter\CodeIgniter->runController(Object(App\Controllers\Keys))
#6 C:\laragon\www\kuro\vendor\codeigniter4\framework\system\CodeIgniter.php(336): CodeIgniter\CodeIgniter->handleRequest(NULL, Object(Config\Cache), false)
#7 C:\laragon\www\kuro\public\index.php(37): CodeIgniter\CodeIgniter->run()
#8 {main}
CRITICAL - 2021-08-01 20:02:35 --> Argument 1 passed to reduce_multiples() must be of the type string, array given, called in C:\laragon\www\kuro\app\Helpers\nata_helper.php on line 76
#0 C:\laragon\www\kuro\app\Helpers\nata_helper.php(76): reduce_multiples(Array, ',', true)
#1 C:\laragon\www\kuro\app\Controllers\Keys.php(204): setDevice('a   \r\nbvvas\r\ncw...', '4')
#2 C:\laragon\www\kuro\app\Controllers\Keys.php(88): App\Controllers\Keys->edit_key_action()
#3 C:\laragon\www\kuro\vendor\codeigniter4\framework\system\CodeIgniter.php(928): App\Controllers\Keys->edit_key()
#4 C:\laragon\www\kuro\vendor\codeigniter4\framework\system\CodeIgniter.php(436): CodeIgniter\CodeIgniter->runController(Object(App\Controllers\Keys))
#5 C:\laragon\www\kuro\vendor\codeigniter4\framework\system\CodeIgniter.php(336): CodeIgniter\CodeIgniter->handleRequest(NULL, Object(Config\Cache), false)
#6 C:\laragon\www\kuro\public\index.php(37): CodeIgniter\CodeIgniter->run()
#7 {main}
CRITICAL - 2021-08-01 21:00:51 --> Call to undefined method App\Models\CodeModel::gameConfig
#0 C:\laragon\www\kuro\app\Controllers\Keys.php(231): CodeIgniter\Model->__call('gameConfig', Array)
#1 C:\laragon\www\kuro\vendor\codeigniter4\framework\system\CodeIgniter.php(928): App\Controllers\Keys->getConfig()
#2 C:\laragon\www\kuro\vendor\codeigniter4\framework\system\CodeIgniter.php(436): CodeIgniter\CodeIgniter->runController(Object(App\Controllers\Keys))
#3 C:\laragon\www\kuro\vendor\codeigniter4\framework\system\CodeIgniter.php(336): CodeIgniter\CodeIgniter->handleRequest(NULL, Object(Config\Cache), false)
#4 C:\laragon\www\kuro\public\index.php(37): CodeIgniter\CodeIgniter->run()
#5 {main}
CRITICAL - 2021-08-01 21:10:55 --> Invalid file: msgStatus.php
#0 C:\laragon\www\kuro\vendor\codeigniter4\framework\system\View\View.php(213): CodeIgniter\Exceptions\FrameworkException::forInvalidFile('msgStatus.php')
#1 C:\laragon\www\kuro\vendor\codeigniter4\framework\system\View\View.php(487): CodeIgniter\View\View->render('msgStatus', NULL, true)
#2 C:\laragon\www\kuro\app\Views\Keys\generate.php(6): CodeIgniter\View\View->include('msgStatus')
#3 C:\laragon\www\kuro\vendor\codeigniter4\framework\system\View\View.php(230): include('C:\\laragon\\www\\...')
#4 C:\laragon\www\kuro\vendor\codeigniter4\framework\system\View\View.php(232): CodeIgniter\View\View->CodeIgniter\View\{closure}()
#5 C:\laragon\www\kuro\vendor\codeigniter4\framework\system\Common.php(1271): CodeIgniter\View\View->render('Keys/generate', Array, true)
#6 C:\laragon\www\kuro\app\Controllers\Keys.php(234): view('Keys/generate', Array)
#7 C:\laragon\www\kuro\vendor\codeigniter4\framework\system\CodeIgniter.php(928): App\Controllers\Keys->generate()
#8 C:\laragon\www\kuro\vendor\codeigniter4\framework\system\CodeIgniter.php(436): CodeIgniter\CodeIgniter->runController(Object(App\Controllers\Keys))
#9 C:\laragon\www\kuro\vendor\codeigniter4\framework\system\CodeIgniter.php(336): CodeIgniter\CodeIgniter->handleRequest(NULL, Object(Config\Cache), false)
#10 C:\laragon\www\kuro\public\index.php(37): CodeIgniter\CodeIgniter->run()
#11 {main}
CRITICAL - 2021-08-01 22:09:24 --> Undefined variable: validation
#0 C:\laragon\www\kuro\app\Views\Keys\generate.php(15): CodeIgniter\Debug\Exceptions->errorHandler(8, 'Undefined varia...', 'C:\\laragon\\www\\...', 15, Array)
#1 C:\laragon\www\kuro\vendor\codeigniter4\framework\system\View\View.php(230): include('C:\\laragon\\www\\...')
#2 C:\laragon\www\kuro\vendor\codeigniter4\framework\system\View\View.php(232): CodeIgniter\View\View->CodeIgniter\View\{closure}()
#3 C:\laragon\www\kuro\vendor\codeigniter4\framework\system\Common.php(1271): CodeIgniter\View\View->render('Keys/generate', Array, true)
#4 C:\laragon\www\kuro\app\Controllers\Keys.php(234): view('Keys/generate', Array)
#5 C:\laragon\www\kuro\vendor\codeigniter4\framework\system\CodeIgniter.php(928): App\Controllers\Keys->generate()
#6 C:\laragon\www\kuro\vendor\codeigniter4\framework\system\CodeIgniter.php(436): CodeIgniter\CodeIgniter->runController(Object(App\Controllers\Keys))
#7 C:\laragon\www\kuro\vendor\codeigniter4\framework\system\CodeIgniter.php(336): CodeIgniter\CodeIgniter->handleRequest(NULL, Object(Config\Cache), false)
#8 C:\laragon\www\kuro\public\index.php(37): CodeIgniter\CodeIgniter->run()
#9 {main}
CRITICAL - 2021-08-01 22:17:24 --> Undefined variable: duration
#0 C:\laragon\www\kuro\app\Views\Keys\generate.php(22): CodeIgniter\Debug\Exceptions->errorHandler(8, 'Undefined varia...', 'C:\\laragon\\www\\...', 22, Array)
#1 C:\laragon\www\kuro\vendor\codeigniter4\framework\system\View\View.php(230): include('C:\\laragon\\www\\...')
#2 C:\laragon\www\kuro\vendor\codeigniter4\framework\system\View\View.php(232): CodeIgniter\View\View->CodeIgniter\View\{closure}()
#3 C:\laragon\www\kuro\vendor\codeigniter4\framework\system\Common.php(1271): CodeIgniter\View\View->render('Keys/generate', Array, true)
#4 C:\laragon\www\kuro\app\Controllers\Keys.php(238): view('Keys/generate', Array)
#5 C:\laragon\www\kuro\vendor\codeigniter4\framework\system\CodeIgniter.php(928): App\Controllers\Keys->generate()
#6 C:\laragon\www\kuro\vendor\codeigniter4\framework\system\CodeIgniter.php(436): CodeIgniter\CodeIgniter->runController(Object(App\Controllers\Keys))
#7 C:\laragon\www\kuro\vendor\codeigniter4\framework\system\CodeIgniter.php(336): CodeIgniter\CodeIgniter->handleRequest(NULL, Object(Config\Cache), false)
#8 C:\laragon\www\kuro\public\index.php(37): CodeIgniter\CodeIgniter->run()
#9 {main}
CRITICAL - 2021-08-01 22:49:28 --> Array to string conversion
#0 C:\laragon\www\kuro\app\Views\Keys\generate.php(58): CodeIgniter\Debug\Exceptions->errorHandler(8, 'Array to string...', 'C:\\laragon\\www\\...', 58, Array)
#1 C:\laragon\www\kuro\vendor\codeigniter4\framework\system\View\View.php(230): include('C:\\laragon\\www\\...')
#2 C:\laragon\www\kuro\vendor\codeigniter4\framework\system\View\View.php(232): CodeIgniter\View\View->CodeIgniter\View\{closure}()
#3 C:\laragon\www\kuro\vendor\codeigniter4\framework\system\Common.php(1271): CodeIgniter\View\View->render('Keys/generate', Array, true)
#4 C:\laragon\www\kuro\app\Controllers\Keys.php(258): view('Keys/generate', Array)
#5 C:\laragon\www\kuro\vendor\codeigniter4\framework\system\CodeIgniter.php(928): App\Controllers\Keys->generate()
#6 C:\laragon\www\kuro\vendor\codeigniter4\framework\system\CodeIgniter.php(436): CodeIgniter\CodeIgniter->runController(Object(App\Controllers\Keys))
#7 C:\laragon\www\kuro\vendor\codeigniter4\framework\system\CodeIgniter.php(336): CodeIgniter\CodeIgniter->handleRequest(NULL, Object(Config\Cache), false)
#8 C:\laragon\www\kuro\public\index.php(37): CodeIgniter\CodeIgniter->run()
#9 {main}
CRITICAL - 2021-08-01 22:50:10 --> Array to string conversion
#0 C:\laragon\www\kuro\app\Views\Keys\generate.php(58): CodeIgniter\Debug\Exceptions->errorHandler(8, 'Array to string...', 'C:\\laragon\\www\\...', 58, Array)
#1 C:\laragon\www\kuro\vendor\codeigniter4\framework\system\View\View.php(230): include('C:\\laragon\\www\\...')
#2 C:\laragon\www\kuro\vendor\codeigniter4\framework\system\View\View.php(232): CodeIgniter\View\View->CodeIgniter\View\{closure}()
#3 C:\laragon\www\kuro\vendor\codeigniter4\framework\system\Common.php(1271): CodeIgniter\View\View->render('Keys/generate', Array, true)
#4 C:\laragon\www\kuro\app\Controllers\Keys.php(258): view('Keys/generate', Array)
#5 C:\laragon\www\kuro\vendor\codeigniter4\framework\system\CodeIgniter.php(928): App\Controllers\Keys->generate()
#6 C:\laragon\www\kuro\vendor\codeigniter4\framework\system\CodeIgniter.php(436): CodeIgniter\CodeIgniter->runController(Object(App\Controllers\Keys))
#7 C:\laragon\www\kuro\vendor\codeigniter4\framework\system\CodeIgniter.php(336): CodeIgniter\CodeIgniter->handleRequest(NULL, Object(Config\Cache), false)
#8 C:\laragon\www\kuro\public\index.php(37): CodeIgniter\CodeIgniter->run()
#9 {main}
CRITICAL - 2021-08-01 22:50:19 --> Array to string conversion
#0 C:\laragon\www\kuro\app\Views\Keys\generate.php(58): CodeIgniter\Debug\Exceptions->errorHandler(8, 'Array to string...', 'C:\\laragon\\www\\...', 58, Array)
#1 C:\laragon\www\kuro\vendor\codeigniter4\framework\system\View\View.php(230): include('C:\\laragon\\www\\...')
#2 C:\laragon\www\kuro\vendor\codeigniter4\framework\system\View\View.php(232): CodeIgniter\View\View->CodeIgniter\View\{closure}()
#3 C:\laragon\www\kuro\vendor\codeigniter4\framework\system\Common.php(1271): CodeIgniter\View\View->render('Keys/generate', Array, true)
#4 C:\laragon\www\kuro\app\Controllers\Keys.php(258): view('Keys/generate', Array)
#5 C:\laragon\www\kuro\vendor\codeigniter4\framework\system\CodeIgniter.php(928): App\Controllers\Keys->generate()
#6 C:\laragon\www\kuro\vendor\codeigniter4\framework\system\CodeIgniter.php(436): CodeIgniter\CodeIgniter->runController(Object(App\Controllers\Keys))
#7 C:\laragon\www\kuro\vendor\codeigniter4\framework\system\CodeIgniter.php(336): CodeIgniter\CodeIgniter->handleRequest(NULL, Object(Config\Cache), false)
#8 C:\laragon\www\kuro\public\index.php(37): CodeIgniter\CodeIgniter->run()
#9 {main}
CRITICAL - 2021-08-01 22:53:00 --> Array to string conversion
#0 C:\laragon\www\kuro\app\Views\Keys\generate.php(58): CodeIgniter\Debug\Exceptions->errorHandler(8, 'Array to string...', 'C:\\laragon\\www\\...', 58, Array)
#1 C:\laragon\www\kuro\vendor\codeigniter4\framework\system\View\View.php(230): include('C:\\laragon\\www\\...')
#2 C:\laragon\www\kuro\vendor\codeigniter4\framework\system\View\View.php(232): CodeIgniter\View\View->CodeIgniter\View\{closure}()
#3 C:\laragon\www\kuro\vendor\codeigniter4\framework\system\Common.php(1271): CodeIgniter\View\View->render('Keys/generate', Array, true)
#4 C:\laragon\www\kuro\app\Controllers\Keys.php(258): view('Keys/generate', Array)
#5 C:\laragon\www\kuro\vendor\codeigniter4\framework\system\CodeIgniter.php(928): App\Controllers\Keys->generate()
#6 C:\laragon\www\kuro\vendor\codeigniter4\framework\system\CodeIgniter.php(436): CodeIgniter\CodeIgniter->runController(Object(App\Controllers\Keys))
#7 C:\laragon\www\kuro\vendor\codeigniter4\framework\system\CodeIgniter.php(336): CodeIgniter\CodeIgniter->handleRequest(NULL, Object(Config\Cache), false)
#8 C:\laragon\www\kuro\public\index.php(37): CodeIgniter\CodeIgniter->run()
#9 {main}
