CRITICAL - 2021-07-29 00:40:25 --> Call to undefined function form_open()
#0 C:\laragon\www\kuro\vendor\codeigniter4\framework\system\View\View.php(230): include()
#1 C:\laragon\www\kuro\vendor\codeigniter4\framework\system\View\View.php(232): CodeIgniter\View\View->CodeIgniter\View\{closure}()
#2 C:\laragon\www\kuro\vendor\codeigniter4\framework\system\Common.php(1271): CodeIgniter\View\View->render('Auth/login', Array, true)
#3 C:\laragon\www\kuro\app\Controllers\Auth.php(15): view('Auth/login', Array)
#4 C:\laragon\www\kuro\vendor\codeigniter4\framework\system\CodeIgniter.php(928): App\Controllers\Auth->login()
#5 C:\laragon\www\kuro\vendor\codeigniter4\framework\system\CodeIgniter.php(436): CodeIgniter\CodeIgniter->runController(Object(App\Controllers\Auth))
#6 C:\laragon\www\kuro\vendor\codeigniter4\framework\system\CodeIgniter.php(336): CodeIgniter\CodeIgniter->handleRequest(NULL, Object(Config\Cache), false)
#7 C:\laragon\www\kuro\public\index.php(37): CodeIgniter\CodeIgniter->run()
#8 {main}
CRITICAL - 2021-07-29 01:21:03 --> Call to undefined function create_password()
#0 C:\laragon\www\kuro\vendor\codeigniter4\framework\system\View\View.php(230): include()
#1 C:\laragon\www\kuro\vendor\codeigniter4\framework\system\View\View.php(232): CodeIgniter\View\View->CodeIgniter\View\{closure}()
#2 C:\laragon\www\kuro\vendor\codeigniter4\framework\system\Common.php(1271): CodeIgniter\View\View->render('Auth/login', Array, true)
#3 C:\laragon\www\kuro\app\Controllers\Auth.php(15): view('Auth/login', Array)
#4 C:\laragon\www\kuro\vendor\codeigniter4\framework\system\CodeIgniter.php(928): App\Controllers\Auth->login()
#5 C:\laragon\www\kuro\vendor\codeigniter4\framework\system\CodeIgniter.php(436): CodeIgniter\CodeIgniter->runController(Object(App\Controllers\Auth))
#6 C:\laragon\www\kuro\vendor\codeigniter4\framework\system\CodeIgniter.php(336): CodeIgniter\CodeIgniter->handleRequest(NULL, Object(Config\Cache), false)
#7 C:\laragon\www\kuro\public\index.php(37): CodeIgniter\CodeIgniter->run()
#8 {main}
CRITICAL - 2021-07-29 01:21:16 --> password_hash(): Unknown password hashing algorithm: BCRYPT
#0 [internal function]: CodeIgniter\Debug\Exceptions->errorHandler(2, 'password_hash()...', 'C:\\laragon\\www\\...', 13, Array)
#1 C:\laragon\www\kuro\app\Helpers\nata_helper.php(13): password_hash('ea3ae09426bdfa5...', 'BCRYPT')
#2 C:\laragon\www\kuro\app\Views\Auth\login.php(10): create_password('natanata')
#3 C:\laragon\www\kuro\vendor\codeigniter4\framework\system\View\View.php(230): include('C:\\laragon\\www\\...')
#4 C:\laragon\www\kuro\vendor\codeigniter4\framework\system\View\View.php(232): CodeIgniter\View\View->CodeIgniter\View\{closure}()
#5 C:\laragon\www\kuro\vendor\codeigniter4\framework\system\Common.php(1271): CodeIgniter\View\View->render('Auth/login', Array, true)
#6 C:\laragon\www\kuro\app\Controllers\Auth.php(15): view('Auth/login', Array)
#7 C:\laragon\www\kuro\vendor\codeigniter4\framework\system\CodeIgniter.php(928): App\Controllers\Auth->login()
#8 C:\laragon\www\kuro\vendor\codeigniter4\framework\system\CodeIgniter.php(436): CodeIgniter\CodeIgniter->runController(Object(App\Controllers\Auth))
#9 C:\laragon\www\kuro\vendor\codeigniter4\framework\system\CodeIgniter.php(336): CodeIgniter\CodeIgniter->handleRequest(NULL, Object(Config\Cache), false)
#10 C:\laragon\www\kuro\public\index.php(37): CodeIgniter\CodeIgniter->run()
#11 {main}
CRITICAL - 2021-07-29 01:21:46 --> password_hash(): Unknown password hashing algorithm: PASSWORD_BCRYPT 
#0 [internal function]: CodeIgniter\Debug\Exceptions->errorHandler(2, 'password_hash()...', 'C:\\laragon\\www\\...', 13, Array)
#1 C:\laragon\www\kuro\app\Helpers\nata_helper.php(13): password_hash('ea3ae09426bdfa5...', 'PASSWORD_BCRYPT...')
#2 C:\laragon\www\kuro\app\Views\Auth\login.php(10): create_password('natanata')
#3 C:\laragon\www\kuro\vendor\codeigniter4\framework\system\View\View.php(230): include('C:\\laragon\\www\\...')
#4 C:\laragon\www\kuro\vendor\codeigniter4\framework\system\View\View.php(232): CodeIgniter\View\View->CodeIgniter\View\{closure}()
#5 C:\laragon\www\kuro\vendor\codeigniter4\framework\system\Common.php(1271): CodeIgniter\View\View->render('Auth/login', Array, true)
#6 C:\laragon\www\kuro\app\Controllers\Auth.php(15): view('Auth/login', Array)
#7 C:\laragon\www\kuro\vendor\codeigniter4\framework\system\CodeIgniter.php(928): App\Controllers\Auth->login()
#8 C:\laragon\www\kuro\vendor\codeigniter4\framework\system\CodeIgniter.php(436): CodeIgniter\CodeIgniter->runController(Object(App\Controllers\Auth))
#9 C:\laragon\www\kuro\vendor\codeigniter4\framework\system\CodeIgniter.php(336): CodeIgniter\CodeIgniter->handleRequest(NULL, Object(Config\Cache), false)
#10 C:\laragon\www\kuro\public\index.php(37): CodeIgniter\CodeIgniter->run()
#11 {main}
CRITICAL - 2021-07-29 01:22:00 --> password_hash(): Unknown password hashing algorithm: PASSWORD_BCRYPT
#0 [internal function]: CodeIgniter\Debug\Exceptions->errorHandler(2, 'password_hash()...', 'C:\\laragon\\www\\...', 13, Array)
#1 C:\laragon\www\kuro\app\Helpers\nata_helper.php(13): password_hash('ea3ae09426bdfa5...', 'PASSWORD_BCRYPT')
#2 C:\laragon\www\kuro\app\Views\Auth\login.php(10): create_password('natanata')
#3 C:\laragon\www\kuro\vendor\codeigniter4\framework\system\View\View.php(230): include('C:\\laragon\\www\\...')
#4 C:\laragon\www\kuro\vendor\codeigniter4\framework\system\View\View.php(232): CodeIgniter\View\View->CodeIgniter\View\{closure}()
#5 C:\laragon\www\kuro\vendor\codeigniter4\framework\system\Common.php(1271): CodeIgniter\View\View->render('Auth/login', Array, true)
#6 C:\laragon\www\kuro\app\Controllers\Auth.php(15): view('Auth/login', Array)
#7 C:\laragon\www\kuro\vendor\codeigniter4\framework\system\CodeIgniter.php(928): App\Controllers\Auth->login()
#8 C:\laragon\www\kuro\vendor\codeigniter4\framework\system\CodeIgniter.php(436): CodeIgniter\CodeIgniter->runController(Object(App\Controllers\Auth))
#9 C:\laragon\www\kuro\vendor\codeigniter4\framework\system\CodeIgniter.php(336): CodeIgniter\CodeIgniter->handleRequest(NULL, Object(Config\Cache), false)
#10 C:\laragon\www\kuro\public\index.php(37): CodeIgniter\CodeIgniter->run()
#11 {main}
ERROR - 2021-07-29 01:33:24 --> Error connecting to the database: Access denied for user ''@'localhost' (using password: NO)
CRITICAL - 2021-07-29 01:33:24 --> Unable to connect to the database.
Main connection [MySQLi]: Access denied for user ''@'localhost' (using password: NO)
#0 C:\laragon\www\kuro\vendor\codeigniter4\framework\system\Database\BaseConnection.php(625): CodeIgniter\Database\BaseConnection->initialize()
#1 C:\laragon\www\kuro\vendor\codeigniter4\framework\system\Database\BaseBuilder.php(2049): CodeIgniter\Database\BaseConnection->query('SELECT *\nFROM `...', Array, false)
#2 C:\laragon\www\kuro\vendor\codeigniter4\framework\system\Model.php(800): CodeIgniter\Database\BaseBuilder->getWhere('id_users', 1)
#3 C:\laragon\www\kuro\app\Models\UserModel.php(18): CodeIgniter\Model->__call('getWhere', Array)
#4 C:\laragon\www\kuro\app\Controllers\Auth.php(20): App\Models\UserModel->getUser(1)
#5 C:\laragon\www\kuro\vendor\codeigniter4\framework\system\CodeIgniter.php(928): App\Controllers\Auth->index()
#6 C:\laragon\www\kuro\vendor\codeigniter4\framework\system\CodeIgniter.php(436): CodeIgniter\CodeIgniter->runController(Object(App\Controllers\Auth))
#7 C:\laragon\www\kuro\vendor\codeigniter4\framework\system\CodeIgniter.php(336): CodeIgniter\CodeIgniter->handleRequest(NULL, Object(Config\Cache), false)
#8 C:\laragon\www\kuro\public\index.php(37): CodeIgniter\CodeIgniter->run()
#9 {main}
CRITICAL - 2021-07-29 01:35:52 --> Call to undefined method CodeIgniter\Database\MySQLi\Result::first()
#0 C:\laragon\www\kuro\app\Controllers\Auth.php(20): App\Models\UserModel->getUser(1)
#1 C:\laragon\www\kuro\vendor\codeigniter4\framework\system\CodeIgniter.php(928): App\Controllers\Auth->index()
#2 C:\laragon\www\kuro\vendor\codeigniter4\framework\system\CodeIgniter.php(436): CodeIgniter\CodeIgniter->runController(Object(App\Controllers\Auth))
#3 C:\laragon\www\kuro\vendor\codeigniter4\framework\system\CodeIgniter.php(336): CodeIgniter\CodeIgniter->handleRequest(NULL, Object(Config\Cache), false)
#4 C:\laragon\www\kuro\public\index.php(37): CodeIgniter\CodeIgniter->run()
#5 {main}
CRITICAL - 2021-07-29 01:36:02 --> Call to undefined method CodeIgniter\Database\MySQLi\Result::getCurrent()
#0 C:\laragon\www\kuro\app\Controllers\Auth.php(20): App\Models\UserModel->getUser(1)
#1 C:\laragon\www\kuro\vendor\codeigniter4\framework\system\CodeIgniter.php(928): App\Controllers\Auth->index()
#2 C:\laragon\www\kuro\vendor\codeigniter4\framework\system\CodeIgniter.php(436): CodeIgniter\CodeIgniter->runController(Object(App\Controllers\Auth))
#3 C:\laragon\www\kuro\vendor\codeigniter4\framework\system\CodeIgniter.php(336): CodeIgniter\CodeIgniter->handleRequest(NULL, Object(Config\Cache), false)
#4 C:\laragon\www\kuro\public\index.php(37): CodeIgniter\CodeIgniter->run()
#5 {main}
CRITICAL - 2021-07-29 02:38:25 --> Too few arguments to function CodeIgniter\HTTP\RedirectResponse::to(), 0 passed in C:\laragon\www\kuro\app\Controllers\Auth.php on line 69 and at least 1 expected
#0 C:\laragon\www\kuro\app\Controllers\Auth.php(69): CodeIgniter\HTTP\RedirectResponse->to()
#1 C:\laragon\www\kuro\app\Controllers\Auth.php(27): App\Controllers\Auth->login_action()
#2 C:\laragon\www\kuro\vendor\codeigniter4\framework\system\CodeIgniter.php(928): App\Controllers\Auth->login()
#3 C:\laragon\www\kuro\vendor\codeigniter4\framework\system\CodeIgniter.php(436): CodeIgniter\CodeIgniter->runController(Object(App\Controllers\Auth))
#4 C:\laragon\www\kuro\vendor\codeigniter4\framework\system\CodeIgniter.php(336): CodeIgniter\CodeIgniter->handleRequest(NULL, Object(Config\Cache), false)
#5 C:\laragon\www\kuro\public\index.php(37): CodeIgniter\CodeIgniter->run()
#6 {main}
CRITICAL - 2021-07-29 02:57:23 --> password_verify() expects exactly 2 parameters, 3 given
#0 [internal function]: CodeIgniter\Debug\Exceptions->errorHandler(2, 'password_verify...', 'C:\\laragon\\www\\...', 75, Array)
#1 C:\laragon\www\kuro\app\Controllers\Auth.php(75): password_verify('758156fae27b806...', '2y', Array)
#2 C:\laragon\www\kuro\app\Controllers\Auth.php(27): App\Controllers\Auth->login_action()
#3 C:\laragon\www\kuro\vendor\codeigniter4\framework\system\CodeIgniter.php(928): App\Controllers\Auth->login()
#4 C:\laragon\www\kuro\vendor\codeigniter4\framework\system\CodeIgniter.php(436): CodeIgniter\CodeIgniter->runController(Object(App\Controllers\Auth))
#5 C:\laragon\www\kuro\vendor\codeigniter4\framework\system\CodeIgniter.php(336): CodeIgniter\CodeIgniter->handleRequest(NULL, Object(Config\Cache), false)
#6 C:\laragon\www\kuro\public\index.php(37): CodeIgniter\CodeIgniter->run()
#7 {main}
CRITICAL - 2021-07-29 03:24:10 -->  route cannot be found while reverse-routing.
#0 C:\laragon\www\kuro\vendor\codeigniter4\framework\system\HTTP\RedirectResponse.php(64): CodeIgniter\HTTP\Exceptions\HTTPException::forInvalidRedirectRoute('')
#1 C:\laragon\www\kuro\app\Controllers\Auth.php(26): CodeIgniter\HTTP\RedirectResponse->route(false)
#2 C:\laragon\www\kuro\vendor\codeigniter4\framework\system\CodeIgniter.php(928): App\Controllers\Auth->login()
#3 C:\laragon\www\kuro\vendor\codeigniter4\framework\system\CodeIgniter.php(436): CodeIgniter\CodeIgniter->runController(Object(App\Controllers\Auth))
#4 C:\laragon\www\kuro\vendor\codeigniter4\framework\system\CodeIgniter.php(336): CodeIgniter\CodeIgniter->handleRequest(NULL, Object(Config\Cache), false)
#5 C:\laragon\www\kuro\public\index.php(37): CodeIgniter\CodeIgniter->run()
#6 {main}
CRITICAL - 2021-07-29 12:15:41 --> Call to undefined method CodeIgniter\Session\Session::unset()
#0 C:\laragon\www\kuro\vendor\codeigniter4\framework\system\CodeIgniter.php(928): App\Controllers\Auth->logout()
#1 C:\laragon\www\kuro\vendor\codeigniter4\framework\system\CodeIgniter.php(436): CodeIgniter\CodeIgniter->runController(Object(App\Controllers\Auth))
#2 C:\laragon\www\kuro\vendor\codeigniter4\framework\system\CodeIgniter.php(336): CodeIgniter\CodeIgniter->handleRequest(NULL, Object(Config\Cache), false)
#3 C:\laragon\www\kuro\public\index.php(37): CodeIgniter\CodeIgniter->run()
#4 {main}
CRITICAL - 2021-07-29 12:16:44 --> Call to undefined method CodeIgniter\Session\Session::delete()
#0 C:\laragon\www\kuro\vendor\codeigniter4\framework\system\CodeIgniter.php(928): App\Controllers\Auth->logout()
#1 C:\laragon\www\kuro\vendor\codeigniter4\framework\system\CodeIgniter.php(436): CodeIgniter\CodeIgniter->runController(Object(App\Controllers\Auth))
#2 C:\laragon\www\kuro\vendor\codeigniter4\framework\system\CodeIgniter.php(336): CodeIgniter\CodeIgniter->handleRequest(NULL, Object(Config\Cache), false)
#3 C:\laragon\www\kuro\public\index.php(37): CodeIgniter\CodeIgniter->run()
#4 {main}
CRITICAL - 2021-07-29 12:51:28 --> Undefined variable: msg
#0 C:\laragon\www\kuro\app\Models\UserModel.php(40): CodeIgniter\Debug\Exceptions->errorHandler(8, 'Undefined varia...', 'C:\\laragon\\www\\...', 40, Array)
#1 C:\laragon\www\kuro\app\Filters\AuthFilter.php(19): App\Models\UserModel->checkAuthFilter()
#2 C:\laragon\www\kuro\vendor\codeigniter4\framework\system\Filters\Filters.php(181): App\Filters\AuthFilter->before(Object(CodeIgniter\HTTP\IncomingRequest), NULL)
#3 C:\laragon\www\kuro\vendor\codeigniter4\framework\system\CodeIgniter.php(407): CodeIgniter\Filters\Filters->run('dashboard', 'before')
#4 C:\laragon\www\kuro\vendor\codeigniter4\framework\system\CodeIgniter.php(336): CodeIgniter\CodeIgniter->handleRequest(NULL, Object(Config\Cache), false)
#5 C:\laragon\www\kuro\public\index.php(37): CodeIgniter\CodeIgniter->run()
#6 {main}
CRITICAL - 2021-07-29 12:52:58 --> Call to undefined method CodeIgniter\Session\Session::unset()
#0 C:\laragon\www\kuro\app\Models\UserModel.php(42): App\Models\UserModel->AuthSessionLogout('Session account...')
#1 C:\laragon\www\kuro\app\Filters\AuthFilter.php(19): App\Models\UserModel->checkAuthFilter()
#2 C:\laragon\www\kuro\vendor\codeigniter4\framework\system\Filters\Filters.php(181): App\Filters\AuthFilter->before(Object(CodeIgniter\HTTP\IncomingRequest), NULL)
#3 C:\laragon\www\kuro\vendor\codeigniter4\framework\system\CodeIgniter.php(407): CodeIgniter\Filters\Filters->run('dashboard', 'before')
#4 C:\laragon\www\kuro\vendor\codeigniter4\framework\system\CodeIgniter.php(336): CodeIgniter\CodeIgniter->handleRequest(NULL, Object(Config\Cache), false)
#5 C:\laragon\www\kuro\public\index.php(37): CodeIgniter\CodeIgniter->run()
#6 {main}
CRITICAL - 2021-07-29 14:03:12 --> Class 'Config\AdminFilter' not found
#0 C:\laragon\www\kuro\vendor\codeigniter4\framework\system\CodeIgniter.php(407): CodeIgniter\Filters\Filters->run('admin/create-re...', 'before')
#1 C:\laragon\www\kuro\vendor\codeigniter4\framework\system\CodeIgniter.php(336): CodeIgniter\CodeIgniter->handleRequest(NULL, Object(Config\Cache), false)
#2 C:\laragon\www\kuro\public\index.php(37): CodeIgniter\CodeIgniter->run()
#3 {main}
CRITICAL - 2021-07-29 14:03:34 --> Class 'Config\AdminFilter' not found
#0 C:\laragon\www\kuro\vendor\codeigniter4\framework\system\CodeIgniter.php(407): CodeIgniter\Filters\Filters->run('admin/create-re...', 'before')
#1 C:\laragon\www\kuro\vendor\codeigniter4\framework\system\CodeIgniter.php(336): CodeIgniter\CodeIgniter->handleRequest(NULL, Object(Config\Cache), false)
#2 C:\laragon\www\kuro\public\index.php(37): CodeIgniter\CodeIgniter->run()
#3 {main}
CRITICAL - 2021-07-29 14:03:35 --> Class 'Config\AdminFilter' not found
#0 C:\laragon\www\kuro\vendor\codeigniter4\framework\system\CodeIgniter.php(407): CodeIgniter\Filters\Filters->run('admin/create-re...', 'before')
#1 C:\laragon\www\kuro\vendor\codeigniter4\framework\system\CodeIgniter.php(336): CodeIgniter\CodeIgniter->handleRequest(NULL, Object(Config\Cache), false)
#2 C:\laragon\www\kuro\public\index.php(37): CodeIgniter\CodeIgniter->run()
#3 {main}
CRITICAL - 2021-07-29 14:36:20 --> include(Layout/msgStatus): failed to open stream: No such file or directory
#0 C:\laragon\www\kuro\app\Views\Admin\referral.php(10): CodeIgniter\Debug\Exceptions->errorHandler(2, 'include(Layout/...', 'C:\\laragon\\www\\...', 10, Array)
#1 C:\laragon\www\kuro\app\Views\Admin\referral.php(10): include()
#2 C:\laragon\www\kuro\vendor\codeigniter4\framework\system\View\View.php(230): include('C:\\laragon\\www\\...')
#3 C:\laragon\www\kuro\vendor\codeigniter4\framework\system\View\View.php(232): CodeIgniter\View\View->CodeIgniter\View\{closure}()
#4 C:\laragon\www\kuro\vendor\codeigniter4\framework\system\Common.php(1271): CodeIgniter\View\View->render('Admin/referral', Array, true)
#5 C:\laragon\www\kuro\app\Controllers\User.php(45): view('Admin/referral', Array)
#6 C:\laragon\www\kuro\vendor\codeigniter4\framework\system\CodeIgniter.php(928): App\Controllers\User->ref_index()
#7 C:\laragon\www\kuro\vendor\codeigniter4\framework\system\CodeIgniter.php(436): CodeIgniter\CodeIgniter->runController(Object(App\Controllers\User))
#8 C:\laragon\www\kuro\vendor\codeigniter4\framework\system\CodeIgniter.php(336): CodeIgniter\CodeIgniter->handleRequest(NULL, Object(Config\Cache), false)
#9 C:\laragon\www\kuro\public\index.php(37): CodeIgniter\CodeIgniter->run()
#10 {main}
CRITICAL - 2021-07-29 14:36:42 --> include(/Layout/msgStatus): failed to open stream: No such file or directory
#0 C:\laragon\www\kuro\app\Views\Admin\referral.php(10): CodeIgniter\Debug\Exceptions->errorHandler(2, 'include(/Layout...', 'C:\\laragon\\www\\...', 10, Array)
#1 C:\laragon\www\kuro\app\Views\Admin\referral.php(10): include()
#2 C:\laragon\www\kuro\vendor\codeigniter4\framework\system\View\View.php(230): include('C:\\laragon\\www\\...')
#3 C:\laragon\www\kuro\vendor\codeigniter4\framework\system\View\View.php(232): CodeIgniter\View\View->CodeIgniter\View\{closure}()
#4 C:\laragon\www\kuro\vendor\codeigniter4\framework\system\Common.php(1271): CodeIgniter\View\View->render('Admin/referral', Array, true)
#5 C:\laragon\www\kuro\app\Controllers\User.php(45): view('Admin/referral', Array)
#6 C:\laragon\www\kuro\vendor\codeigniter4\framework\system\CodeIgniter.php(928): App\Controllers\User->ref_index()
#7 C:\laragon\www\kuro\vendor\codeigniter4\framework\system\CodeIgniter.php(436): CodeIgniter\CodeIgniter->runController(Object(App\Controllers\User))
#8 C:\laragon\www\kuro\vendor\codeigniter4\framework\system\CodeIgniter.php(336): CodeIgniter\CodeIgniter->handleRequest(NULL, Object(Config\Cache), false)
#9 C:\laragon\www\kuro\public\index.php(37): CodeIgniter\CodeIgniter->run()
#10 {main}
CRITICAL - 2021-07-29 15:08:00 --> Trying to get property 'id_reff' of non-object
#0 C:\laragon\www\kuro\app\Views\Admin\referral.php(48): CodeIgniter\Debug\Exceptions->errorHandler(8, 'Trying to get p...', 'C:\\laragon\\www\\...', 48, Array)
#1 C:\laragon\www\kuro\vendor\codeigniter4\framework\system\View\View.php(230): include('C:\\laragon\\www\\...')
#2 C:\laragon\www\kuro\vendor\codeigniter4\framework\system\View\View.php(232): CodeIgniter\View\View->CodeIgniter\View\{closure}()
#3 C:\laragon\www\kuro\vendor\codeigniter4\framework\system\Common.php(1271): CodeIgniter\View\View->render('Admin/referral', Array, true)
#4 C:\laragon\www\kuro\app\Controllers\User.php(48): view('Admin/referral', Array)
#5 C:\laragon\www\kuro\vendor\codeigniter4\framework\system\CodeIgniter.php(928): App\Controllers\User->ref_index()
#6 C:\laragon\www\kuro\vendor\codeigniter4\framework\system\CodeIgniter.php(436): CodeIgniter\CodeIgniter->runController(Object(App\Controllers\User))
#7 C:\laragon\www\kuro\vendor\codeigniter4\framework\system\CodeIgniter.php(336): CodeIgniter\CodeIgniter->handleRequest(NULL, Object(Config\Cache), false)
#8 C:\laragon\www\kuro\public\index.php(37): CodeIgniter\CodeIgniter->run()
#9 {main}
CRITICAL - 2021-07-29 15:08:24 --> Trying to get property 'id_reff' of non-object
#0 C:\laragon\www\kuro\app\Views\Admin\referral.php(48): CodeIgniter\Debug\Exceptions->errorHandler(8, 'Trying to get p...', 'C:\\laragon\\www\\...', 48, Array)
#1 C:\laragon\www\kuro\vendor\codeigniter4\framework\system\View\View.php(230): include('C:\\laragon\\www\\...')
#2 C:\laragon\www\kuro\vendor\codeigniter4\framework\system\View\View.php(232): CodeIgniter\View\View->CodeIgniter\View\{closure}()
#3 C:\laragon\www\kuro\vendor\codeigniter4\framework\system\Common.php(1271): CodeIgniter\View\View->render('Admin/referral', Array, true)
#4 C:\laragon\www\kuro\app\Controllers\User.php(48): view('Admin/referral', Array)
#5 C:\laragon\www\kuro\vendor\codeigniter4\framework\system\CodeIgniter.php(928): App\Controllers\User->ref_index()
#6 C:\laragon\www\kuro\vendor\codeigniter4\framework\system\CodeIgniter.php(436): CodeIgniter\CodeIgniter->runController(Object(App\Controllers\User))
#7 C:\laragon\www\kuro\vendor\codeigniter4\framework\system\CodeIgniter.php(336): CodeIgniter\CodeIgniter->handleRequest(NULL, Object(Config\Cache), false)
#8 C:\laragon\www\kuro\public\index.php(37): CodeIgniter\CodeIgniter->run()
#9 {main}
CRITICAL - 2021-07-29 15:08:36 --> Trying to get property 'id_reff' of non-object
#0 C:\laragon\www\kuro\app\Views\Admin\referral.php(48): CodeIgniter\Debug\Exceptions->errorHandler(8, 'Trying to get p...', 'C:\\laragon\\www\\...', 48, Array)
#1 C:\laragon\www\kuro\vendor\codeigniter4\framework\system\View\View.php(230): include('C:\\laragon\\www\\...')
#2 C:\laragon\www\kuro\vendor\codeigniter4\framework\system\View\View.php(232): CodeIgniter\View\View->CodeIgniter\View\{closure}()
#3 C:\laragon\www\kuro\vendor\codeigniter4\framework\system\Common.php(1271): CodeIgniter\View\View->render('Admin/referral', Array, true)
#4 C:\laragon\www\kuro\app\Controllers\User.php(48): view('Admin/referral', Array)
#5 C:\laragon\www\kuro\vendor\codeigniter4\framework\system\CodeIgniter.php(928): App\Controllers\User->ref_index()
#6 C:\laragon\www\kuro\vendor\codeigniter4\framework\system\CodeIgniter.php(436): CodeIgniter\CodeIgniter->runController(Object(App\Controllers\User))
#7 C:\laragon\www\kuro\vendor\codeigniter4\framework\system\CodeIgniter.php(336): CodeIgniter\CodeIgniter->handleRequest(NULL, Object(Config\Cache), false)
#8 C:\laragon\www\kuro\public\index.php(37): CodeIgniter\CodeIgniter->run()
#9 {main}
CRITICAL - 2021-07-29 15:08:48 --> Trying to get property 'id_reff' of non-object
#0 C:\laragon\www\kuro\app\Views\Admin\referral.php(48): CodeIgniter\Debug\Exceptions->errorHandler(8, 'Trying to get p...', 'C:\\laragon\\www\\...', 48, Array)
#1 C:\laragon\www\kuro\vendor\codeigniter4\framework\system\View\View.php(230): include('C:\\laragon\\www\\...')
#2 C:\laragon\www\kuro\vendor\codeigniter4\framework\system\View\View.php(232): CodeIgniter\View\View->CodeIgniter\View\{closure}()
#3 C:\laragon\www\kuro\vendor\codeigniter4\framework\system\Common.php(1271): CodeIgniter\View\View->render('Admin/referral', Array, true)
#4 C:\laragon\www\kuro\app\Controllers\User.php(48): view('Admin/referral', Array)
#5 C:\laragon\www\kuro\vendor\codeigniter4\framework\system\CodeIgniter.php(928): App\Controllers\User->ref_index()
#6 C:\laragon\www\kuro\vendor\codeigniter4\framework\system\CodeIgniter.php(436): CodeIgniter\CodeIgniter->runController(Object(App\Controllers\User))
#7 C:\laragon\www\kuro\vendor\codeigniter4\framework\system\CodeIgniter.php(336): CodeIgniter\CodeIgniter->handleRequest(NULL, Object(Config\Cache), false)
#8 C:\laragon\www\kuro\public\index.php(37): CodeIgniter\CodeIgniter->run()
#9 {main}
CRITICAL - 2021-07-29 15:08:49 --> Trying to get property 'id_reff' of non-object
#0 C:\laragon\www\kuro\app\Views\Admin\referral.php(48): CodeIgniter\Debug\Exceptions->errorHandler(8, 'Trying to get p...', 'C:\\laragon\\www\\...', 48, Array)
#1 C:\laragon\www\kuro\vendor\codeigniter4\framework\system\View\View.php(230): include('C:\\laragon\\www\\...')
#2 C:\laragon\www\kuro\vendor\codeigniter4\framework\system\View\View.php(232): CodeIgniter\View\View->CodeIgniter\View\{closure}()
#3 C:\laragon\www\kuro\vendor\codeigniter4\framework\system\Common.php(1271): CodeIgniter\View\View->render('Admin/referral', Array, true)
#4 C:\laragon\www\kuro\app\Controllers\User.php(48): view('Admin/referral', Array)
#5 C:\laragon\www\kuro\vendor\codeigniter4\framework\system\CodeIgniter.php(928): App\Controllers\User->ref_index()
#6 C:\laragon\www\kuro\vendor\codeigniter4\framework\system\CodeIgniter.php(436): CodeIgniter\CodeIgniter->runController(Object(App\Controllers\User))
#7 C:\laragon\www\kuro\vendor\codeigniter4\framework\system\CodeIgniter.php(336): CodeIgniter\CodeIgniter->handleRequest(NULL, Object(Config\Cache), false)
#8 C:\laragon\www\kuro\public\index.php(37): CodeIgniter\CodeIgniter->run()
#9 {main}
CRITICAL - 2021-07-29 15:52:03 --> A non well formed numeric value encountered
#0 C:\laragon\www\kuro\vendor\codeigniter4\framework\system\Database\BaseBuilder.php(2035): CodeIgniter\Debug\Exceptions->errorHandler(8, 'A non well form...', 'C:\\laragon\\www\\...', 2035, Array)
#1 C:\laragon\www\kuro\vendor\codeigniter4\framework\system\Model.php(800): CodeIgniter\Database\BaseBuilder->getWhere('code', '0cbcdfff28ff8ae...')
#2 C:\laragon\www\kuro\app\Models\CodeModel.php(34): CodeIgniter\Model->__call('getWhere', Array)
#3 C:\laragon\www\kuro\app\Controllers\Auth.php(43): App\Models\CodeModel->checkCode('1057RT')
#4 C:\laragon\www\kuro\vendor\codeigniter4\framework\system\CodeIgniter.php(928): App\Controllers\Auth->register()
#5 C:\laragon\www\kuro\vendor\codeigniter4\framework\system\CodeIgniter.php(436): CodeIgniter\CodeIgniter->runController(Object(App\Controllers\Auth))
#6 C:\laragon\www\kuro\vendor\codeigniter4\framework\system\CodeIgniter.php(336): CodeIgniter\CodeIgniter->handleRequest(NULL, Object(Config\Cache), false)
#7 C:\laragon\www\kuro\public\index.php(37): CodeIgniter\CodeIgniter->run()
#8 {main}
CRITICAL - 2021-07-29 15:53:53 --> A non well formed numeric value encountered
#0 C:\laragon\www\kuro\vendor\codeigniter4\framework\system\Database\BaseBuilder.php(2035): CodeIgniter\Debug\Exceptions->errorHandler(8, 'A non well form...', 'C:\\laragon\\www\\...', 2035, Array)
#1 C:\laragon\www\kuro\vendor\codeigniter4\framework\system\Model.php(800): CodeIgniter\Database\BaseBuilder->getWhere('code', '0cbcdfff28ff8ae...')
#2 C:\laragon\www\kuro\app\Models\CodeModel.php(35): CodeIgniter\Model->__call('getWhere', Array)
#3 C:\laragon\www\kuro\app\Controllers\Auth.php(43): App\Models\CodeModel->checkCode('1057RT')
#4 C:\laragon\www\kuro\vendor\codeigniter4\framework\system\CodeIgniter.php(928): App\Controllers\Auth->register()
#5 C:\laragon\www\kuro\vendor\codeigniter4\framework\system\CodeIgniter.php(436): CodeIgniter\CodeIgniter->runController(Object(App\Controllers\Auth))
#6 C:\laragon\www\kuro\vendor\codeigniter4\framework\system\CodeIgniter.php(336): CodeIgniter\CodeIgniter->handleRequest(NULL, Object(Config\Cache), false)
#7 C:\laragon\www\kuro\public\index.php(37): CodeIgniter\CodeIgniter->run()
#8 {main}
CRITICAL - 2021-07-29 15:54:49 --> Call to undefined method CodeIgniter\Database\MySQLi\Result::getCurrentRow()
#0 C:\laragon\www\kuro\app\Controllers\Auth.php(43): App\Models\CodeModel->checkCode('1057RT')
#1 C:\laragon\www\kuro\vendor\codeigniter4\framework\system\CodeIgniter.php(928): App\Controllers\Auth->register()
#2 C:\laragon\www\kuro\vendor\codeigniter4\framework\system\CodeIgniter.php(436): CodeIgniter\CodeIgniter->runController(Object(App\Controllers\Auth))
#3 C:\laragon\www\kuro\vendor\codeigniter4\framework\system\CodeIgniter.php(336): CodeIgniter\CodeIgniter->handleRequest(NULL, Object(Config\Cache), false)
#4 C:\laragon\www\kuro\public\index.php(37): CodeIgniter\CodeIgniter->run()
#5 {main}
CRITICAL - 2021-07-29 15:54:55 --> Call to undefined method CodeIgniter\Database\MySQLi\Result::getCurrent()
#0 C:\laragon\www\kuro\app\Controllers\Auth.php(43): App\Models\CodeModel->checkCode('1057RT')
#1 C:\laragon\www\kuro\vendor\codeigniter4\framework\system\CodeIgniter.php(928): App\Controllers\Auth->register()
#2 C:\laragon\www\kuro\vendor\codeigniter4\framework\system\CodeIgniter.php(436): CodeIgniter\CodeIgniter->runController(Object(App\Controllers\Auth))
#3 C:\laragon\www\kuro\vendor\codeigniter4\framework\system\CodeIgniter.php(336): CodeIgniter\CodeIgniter->handleRequest(NULL, Object(Config\Cache), false)
#4 C:\laragon\www\kuro\public\index.php(37): CodeIgniter\CodeIgniter->run()
#5 {main}
CRITICAL - 2021-07-29 16:14:28 --> Allowed fields must be specified for model: App\Models\UserModel
#0 C:\laragon\www\kuro\vendor\codeigniter4\framework\system\BaseModel.php(1205): CodeIgniter\Database\Exceptions\DataException::forInvalidAllowedFields('App\\Models\\User...')
#1 C:\laragon\www\kuro\vendor\codeigniter4\framework\system\BaseModel.php(745): CodeIgniter\BaseModel->doProtectFields(Array)
#2 C:\laragon\www\kuro\vendor\codeigniter4\framework\system\Model.php(686): CodeIgniter\BaseModel->insert(Array, true)
#3 C:\laragon\www\kuro\app\Controllers\Auth.php(151): CodeIgniter\Model->insert(Array, true)
#4 C:\laragon\www\kuro\app\Controllers\Auth.php(47): App\Controllers\Auth->register_action()
#5 C:\laragon\www\kuro\vendor\codeigniter4\framework\system\CodeIgniter.php(928): App\Controllers\Auth->register()
#6 C:\laragon\www\kuro\vendor\codeigniter4\framework\system\CodeIgniter.php(436): CodeIgniter\CodeIgniter->runController(Object(App\Controllers\Auth))
#7 C:\laragon\www\kuro\vendor\codeigniter4\framework\system\CodeIgniter.php(336): CodeIgniter\CodeIgniter->handleRequest(NULL, Object(Config\Cache), false)
#8 C:\laragon\www\kuro\public\index.php(37): CodeIgniter\CodeIgniter->run()
#9 {main}
CRITICAL - 2021-07-29 16:15:23 --> Argument 2 passed to CodeIgniter\HTTP\RedirectResponse::to() must be of the type int or null, string given, called in C:\laragon\www\kuro\app\Controllers\Auth.php on line 155
#0 C:\laragon\www\kuro\app\Controllers\Auth.php(155): CodeIgniter\HTTP\RedirectResponse->to('login', 'msgSuccess', 'Register Succes...')
#1 C:\laragon\www\kuro\app\Controllers\Auth.php(47): App\Controllers\Auth->register_action()
#2 C:\laragon\www\kuro\vendor\codeigniter4\framework\system\CodeIgniter.php(928): App\Controllers\Auth->register()
#3 C:\laragon\www\kuro\vendor\codeigniter4\framework\system\CodeIgniter.php(436): CodeIgniter\CodeIgniter->runController(Object(App\Controllers\Auth))
#4 C:\laragon\www\kuro\vendor\codeigniter4\framework\system\CodeIgniter.php(336): CodeIgniter\CodeIgniter->handleRequest(NULL, Object(Config\Cache), false)
#5 C:\laragon\www\kuro\public\index.php(37): CodeIgniter\CodeIgniter->run()
#6 {main}
CRITICAL - 2021-07-29 17:43:59 --> Call to undefined method CodeIgniter\I18n\Time::getMinutes()
#0 C:\laragon\www\kuro\vendor\codeigniter4\framework\system\View\View.php(230): include()
#1 C:\laragon\www\kuro\vendor\codeigniter4\framework\system\View\View.php(232): CodeIgniter\View\View->CodeIgniter\View\{closure}()
#2 C:\laragon\www\kuro\vendor\codeigniter4\framework\system\Common.php(1271): CodeIgniter\View\View->render('User/dashboard', Array, true)
#3 C:\laragon\www\kuro\app\Controllers\User.php(27): view('User/dashboard', Array)
#4 C:\laragon\www\kuro\vendor\codeigniter4\framework\system\CodeIgniter.php(928): App\Controllers\User->index()
#5 C:\laragon\www\kuro\vendor\codeigniter4\framework\system\CodeIgniter.php(436): CodeIgniter\CodeIgniter->runController(Object(App\Controllers\User))
#6 C:\laragon\www\kuro\vendor\codeigniter4\framework\system\CodeIgniter.php(336): CodeIgniter\CodeIgniter->handleRequest(NULL, Object(Config\Cache), false)
#7 C:\laragon\www\kuro\public\index.php(37): CodeIgniter\CodeIgniter->run()
#8 {main}
CRITICAL - 2021-07-29 23:01:06 --> Undefined variable: member
#0 C:\laragon\www\kuro\app\Views\Admin\users.php(11): CodeIgniter\Debug\Exceptions->errorHandler(8, 'Undefined varia...', 'C:\\laragon\\www\\...', 11, Array)
#1 C:\laragon\www\kuro\vendor\codeigniter4\framework\system\View\View.php(230): include('C:\\laragon\\www\\...')
#2 C:\laragon\www\kuro\vendor\codeigniter4\framework\system\View\View.php(232): CodeIgniter\View\View->CodeIgniter\View\{closure}()
#3 C:\laragon\www\kuro\vendor\codeigniter4\framework\system\Common.php(1271): CodeIgniter\View\View->render('Admin/users', Array, true)
#4 C:\laragon\www\kuro\app\Controllers\User.php(98): view('Admin/users', Array)
#5 C:\laragon\www\kuro\vendor\codeigniter4\framework\system\CodeIgniter.php(928): App\Controllers\User->manage_users()
#6 C:\laragon\www\kuro\vendor\codeigniter4\framework\system\CodeIgniter.php(436): CodeIgniter\CodeIgniter->runController(Object(App\Controllers\User))
#7 C:\laragon\www\kuro\vendor\codeigniter4\framework\system\CodeIgniter.php(336): CodeIgniter\CodeIgniter->handleRequest(NULL, Object(Config\Cache), false)
#8 C:\laragon\www\kuro\public\index.php(37): CodeIgniter\CodeIgniter->run()
#9 {main}
CRITICAL - 2021-07-29 23:48:52 --> Call to undefined method App\Models\UserModel::getUserList
#0 C:\laragon\www\kuro\app\Controllers\User.php(101): CodeIgniter\Model->__call('getUserList', Array)
#1 C:\laragon\www\kuro\vendor\codeigniter4\framework\system\CodeIgniter.php(928): App\Controllers\User->manage_users()
#2 C:\laragon\www\kuro\vendor\codeigniter4\framework\system\CodeIgniter.php(436): CodeIgniter\CodeIgniter->runController(Object(App\Controllers\User))
#3 C:\laragon\www\kuro\vendor\codeigniter4\framework\system\CodeIgniter.php(336): CodeIgniter\CodeIgniter->handleRequest(NULL, Object(Config\Cache), false)
#4 C:\laragon\www\kuro\public\index.php(37): CodeIgniter\CodeIgniter->run()
#5 {main}
CRITICAL - 2021-07-29 23:52:36 --> Call to undefined method App\Models\UserModel::getResultObject
#0 C:\laragon\www\kuro\app\Models\UserModel.php(31): CodeIgniter\Model->__call('getResultObject', Array)
#1 C:\laragon\www\kuro\app\Controllers\User.php(101): App\Models\UserModel->getUserList()
#2 C:\laragon\www\kuro\vendor\codeigniter4\framework\system\CodeIgniter.php(928): App\Controllers\User->manage_users()
#3 C:\laragon\www\kuro\vendor\codeigniter4\framework\system\CodeIgniter.php(436): CodeIgniter\CodeIgniter->runController(Object(App\Controllers\User))
#4 C:\laragon\www\kuro\vendor\codeigniter4\framework\system\CodeIgniter.php(336): CodeIgniter\CodeIgniter->handleRequest(NULL, Object(Config\Cache), false)
#5 C:\laragon\www\kuro\public\index.php(37): CodeIgniter\CodeIgniter->run()
#6 {main}
