CRITICAL - 2021-07-28 17:37:25 --> Call to undefined function form_open()
#0 C:\laragon\www\kuro\vendor\codeigniter4\framework\system\View\View.php(230): include()
#1 C:\laragon\www\kuro\vendor\codeigniter4\framework\system\View\View.php(232): CodeIgniter\View\View->CodeIgniter\View\{closure}()
#2 C:\laragon\www\kuro\vendor\codeigniter4\framework\system\Common.php(1271): CodeIgniter\View\View->render('Auth/login', Array, true)
#3 C:\laragon\www\kuro\app\Controllers\Auth.php(15): view('Auth/login', Array)
#4 C:\laragon\www\kuro\vendor\codeigniter4\framework\system\CodeIgniter.php(928): App\Controllers\Auth->login()
#5 C:\laragon\www\kuro\vendor\codeigniter4\framework\system\CodeIgniter.php(436): CodeIgniter\CodeIgniter->runController(Object(App\Controllers\Auth))
#6 C:\laragon\www\kuro\vendor\codeigniter4\framework\system\CodeIgniter.php(336): CodeIgniter\CodeIgniter->handleRequest(NULL, Object(Config\Cache), false)
#7 C:\laragon\www\kuro\public\index.php(37): CodeIgniter\CodeIgniter->run()
#8 {main}
CRITICAL - 2021-07-28 17:38:00 --> Call to undefined function form_open()
#0 C:\laragon\www\kuro\vendor\codeigniter4\framework\system\View\View.php(230): include()
#1 C:\laragon\www\kuro\vendor\codeigniter4\framework\system\View\View.php(232): CodeIgniter\View\View->CodeIgniter\View\{closure}()
#2 C:\laragon\www\kuro\vendor\codeigniter4\framework\system\Common.php(1271): CodeIgniter\View\View->render('Auth/login', Array, true)
#3 C:\laragon\www\kuro\app\Controllers\Auth.php(15): view('Auth/login', Array)
#4 C:\laragon\www\kuro\vendor\codeigniter4\framework\system\CodeIgniter.php(928): App\Controllers\Auth->login()
#5 C:\laragon\www\kuro\vendor\codeigniter4\framework\system\CodeIgniter.php(436): CodeIgniter\CodeIgniter->runController(Object(App\Controllers\Auth))
#6 C:\laragon\www\kuro\vendor\codeigniter4\framework\system\CodeIgniter.php(336): CodeIgniter\CodeIgniter->handleRequest(NULL, Object(Config\Cache), false)
#7 C:\laragon\www\kuro\public\index.php(37): CodeIgniter\CodeIgniter->run()
#8 {main}
CRITICAL - 2021-07-28 17:38:09 --> Call to undefined function form_open()
#0 C:\laragon\www\kuro\vendor\codeigniter4\framework\system\View\View.php(230): include()
#1 C:\laragon\www\kuro\vendor\codeigniter4\framework\system\View\View.php(232): CodeIgniter\View\View->CodeIgniter\View\{closure}()
#2 C:\laragon\www\kuro\vendor\codeigniter4\framework\system\Common.php(1271): CodeIgniter\View\View->render('Auth/login', Array, true)
#3 C:\laragon\www\kuro\app\Controllers\Auth.php(15): view('Auth/login', Array)
#4 C:\laragon\www\kuro\vendor\codeigniter4\framework\system\CodeIgniter.php(928): App\Controllers\Auth->login()
#5 C:\laragon\www\kuro\vendor\codeigniter4\framework\system\CodeIgniter.php(436): CodeIgniter\CodeIgniter->runController(Object(App\Controllers\Auth))
#6 C:\laragon\www\kuro\vendor\codeigniter4\framework\system\CodeIgniter.php(336): CodeIgniter\CodeIgniter->handleRequest(NULL, Object(Config\Cache), false)
#7 C:\laragon\www\kuro\public\index.php(37): CodeIgniter\CodeIgniter->run()
#8 {main}
CRITICAL - 2021-07-28 17:38:45 --> date_default_timezone_set(): Timezone ID 'Indonesia/Jakarta' is invalid
#0 [internal function]: CodeIgniter\Debug\Exceptions->errorHandler(8, 'date_default_ti...', 'C:\\laragon\\www\\...', 187, Array)
#1 C:\laragon\www\kuro\vendor\codeigniter4\framework\system\CodeIgniter.php(187): date_default_timezone_set('Indonesia/Jakar...')
#2 C:\laragon\www\kuro\vendor\codeigniter4\framework\system\bootstrap.php(157): CodeIgniter\CodeIgniter->initialize()
#3 C:\laragon\www\kuro\public\index.php(28): require('C:\\laragon\\www\\...')
#4 {main}
CRITICAL - 2021-07-28 17:39:08 --> date_default_timezone_set(): Timezone ID 'Jakarta/Indonesia' is invalid
#0 [internal function]: CodeIgniter\Debug\Exceptions->errorHandler(8, 'date_default_ti...', 'C:\\laragon\\www\\...', 187, Array)
#1 C:\laragon\www\kuro\vendor\codeigniter4\framework\system\CodeIgniter.php(187): date_default_timezone_set('Jakarta/Indones...')
#2 C:\laragon\www\kuro\vendor\codeigniter4\framework\system\bootstrap.php(157): CodeIgniter\CodeIgniter->initialize()
#3 C:\laragon\www\kuro\public\index.php(28): require('C:\\laragon\\www\\...')
#4 {main}
